mode: set
github.com/devuser/aetherstream/pkg/audit/audit.go:15.36,17.2 1 1
github.com/devuser/aetherstream/pkg/audit/audit.go:20.34,38.45 2 1
github.com/devuser/aetherstream/pkg/audit/audit.go:38.45,40.3 1 0
github.com/devuser/aetherstream/pkg/audit/audit.go:41.2,41.12 1 1
github.com/devuser/aetherstream/pkg/audit/audit.go:58.31,60.12 1 1
github.com/devuser/aetherstream/pkg/audit/audit.go:60.12,66.3 1 1
github.com/devuser/aetherstream/pkg/audit/audit.go:70.52,71.16 1 1
github.com/devuser/aetherstream/pkg/audit/audit.go:71.16,73.3 1 0
github.com/devuser/aetherstream/pkg/audit/audit.go:74.2,77.16 2 1
github.com/devuser/aetherstream/pkg/audit/audit.go:77.16,79.3 1 0
github.com/devuser/aetherstream/pkg/audit/audit.go:80.2,83.18 3 1
github.com/devuser/aetherstream/pkg/audit/audit.go:83.18,86.136 3 1
github.com/devuser/aetherstream/pkg/audit/audit.go:86.136,87.12 1 0
github.com/devuser/aetherstream/pkg/audit/audit.go:89.3,90.27 2 1
github.com/devuser/aetherstream/pkg/audit/audit.go:90.27,92.4 1 0
github.com/devuser/aetherstream/pkg/audit/audit.go:93.3,93.29 1 1
github.com/devuser/aetherstream/pkg/audit/audit.go:95.2,95.20 1 1
github.com/devuser/aetherstream/pkg/cache/cache.go:34.41,35.18 1 1
github.com/devuser/aetherstream/pkg/cache/cache.go:35.18,37.3 1 1
github.com/devuser/aetherstream/pkg/cache/cache.go:38.2,42.3 1 1
github.com/devuser/aetherstream/pkg/cache/cache.go:47.56,52.9 4 1
github.com/devuser/aetherstream/pkg/cache/cache.go:52.9,54.3 1 1
github.com/devuser/aetherstream/pkg/cache/cache.go:56.2,57.35 2 1
github.com/devuser/aetherstream/pkg/cache/cache.go:57.35,60.3 2 1
github.com/devuser/aetherstream/pkg/cache/cache.go:62.2,63.22 2 1
github.com/devuser/aetherstream/pkg/cache/cache.go:67.74,71.32 3 1
github.com/devuser/aetherstream/pkg/cache/cache.go:71.32,76.3 4 1
github.com/devuser/aetherstream/pkg/cache/cache.go:78.2,86.31 4 1
github.com/devuser/aetherstream/pkg/cache/cache.go:86.31,88.3 1 1
github.com/devuser/aetherstream/pkg/cache/cache.go:92.39,96.32 3 1
github.com/devuser/aetherstream/pkg/cache/cache.go:96.32,98.3 1 1
github.com/devuser/aetherstream/pkg/cache/cache.go:102.28,108.2 4 1
github.com/devuser/aetherstream/pkg/cache/cache.go:111.52,115.2 3 1
github.com/devuser/aetherstream/pkg/cache/cache.go:118.34,120.15 2 1
github.com/devuser/aetherstream/pkg/cache/cache.go:120.15,122.3 1 1
github.com/devuser/aetherstream/pkg/cache/cache.go:128.42,130.2 1 1
github.com/devuser/aetherstream/pkg/cache/cache.go:133.38,135.2 1 1
github.com/devuser/aetherstream/pkg/cache/cache.go:138.38,140.2 1 1
github.com/devuser/aetherstream/cmd/aetherstream/main.go:28.13,35.16 4 0
github.com/devuser/aetherstream/cmd/aetherstream/main.go:35.16,37.3 1 0
github.com/devuser/aetherstream/cmd/aetherstream/main.go:40.2,41.16 2 0
github.com/devuser/aetherstream/cmd/aetherstream/main.go:41.16,43.3 1 0
github.com/devuser/aetherstream/cmd/aetherstream/main.go:44.2,46.43 2 0
github.com/devuser/aetherstream/cmd/aetherstream/main.go:46.43,48.3 1 0
github.com/devuser/aetherstream/cmd/aetherstream/main.go:51.2,52.16 2 0
github.com/devuser/aetherstream/cmd/aetherstream/main.go:52.16,54.3 1 0
github.com/devuser/aetherstream/cmd/aetherstream/main.go:57.2,58.16 2 0
github.com/devuser/aetherstream/cmd/aetherstream/main.go:58.16,62.3 2 0
github.com/devuser/aetherstream/cmd/aetherstream/main.go:65.2,86.12 12 0
github.com/devuser/aetherstream/cmd/aetherstream/main.go:86.12,88.60 2 0
github.com/devuser/aetherstream/cmd/aetherstream/main.go:88.60,90.4 1 0
github.com/devuser/aetherstream/cmd/aetherstream/main.go:91.3,100.49 5 0
github.com/devuser/aetherstream/cmd/aetherstream/main.go:100.49,102.4 1 0
github.com/devuser/aetherstream/cmd/aetherstream/main.go:106.2,107.16 2 0
github.com/devuser/aetherstream/cmd/aetherstream/main.go:107.16,109.3 1 0
github.com/devuser/aetherstream/cmd/aetherstream/main.go:110.2,125.43 8 0
github.com/devuser/aetherstream/cmd/aetherstream/main.go:125.43,127.3 1 0
github.com/devuser/aetherstream/cmd/aetherstream/main.go:128.2,131.12 2 0
github.com/devuser/aetherstream/cmd/aetherstream/main.go:131.12,134.70 3 0
github.com/devuser/aetherstream/cmd/aetherstream/main.go:134.70,136.4 1 0
github.com/devuser/aetherstream/cmd/aetherstream/main.go:140.2,147.40 7 0
github.com/devuser/aetherstream/cmd/aetherstream/main.go:147.40,149.3 1 0
github.com/devuser/aetherstream/pkg/auth/auth.go:31.64,32.22 1 1
github.com/devuser/aetherstream/pkg/auth/auth.go:32.22,34.3 1 1
github.com/devuser/aetherstream/pkg/auth/auth.go:35.2,38.8 1 1
github.com/devuser/aetherstream/pkg/auth/auth.go:42.80,58.2 4 1
github.com/devuser/aetherstream/pkg/auth/auth.go:61.70,62.104 1 1
github.com/devuser/aetherstream/pkg/auth/auth.go:62.104,63.58 1 1
github.com/devuser/aetherstream/pkg/auth/auth.go:63.58,65.4 1 0
github.com/devuser/aetherstream/pkg/auth/auth.go:66.3,66.23 1 1
github.com/devuser/aetherstream/pkg/auth/auth.go:68.2,68.16 1 1
github.com/devuser/aetherstream/pkg/auth/auth.go:68.16,70.3 1 1
github.com/devuser/aetherstream/pkg/auth/auth.go:72.2,72.61 1 1
github.com/devuser/aetherstream/pkg/auth/auth.go:72.61,74.3 1 1
github.com/devuser/aetherstream/pkg/auth/auth.go:75.2,75.48 1 0
github.com/devuser/aetherstream/pkg/auth/auth.go:79.52,80.54 1 0
github.com/devuser/aetherstream/pkg/auth/auth.go:80.54,81.37 1 0
github.com/devuser/aetherstream/pkg/auth/auth.go:81.37,83.24 2 0
github.com/devuser/aetherstream/pkg/auth/auth.go:83.24,85.5 1 0
github.com/devuser/aetherstream/pkg/auth/auth.go:87.4,88.64 2 0
github.com/devuser/aetherstream/pkg/auth/auth.go:88.64,90.5 1 0
github.com/devuser/aetherstream/pkg/auth/auth.go:92.4,93.18 2 0
github.com/devuser/aetherstream/pkg/auth/auth.go:93.18,95.5 1 0
github.com/devuser/aetherstream/pkg/auth/auth.go:97.4,98.18 2 0
github.com/devuser/aetherstream/pkg/auth/auth.go:104.51,105.54 1 1
github.com/devuser/aetherstream/pkg/auth/auth.go:105.54,106.37 1 1
github.com/devuser/aetherstream/pkg/auth/auth.go:106.37,108.11 2 1
github.com/devuser/aetherstream/pkg/auth/auth.go:108.11,110.5 1 1
github.com/devuser/aetherstream/pkg/auth/auth.go:111.4,111.49 1 0
github.com/devuser/aetherstream/pkg/auth/auth.go:111.49,113.5 1 0
github.com/devuser/aetherstream/pkg/auth/auth.go:114.4,114.18 1 0
github.com/devuser/aetherstream/pkg/auth/auth.go:120.38,121.45 1 0
github.com/devuser/aetherstream/pkg/auth/auth.go:121.45,123.3 1 0
github.com/devuser/aetherstream/pkg/auth/auth.go:124.2,124.12 1 0
github.com/devuser/aetherstream/pkg/autocollections/autocollections.go:28.28,30.2 1 0
github.com/devuser/aetherstream/pkg/autocollections/autocollections.go:33.30,54.2 3 0
github.com/devuser/aetherstream/pkg/autocollections/autocollections.go:57.97,61.16 3 0
github.com/devuser/aetherstream/pkg/autocollections/autocollections.go:61.16,63.3 1 0
github.com/devuser/aetherstream/pkg/autocollections/autocollections.go:64.2,64.120 1 0
github.com/devuser/aetherstream/pkg/autocollections/autocollections.go:68.94,72.99 4 0
github.com/devuser/aetherstream/pkg/autocollections/autocollections.go:72.99,74.3 1 0
github.com/devuser/aetherstream/pkg/autocollections/autocollections.go:75.2,82.16 3 0
github.com/devuser/aetherstream/pkg/autocollections/autocollections.go:82.16,84.3 1 0
github.com/devuser/aetherstream/pkg/autocollections/autocollections.go:85.2,87.18 3 0
github.com/devuser/aetherstream/pkg/autocollections/autocollections.go:87.18,89.74 2 0
github.com/devuser/aetherstream/pkg/autocollections/autocollections.go:89.74,90.12 1 0
github.com/devuser/aetherstream/pkg/autocollections/autocollections.go:92.3,92.118 1 0
github.com/devuser/aetherstream/pkg/autocollections/autocollections.go:94.2,94.24 1 0
github.com/devuser/aetherstream/pkg/autocollections/autocollections.go:98.76,100.16 2 0
github.com/devuser/aetherstream/pkg/autocollections/autocollections.go:100.16,102.3 1 0
github.com/devuser/aetherstream/pkg/autocollections/autocollections.go:103.2,105.18 3 0
github.com/devuser/aetherstream/pkg/autocollections/autocollections.go:105.18,108.101 3 0
github.com/devuser/aetherstream/pkg/autocollections/autocollections.go:108.101,109.12 1 0
github.com/devuser/aetherstream/pkg/autocollections/autocollections.go:111.3,112.25 2 0
github.com/devuser/aetherstream/pkg/autocollections/autocollections.go:114.2,114.17 1 0
github.com/devuser/aetherstream/pkg/autocollections/autocollections.go:118.52,121.2 2 0
github.com/devuser/aetherstream/pkg/autocollections/autocollections.go:124.73,127.2 2 0
github.com/devuser/aetherstream/pkg/autocollections/autocollections.go:130.78,133.2 2 0
github.com/devuser/aetherstream/pkg/autocollections/autocollections.go:137.67,143.16 4 0
github.com/devuser/aetherstream/pkg/autocollections/autocollections.go:143.16,145.3 1 0
github.com/devuser/aetherstream/pkg/autocollections/autocollections.go:150.2,151.16 2 0
github.com/devuser/aetherstream/pkg/autocollections/autocollections.go:151.16,153.3 1 0
github.com/devuser/aetherstream/pkg/autocollections/autocollections.go:154.2,155.18 2 0
github.com/devuser/aetherstream/pkg/autocollections/autocollections.go:155.18,157.41 2 0
github.com/devuser/aetherstream/pkg/autocollections/autocollections.go:157.41,158.12 1 0
github.com/devuser/aetherstream/pkg/autocollections/autocollections.go:160.3,161.17 2 0
github.com/devuser/aetherstream/pkg/autocollections/autocollections.go:161.17,162.12 1 0
github.com/devuser/aetherstream/pkg/autocollections/autocollections.go:165.3,166.17 2 0
github.com/devuser/aetherstream/pkg/autocollections/autocollections.go:166.17,167.12 1 0
github.com/devuser/aetherstream/pkg/autocollections/autocollections.go:169.3,169.23 1 0
github.com/devuser/aetherstream/pkg/autocollections/autocollections.go:169.23,171.49 2 0
github.com/devuser/aetherstream/pkg/autocollections/autocollections.go:171.49,172.13 1 0
github.com/devuser/aetherstream/pkg/autocollections/autocollections.go:174.4,174.48 1 0
github.com/devuser/aetherstream/pkg/autocollections/autocollections.go:176.3,176.23 1 0
github.com/devuser/aetherstream/pkg/autocollections/autocollections.go:178.2,178.12 1 0
github.com/devuser/aetherstream/pkg/backup/backup.go:16.64,24.115 6 1
github.com/devuser/aetherstream/pkg/backup/backup.go:24.115,26.3 1 0
github.com/devuser/aetherstream/pkg/backup/backup.go:28.2,29.16 2 1
github.com/devuser/aetherstream/pkg/backup/backup.go:29.16,31.3 1 0
github.com/devuser/aetherstream/pkg/backup/backup.go:32.2,38.68 4 1
github.com/devuser/aetherstream/pkg/backup/backup.go:38.68,40.3 1 0
github.com/devuser/aetherstream/pkg/backup/backup.go:43.2,43.47 1 1
github.com/devuser/aetherstream/pkg/backup/backup.go:43.47,44.69 1 1
github.com/devuser/aetherstream/pkg/backup/backup.go:44.69,46.4 1 0
github.com/devuser/aetherstream/pkg/backup/backup.go:50.2,56.16 3 1
github.com/devuser/aetherstream/pkg/backup/backup.go:56.16,58.3 1 0
github.com/devuser/aetherstream/pkg/backup/backup.go:59.2,59.61 1 1
github.com/devuser/aetherstream/pkg/backup/backup.go:59.61,61.3 1 0
github.com/devuser/aetherstream/pkg/backup/backup.go:63.2,63.24 1 1
github.com/devuser/aetherstream/pkg/backup/backup.go:66.68,69.16 2 1
github.com/devuser/aetherstream/pkg/backup/backup.go:69.16,71.3 1 0
github.com/devuser/aetherstream/pkg/backup/backup.go:72.2,75.16 3 1
github.com/devuser/aetherstream/pkg/backup/backup.go:75.16,77.3 1 0
github.com/devuser/aetherstream/pkg/backup/backup.go:78.2,79.12 2 1
github.com/devuser/aetherstream/pkg/backup/backup.go:84.58,86.16 2 1
github.com/devuser/aetherstream/pkg/backup/backup.go:86.16,88.3 1 1
github.com/devuser/aetherstream/pkg/backup/backup.go:89.2,94.28 4 1
github.com/devuser/aetherstream/pkg/backup/backup.go:94.28,95.32 1 1
github.com/devuser/aetherstream/pkg/backup/backup.go:95.32,97.18 2 1
github.com/devuser/aetherstream/pkg/backup/backup.go:97.18,99.5 1 0
github.com/devuser/aetherstream/pkg/backup/backup.go:100.4,100.64 1 1
github.com/devuser/aetherstream/pkg/backup/backup.go:100.64,103.5 2 0
github.com/devuser/aetherstream/pkg/backup/backup.go:104.4,106.9 3 1
github.com/devuser/aetherstream/pkg/backup/backup.go:109.2,109.20 1 1
github.com/devuser/aetherstream/pkg/backup/backup.go:109.20,111.3 1 0
github.com/devuser/aetherstream/pkg/backup/backup.go:112.2,112.59 1 1
github.com/devuser/aetherstream/pkg/backup/backup.go:112.59,114.3 1 0
github.com/devuser/aetherstream/pkg/backup/backup.go:117.2,117.28 1 1
github.com/devuser/aetherstream/pkg/backup/backup.go:117.28,118.17 1 1
github.com/devuser/aetherstream/pkg/backup/backup.go:119.26,120.49 1 1
github.com/devuser/aetherstream/pkg/backup/backup.go:120.49,122.5 1 0
github.com/devuser/aetherstream/pkg/backup/backup.go:123.22,124.53 1 1
github.com/devuser/aetherstream/pkg/backup/backup.go:124.53,126.5 1 0
github.com/devuser/aetherstream/pkg/backup/backup.go:130.2,130.12 1 1
github.com/devuser/aetherstream/pkg/backup/backup.go:133.55,135.16 2 1
github.com/devuser/aetherstream/pkg/backup/backup.go:135.16,137.3 1 0
github.com/devuser/aetherstream/pkg/backup/backup.go:138.2,144.16 4 1
github.com/devuser/aetherstream/pkg/backup/backup.go:144.16,146.3 1 0
github.com/devuser/aetherstream/pkg/backup/backup.go:147.2,150.33 4 1
github.com/devuser/aetherstream/pkg/backup/backup.go:150.33,153.3 2 0
github.com/devuser/aetherstream/pkg/backup/backup.go:154.2,154.37 1 1
github.com/devuser/aetherstream/pkg/backup/backup.go:158.50,160.2 1 1
github.com/devuser/aetherstream/pkg/backup/backup.go:163.56,164.20 1 1
github.com/devuser/aetherstream/pkg/backup/backup.go:164.20,166.3 1 1
github.com/devuser/aetherstream/pkg/backup/backup.go:167.2,167.23 1 1
github.com/devuser/aetherstream/pkg/backup/backup.go:167.23,169.3 1 1
github.com/devuser/aetherstream/pkg/backup/backup.go:170.2,170.37 1 1
github.com/devuser/aetherstream/pkg/backup/backup.go:174.44,178.16 4 0
github.com/devuser/aetherstream/pkg/backup/backup.go:178.16,180.3 1 0
github.com/devuser/aetherstream/pkg/backup/backup.go:181.2,181.34 1 0
github.com/devuser/aetherstream/pkg/backup/backup.go:181.34,183.3 1 0
github.com/devuser/aetherstream/pkg/backup/backup.go:184.2,184.17 1 0
github.com/devuser/aetherstream/pkg/backup/backup.go:191.50,194.2 2 0
github.com/devuser/aetherstream/pkg/db/db.go:17.36,19.16 2 1
github.com/devuser/aetherstream/pkg/db/db.go:19.16,21.3 1 0
github.com/devuser/aetherstream/pkg/db/db.go:22.2,24.21 3 1
github.com/devuser/aetherstream/pkg/db/db.go:28.30,125.42 2 1
github.com/devuser/aetherstream/pkg/db/db.go:125.42,127.3 1 0
github.com/devuser/aetherstream/pkg/db/db.go:130.2,139.45 2 1
github.com/devuser/aetherstream/pkg/db/db.go:139.45,151.53 2 1
github.com/devuser/aetherstream/pkg/db/db.go:151.53,153.4 1 0
github.com/devuser/aetherstream/pkg/db/db.go:154.3,154.13 1 1
github.com/devuser/aetherstream/pkg/db/db.go:158.2,167.50 2 0
github.com/devuser/aetherstream/pkg/db/db.go:167.50,169.3 1 0
github.com/devuser/aetherstream/pkg/db/db.go:172.2,182.51 2 0
github.com/devuser/aetherstream/pkg/db/db.go:182.51,184.3 1 0
github.com/devuser/aetherstream/pkg/db/db.go:187.2,200.46 2 0
github.com/devuser/aetherstream/pkg/db/db.go:200.46,202.3 1 0
github.com/devuser/aetherstream/pkg/db/db.go:205.2,216.47 2 0
github.com/devuser/aetherstream/pkg/db/db.go:216.47,218.3 1 0
github.com/devuser/aetherstream/pkg/db/db.go:221.2,239.49 2 0
github.com/devuser/aetherstream/pkg/db/db.go:239.49,241.3 1 0
github.com/devuser/aetherstream/pkg/db/db.go:243.2,243.12 1 0
github.com/devuser/aetherstream/pkg/db/db.go:249.72,255.2 2 1
github.com/devuser/aetherstream/pkg/db/db.go:258.92,262.2 3 1
github.com/devuser/aetherstream/pkg/db/db.go:265.60,267.16 2 1
github.com/devuser/aetherstream/pkg/db/db.go:267.16,269.3 1 0
github.com/devuser/aetherstream/pkg/db/db.go:270.2,273.18 3 1
github.com/devuser/aetherstream/pkg/db/db.go:273.18,276.70 3 1
github.com/devuser/aetherstream/pkg/db/db.go:276.70,277.12 1 0
github.com/devuser/aetherstream/pkg/db/db.go:279.3,284.5 1 1
github.com/devuser/aetherstream/pkg/db/db.go:286.2,286.19 1 1
github.com/devuser/aetherstream/pkg/db/db.go:292.68,298.2 2 1
github.com/devuser/aetherstream/pkg/db/db.go:301.64,303.16 2 1
github.com/devuser/aetherstream/pkg/db/db.go:303.16,305.3 1 0
github.com/devuser/aetherstream/pkg/db/db.go:306.2,309.18 3 1
github.com/devuser/aetherstream/pkg/db/db.go:309.18,312.78 3 1
github.com/devuser/aetherstream/pkg/db/db.go:312.78,313.12 1 0
github.com/devuser/aetherstream/pkg/db/db.go:315.3,321.5 1 1
github.com/devuser/aetherstream/pkg/db/db.go:323.2,323.18 1 1
github.com/devuser/aetherstream/pkg/db/db.go:329.172,336.2 2 1
github.com/devuser/aetherstream/pkg/db/db.go:339.69,351.16 8 1
github.com/devuser/aetherstream/pkg/db/db.go:351.16,353.3 1 0
github.com/devuser/aetherstream/pkg/db/db.go:355.2,369.8 1 1
github.com/devuser/aetherstream/pkg/db/db.go:373.85,377.16 2 1
github.com/devuser/aetherstream/pkg/db/db.go:377.16,379.3 1 0
github.com/devuser/aetherstream/pkg/db/db.go:380.2,383.18 3 1
github.com/devuser/aetherstream/pkg/db/db.go:383.18,390.168 6 1
github.com/devuser/aetherstream/pkg/db/db.go:390.168,391.12 1 0
github.com/devuser/aetherstream/pkg/db/db.go:393.3,407.5 1 1
github.com/devuser/aetherstream/pkg/db/db.go:409.2,409.19 1 1
github.com/devuser/aetherstream/pkg/db/db.go:415.94,421.2 2 0
github.com/devuser/aetherstream/pkg/db/db.go:424.80,430.2 2 0
github.com/devuser/aetherstream/pkg/db/db.go:435.52,438.2 2 1
github.com/devuser/aetherstream/pkg/db/db.go:441.42,444.2 2 1
github.com/devuser/aetherstream/pkg/db/db.go:449.71,455.2 2 1
github.com/devuser/aetherstream/pkg/db/db.go:458.79,460.16 2 1
github.com/devuser/aetherstream/pkg/db/db.go:460.16,462.3 1 0
github.com/devuser/aetherstream/pkg/db/db.go:463.2,466.18 3 1
github.com/devuser/aetherstream/pkg/db/db.go:466.18,469.69 3 1
github.com/devuser/aetherstream/pkg/db/db.go:469.69,470.12 1 0
github.com/devuser/aetherstream/pkg/db/db.go:472.3,477.5 1 1
github.com/devuser/aetherstream/pkg/db/db.go:479.2,479.18 1 1
github.com/devuser/aetherstream/pkg/db/db.go:483.109,487.76 4 1
github.com/devuser/aetherstream/pkg/db/db.go:487.76,489.3 1 0
github.com/devuser/aetherstream/pkg/db/db.go:490.2,503.16 3 1
github.com/devuser/aetherstream/pkg/db/db.go:503.16,505.3 1 0
github.com/devuser/aetherstream/pkg/db/db.go:506.2,509.18 3 1
github.com/devuser/aetherstream/pkg/db/db.go:509.18,511.74 2 0
github.com/devuser/aetherstream/pkg/db/db.go:511.74,512.12 1 0
github.com/devuser/aetherstream/pkg/db/db.go:514.3,519.5 1 0
github.com/devuser/aetherstream/pkg/db/db.go:521.2,521.24 1 1
github.com/devuser/aetherstream/pkg/db/db.go:525.62,531.2 2 0
github.com/devuser/aetherstream/pkg/db/db.go:534.67,540.2 2 0
github.com/devuser/aetherstream/pkg/db/db.go:545.64,551.2 2 1
github.com/devuser/aetherstream/pkg/db/db.go:554.72,559.16 2 1
github.com/devuser/aetherstream/pkg/db/db.go:559.16,561.3 1 0
github.com/devuser/aetherstream/pkg/db/db.go:562.2,565.18 3 1
github.com/devuser/aetherstream/pkg/db/db.go:565.18,569.80 4 1
github.com/devuser/aetherstream/pkg/db/db.go:569.80,570.12 1 0
github.com/devuser/aetherstream/pkg/db/db.go:572.3,578.5 1 1
github.com/devuser/aetherstream/pkg/db/db.go:580.2,580.18 1 1
github.com/devuser/aetherstream/pkg/db/db.go:588.88,597.2 3 0
github.com/devuser/aetherstream/pkg/db/db.go:600.50,603.2 2 0
github.com/devuser/aetherstream/pkg/db/db.go:607.99,608.16 1 0
github.com/devuser/aetherstream/pkg/db/db.go:608.16,610.3 1 0
github.com/devuser/aetherstream/pkg/db/db.go:611.2,611.17 1 0
github.com/devuser/aetherstream/pkg/db/db.go:611.17,613.3 1 0
github.com/devuser/aetherstream/pkg/db/db.go:615.2,617.21 3 0
github.com/devuser/aetherstream/pkg/db/db.go:617.21,627.17 2 0
github.com/devuser/aetherstream/pkg/db/db.go:627.17,638.4 1 0
github.com/devuser/aetherstream/pkg/db/db.go:639.8,649.17 2 0
github.com/devuser/aetherstream/pkg/db/db.go:649.17,659.4 1 0
github.com/devuser/aetherstream/pkg/db/db.go:661.2,661.16 1 0
github.com/devuser/aetherstream/pkg/db/db.go:661.16,663.3 1 0
github.com/devuser/aetherstream/pkg/db/db.go:664.2,667.18 3 0
github.com/devuser/aetherstream/pkg/db/db.go:667.18,674.94 6 0
github.com/devuser/aetherstream/pkg/db/db.go:674.94,675.12 1 0
github.com/devuser/aetherstream/pkg/db/db.go:677.3,691.5 1 0
github.com/devuser/aetherstream/pkg/db/db.go:693.2,693.19 1 0
github.com/devuser/aetherstream/pkg/api/api.go:42.135,53.2 1 1
github.com/devuser/aetherstream/pkg/api/api.go:56.47,125.2 39 1
github.com/devuser/aetherstream/pkg/api/api.go:127.57,133.2 1 1
github.com/devuser/aetherstream/pkg/api/api.go:135.61,138.2 2 0
github.com/devuser/aetherstream/pkg/api/api.go:140.52,145.37 2 1
github.com/devuser/aetherstream/pkg/api/api.go:145.37,147.3 1 0
github.com/devuser/aetherstream/pkg/api/api.go:149.2,153.16 3 1
github.com/devuser/aetherstream/pkg/api/api.go:153.16,156.3 2 1
github.com/devuser/aetherstream/pkg/api/api.go:158.2,158.98 1 1
github.com/devuser/aetherstream/pkg/api/api.go:158.98,161.3 2 0
github.com/devuser/aetherstream/pkg/api/api.go:163.2,167.16 3 1
github.com/devuser/aetherstream/pkg/api/api.go:167.16,170.3 2 0
github.com/devuser/aetherstream/pkg/api/api.go:172.2,173.16 2 1
github.com/devuser/aetherstream/pkg/api/api.go:173.16,175.3 1 0
github.com/devuser/aetherstream/pkg/api/api.go:177.2,179.4 1 1
github.com/devuser/aetherstream/pkg/api/api.go:183.59,185.2 1 0
github.com/devuser/aetherstream/pkg/api/api.go:186.56,188.16 2 1
github.com/devuser/aetherstream/pkg/api/api.go:188.16,190.3 1 0
github.com/devuser/aetherstream/pkg/api/api.go:191.2,191.37 1 1
github.com/devuser/aetherstream/pkg/api/api.go:194.54,197.16 3 0
github.com/devuser/aetherstream/pkg/api/api.go:197.16,199.3 1 0
github.com/devuser/aetherstream/pkg/api/api.go:200.2,200.26 1 0
github.com/devuser/aetherstream/pkg/api/api.go:200.26,201.51 1 0
github.com/devuser/aetherstream/pkg/api/api.go:201.51,203.4 1 0
github.com/devuser/aetherstream/pkg/api/api.go:205.2,205.65 1 0
github.com/devuser/aetherstream/pkg/api/api.go:208.56,210.17 2 0
github.com/devuser/aetherstream/pkg/api/api.go:210.17,212.3 1 0
github.com/devuser/aetherstream/pkg/api/api.go:213.2,214.16 2 0
github.com/devuser/aetherstream/pkg/api/api.go:214.16,216.3 1 0
github.com/devuser/aetherstream/pkg/api/api.go:217.2,217.37 1 0
github.com/devuser/aetherstream/pkg/api/api.go:220.54,223.16 3 0
github.com/devuser/aetherstream/pkg/api/api.go:223.16,225.3 1 0
github.com/devuser/aetherstream/pkg/api/api.go:226.2,226.36 1 0
github.com/devuser/aetherstream/pkg/api/api.go:229.60,231.16 2 0
github.com/devuser/aetherstream/pkg/api/api.go:231.16,233.3 1 0
github.com/devuser/aetherstream/pkg/api/api.go:234.2,234.36 1 0
github.com/devuser/aetherstream/pkg/api/api.go:237.60,243.37 2 0
github.com/devuser/aetherstream/pkg/api/api.go:243.37,245.3 1 0
github.com/devuser/aetherstream/pkg/api/api.go:247.2,247.38 1 0
github.com/devuser/aetherstream/pkg/api/api.go:247.38,249.3 1 0
github.com/devuser/aetherstream/pkg/api/api.go:251.2,252.16 2 0
github.com/devuser/aetherstream/pkg/api/api.go:252.16,254.3 1 0
github.com/devuser/aetherstream/pkg/api/api.go:256.2,260.4 1 0
github.com/devuser/aetherstream/pkg/api/api.go:263.58,265.50 2 0
github.com/devuser/aetherstream/pkg/api/api.go:265.50,267.3 1 0
github.com/devuser/aetherstream/pkg/api/api.go:268.2,268.89 1 0
github.com/devuser/aetherstream/pkg/api/api.go:271.63,281.41 2 0
github.com/devuser/aetherstream/pkg/api/api.go:281.41,283.3 1 0
github.com/devuser/aetherstream/pkg/api/api.go:285.2,286.143 2 0
github.com/devuser/aetherstream/pkg/api/api.go:286.143,288.3 1 0
github.com/devuser/aetherstream/pkg/api/api.go:290.2,291.16 2 0
github.com/devuser/aetherstream/pkg/api/api.go:291.16,293.3 1 0
github.com/devuser/aetherstream/pkg/api/api.go:295.2,300.4 1 0
github.com/devuser/aetherstream/pkg/api/api.go:303.57,305.17 2 0
github.com/devuser/aetherstream/pkg/api/api.go:305.17,307.3 1 0
github.com/devuser/aetherstream/pkg/api/api.go:309.2,314.4 1 0
github.com/devuser/aetherstream/pkg/api/api.go:319.60,322.16 3 0
github.com/devuser/aetherstream/pkg/api/api.go:322.16,324.3 1 0
github.com/devuser/aetherstream/pkg/api/api.go:325.2,327.16 3 0
github.com/devuser/aetherstream/pkg/api/api.go:327.16,329.3 1 0
github.com/devuser/aetherstream/pkg/api/api.go:330.2,330.36 1 0
github.com/devuser/aetherstream/pkg/api/api.go:333.58,337.16 4 0
github.com/devuser/aetherstream/pkg/api/api.go:337.16,339.3 1 0
github.com/devuser/aetherstream/pkg/api/api.go:340.2,343.97 2 0
github.com/devuser/aetherstream/pkg/api/api.go:343.97,345.3 1 0
github.com/devuser/aetherstream/pkg/api/api.go:348.2,349.16 2 0
github.com/devuser/aetherstream/pkg/api/api.go:349.16,351.3 1 0
github.com/devuser/aetherstream/pkg/api/api.go:354.2,354.94 1 0
github.com/devuser/aetherstream/pkg/api/api.go:354.94,356.3 1 0
github.com/devuser/aetherstream/pkg/api/api.go:358.2,358.24 1 0
github.com/devuser/aetherstream/pkg/api/api.go:363.57,369.37 2 0
github.com/devuser/aetherstream/pkg/api/api.go:369.37,371.3 1 0
github.com/devuser/aetherstream/pkg/api/api.go:372.2,372.46 1 0
github.com/devuser/aetherstream/pkg/api/api.go:372.46,374.3 1 0
github.com/devuser/aetherstream/pkg/api/api.go:375.2,375.20 1 0
github.com/devuser/aetherstream/pkg/api/api.go:375.20,377.3 1 0
github.com/devuser/aetherstream/pkg/api/api.go:379.2,380.16 2 0
github.com/devuser/aetherstream/pkg/api/api.go:380.16,382.3 1 0
github.com/devuser/aetherstream/pkg/api/api.go:383.2,384.82 2 0
github.com/devuser/aetherstream/pkg/api/api.go:384.82,386.3 1 0
github.com/devuser/aetherstream/pkg/api/api.go:387.2,387.108 1 0
github.com/devuser/aetherstream/pkg/api/api.go:390.57,395.37 3 0
github.com/devuser/aetherstream/pkg/api/api.go:395.37,397.3 1 0
github.com/devuser/aetherstream/pkg/api/api.go:398.2,398.58 1 0
github.com/devuser/aetherstream/pkg/api/api.go:398.58,400.3 1 0
github.com/devuser/aetherstream/pkg/api/api.go:401.2,401.77 1 0
github.com/devuser/aetherstream/pkg/api/api.go:404.57,406.44 2 0
github.com/devuser/aetherstream/pkg/api/api.go:406.44,408.3 1 0
github.com/devuser/aetherstream/pkg/api/api.go:409.2,409.42 1 0
github.com/devuser/aetherstream/pkg/api/api.go:414.62,416.17 2 0
github.com/devuser/aetherstream/pkg/api/api.go:416.17,418.3 1 0
github.com/devuser/aetherstream/pkg/api/api.go:419.2,420.16 2 0
github.com/devuser/aetherstream/pkg/api/api.go:420.16,422.3 1 0
github.com/devuser/aetherstream/pkg/api/api.go:423.2,423.36 1 0
github.com/devuser/aetherstream/pkg/api/api.go:426.63,428.17 2 0
github.com/devuser/aetherstream/pkg/api/api.go:428.17,430.3 1 0
github.com/devuser/aetherstream/pkg/api/api.go:431.2,435.37 2 0
github.com/devuser/aetherstream/pkg/api/api.go:435.37,437.3 1 0
github.com/devuser/aetherstream/pkg/api/api.go:438.2,438.20 1 0
github.com/devuser/aetherstream/pkg/api/api.go:438.20,440.3 1 0
github.com/devuser/aetherstream/pkg/api/api.go:441.2,441.20 1 0
github.com/devuser/aetherstream/pkg/api/api.go:441.20,443.3 1 0
github.com/devuser/aetherstream/pkg/api/api.go:444.2,445.83 2 0
github.com/devuser/aetherstream/pkg/api/api.go:445.83,447.3 1 0
github.com/devuser/aetherstream/pkg/api/api.go:448.2,448.100 1 0
github.com/devuser/aetherstream/pkg/api/api.go:451.60,454.16 3 0
github.com/devuser/aetherstream/pkg/api/api.go:454.16,456.3 1 0
github.com/devuser/aetherstream/pkg/api/api.go:457.2,460.4 1 0
github.com/devuser/aetherstream/pkg/api/api.go:463.62,468.37 3 0
github.com/devuser/aetherstream/pkg/api/api.go:468.37,470.3 1 0
github.com/devuser/aetherstream/pkg/api/api.go:471.2,471.68 1 0
github.com/devuser/aetherstream/pkg/api/api.go:471.68,473.3 1 0
github.com/devuser/aetherstream/pkg/api/api.go:474.2,474.42 1 0
github.com/devuser/aetherstream/pkg/api/api.go:477.67,480.69 3 0
github.com/devuser/aetherstream/pkg/api/api.go:480.69,482.3 1 0
github.com/devuser/aetherstream/pkg/api/api.go:483.2,483.42 1 0
github.com/devuser/aetherstream/pkg/api/api.go:488.53,490.13 2 0
github.com/devuser/aetherstream/pkg/api/api.go:490.13,492.3 1 0
github.com/devuser/aetherstream/pkg/api/api.go:493.2,495.41 3 0
github.com/devuser/aetherstream/pkg/api/api.go:495.41,496.56 1 0
github.com/devuser/aetherstream/pkg/api/api.go:496.56,498.4 1 0
github.com/devuser/aetherstream/pkg/api/api.go:500.2,501.22 2 0
github.com/devuser/aetherstream/pkg/api/api.go:501.22,503.3 1 0
github.com/devuser/aetherstream/pkg/api/api.go:504.2,505.16 2 0
github.com/devuser/aetherstream/pkg/api/api.go:505.16,507.3 1 0
github.com/devuser/aetherstream/pkg/api/api.go:508.2,513.4 1 0
github.com/devuser/aetherstream/pkg/api/api.go:518.59,520.16 2 0
github.com/devuser/aetherstream/pkg/api/api.go:520.16,522.3 1 0
github.com/devuser/aetherstream/pkg/api/api.go:523.2,523.36 1 0
github.com/devuser/aetherstream/pkg/api/api.go:528.56,530.2 1 0
github.com/devuser/aetherstream/pkg/api/api.go:534.59,539.16 4 0
github.com/devuser/aetherstream/pkg/api/api.go:539.16,541.3 1 0
github.com/devuser/aetherstream/pkg/api/api.go:543.2,544.23 2 0
github.com/devuser/aetherstream/pkg/api/api.go:544.23,546.3 1 0
github.com/devuser/aetherstream/pkg/api/api.go:548.2,549.19 2 0
github.com/devuser/aetherstream/pkg/api/api.go:550.16,551.27 1 0
github.com/devuser/aetherstream/pkg/api/api.go:552.18,553.29 1 0
github.com/devuser/aetherstream/pkg/api/api.go:554.10,555.76 1 0
github.com/devuser/aetherstream/pkg/api/api.go:559.2,559.35 1 0
github.com/devuser/aetherstream/pkg/api/api.go:559.35,561.17 2 0
github.com/devuser/aetherstream/pkg/api/api.go:561.17,563.4 1 0
github.com/devuser/aetherstream/pkg/api/api.go:566.2,567.26 2 0
github.com/devuser/aetherstream/pkg/api/security.go:26.33,30.2 3 1
github.com/devuser/aetherstream/pkg/api/security.go:35.43,36.54 1 1
github.com/devuser/aetherstream/pkg/api/security.go:36.54,37.37 1 1
github.com/devuser/aetherstream/pkg/api/security.go:37.37,40.93 2 1
github.com/devuser/aetherstream/pkg/api/security.go:40.93,42.41 2 1
github.com/devuser/aetherstream/pkg/api/security.go:42.41,53.6 2 1
github.com/devuser/aetherstream/pkg/api/security.go:54.5,54.19 1 1
github.com/devuser/aetherstream/pkg/api/security.go:58.4,59.40 2 1
github.com/devuser/aetherstream/pkg/api/security.go:59.40,61.5 1 1
github.com/devuser/aetherstream/pkg/api/security.go:62.4,63.23 2 1
github.com/devuser/aetherstream/pkg/api/security.go:63.23,65.5 1 0
github.com/devuser/aetherstream/pkg/api/security.go:66.4,66.80 1 1
github.com/devuser/aetherstream/pkg/api/security.go:66.80,68.5 1 1
github.com/devuser/aetherstream/pkg/api/security.go:69.4,69.18 1 1
github.com/devuser/aetherstream/pkg/api/security.go:77.44,78.54 1 1
github.com/devuser/aetherstream/pkg/api/security.go:78.54,79.37 1 1
github.com/devuser/aetherstream/pkg/api/security.go:79.37,86.88 6 1
github.com/devuser/aetherstream/pkg/api/security.go:86.88,88.5 1 0
github.com/devuser/aetherstream/pkg/api/security.go:89.4,90.18 2 1
github.com/devuser/aetherstream/pkg/api/security.go:99.51,100.54 1 1
github.com/devuser/aetherstream/pkg/api/security.go:100.54,101.37 1 1
github.com/devuser/aetherstream/pkg/api/security.go:101.37,106.17 4 1
github.com/devuser/aetherstream/pkg/api/security.go:106.17,106.53 1 1
github.com/devuser/aetherstream/pkg/api/security.go:107.4,107.18 1 1
github.com/devuser/aetherstream/pkg/api/security.go:117.60,118.22 1 1
github.com/devuser/aetherstream/pkg/api/security.go:118.22,121.3 2 1
github.com/devuser/aetherstream/pkg/api/security.go:122.2,123.8 2 1
github.com/devuser/aetherstream/pkg/api/security.go:126.67,127.22 1 1
github.com/devuser/aetherstream/pkg/api/security.go:127.22,129.3 1 0
github.com/devuser/aetherstream/pkg/api/security.go:130.2,130.34 1 1
github.com/devuser/aetherstream/pkg/api/security.go:133.54,135.23 2 1
github.com/devuser/aetherstream/pkg/api/security.go:135.23,137.3 1 0
github.com/devuser/aetherstream/pkg/api/security.go:138.2,139.30 2 1
github.com/devuser/aetherstream/pkg/api/security.go:139.30,140.42 1 1
github.com/devuser/aetherstream/pkg/api/security.go:140.42,142.4 1 1
github.com/devuser/aetherstream/pkg/api/security.go:143.3,143.58 1 1
github.com/devuser/aetherstream/pkg/api/security.go:143.58,145.4 1 1
github.com/devuser/aetherstream/pkg/api/security.go:146.3,146.56 1 1
github.com/devuser/aetherstream/pkg/api/security.go:146.56,148.4 1 1
github.com/devuser/aetherstream/pkg/api/security.go:149.3,149.25 1 1
github.com/devuser/aetherstream/pkg/api/security.go:151.2,151.32 1 1
github.com/devuser/aetherstream/pkg/api/security.go:168.48,175.2 3 1
github.com/devuser/aetherstream/pkg/api/security.go:178.48,183.9 5 1
github.com/devuser/aetherstream/pkg/api/security.go:183.9,186.3 2 1
github.com/devuser/aetherstream/pkg/api/security.go:187.2,191.24 4 1
github.com/devuser/aetherstream/pkg/api/security.go:191.24,193.3 1 0
github.com/devuser/aetherstream/pkg/api/security.go:194.2,194.32 1 1
github.com/devuser/aetherstream/pkg/api/security.go:197.54,201.9 4 1
github.com/devuser/aetherstream/pkg/api/security.go:201.9,203.3 1 1
github.com/devuser/aetherstream/pkg/api/security.go:204.2,204.40 1 1
github.com/devuser/aetherstream/pkg/api/security.go:207.47,211.2 3 1
github.com/devuser/aetherstream/pkg/api/security.go:213.39,215.21 2 1
github.com/devuser/aetherstream/pkg/api/security.go:215.21,218.32 3 0
github.com/devuser/aetherstream/pkg/api/security.go:218.32,219.44 1 0
github.com/devuser/aetherstream/pkg/api/security.go:219.44,221.5 1 0
github.com/devuser/aetherstream/pkg/api/security.go:223.3,223.16 1 0
github.com/devuser/aetherstream/pkg/api/security.go:231.49,232.54 1 1
github.com/devuser/aetherstream/pkg/api/security.go:232.54,233.37 1 1
github.com/devuser/aetherstream/pkg/api/security.go:233.37,235.77 2 1
github.com/devuser/aetherstream/pkg/api/security.go:235.77,237.5 1 1
github.com/devuser/aetherstream/pkg/api/security.go:238.4,240.40 3 1
github.com/devuser/aetherstream/pkg/api/security.go:240.40,242.5 1 1
github.com/devuser/aetherstream/pkg/api/security.go:243.4,244.22 2 1
github.com/devuser/aetherstream/pkg/api/security.go:244.23,248.5 0 1
github.com/devuser/aetherstream/pkg/api/security.go:249.4,249.22 1 1
github.com/devuser/aetherstream/pkg/api/security.go:249.22,251.43 2 0
github.com/devuser/aetherstream/pkg/api/security.go:251.43,253.6 1 0
github.com/devuser/aetherstream/pkg/api/security.go:255.4,255.18 1 1
github.com/devuser/aetherstream/pkg/api/security.go:261.45,263.20 2 1
github.com/devuser/aetherstream/pkg/api/security.go:263.20,265.3 1 1
github.com/devuser/aetherstream/pkg/api/security.go:269.43,271.20 2 1
github.com/devuser/aetherstream/pkg/api/security.go:271.20,273.3 1 1
github.com/devuser/aetherstream/pkg/api/security.go:277.42,282.2 1 1
github.com/devuser/aetherstream/pkg/api/security.go:291.69,295.54 3 1
github.com/devuser/aetherstream/pkg/api/security.go:295.54,296.37 1 1
github.com/devuser/aetherstream/pkg/api/security.go:296.37,299.21 2 1
github.com/devuser/aetherstream/pkg/api/security.go:299.21,301.5 1 1
github.com/devuser/aetherstream/pkg/api/security.go:303.4,310.42 6 1
github.com/devuser/aetherstream/pkg/api/security.go:310.42,312.5 1 0
github.com/devuser/aetherstream/pkg/api/security.go:314.4,321.18 6 1
github.com/devuser/aetherstream/pkg/api/security.go:342.70,350.2 3 1
github.com/devuser/aetherstream/pkg/api/security.go:352.48,358.9 5 0
github.com/devuser/aetherstream/pkg/api/security.go:358.9,366.3 2 0
github.com/devuser/aetherstream/pkg/api/security.go:368.2,371.27 4 0
github.com/devuser/aetherstream/pkg/api/security.go:371.27,373.3 1 0
github.com/devuser/aetherstream/pkg/api/security.go:375.2,375.18 1 0
github.com/devuser/aetherstream/pkg/api/security.go:375.18,377.3 1 0
github.com/devuser/aetherstream/pkg/api/security.go:378.2,379.13 2 0
github.com/devuser/aetherstream/pkg/api/security.go:382.36,384.21 2 1
github.com/devuser/aetherstream/pkg/api/security.go:384.21,387.33 3 0
github.com/devuser/aetherstream/pkg/api/security.go:387.33,388.44 1 0
github.com/devuser/aetherstream/pkg/api/security.go:388.44,390.5 1 0
github.com/devuser/aetherstream/pkg/api/security.go:392.3,392.17 1 0
github.com/devuser/aetherstream/pkg/api/security.go:397.60,399.54 2 1
github.com/devuser/aetherstream/pkg/api/security.go:399.54,400.37 1 0
github.com/devuser/aetherstream/pkg/api/security.go:400.37,402.26 2 0
github.com/devuser/aetherstream/pkg/api/security.go:402.26,404.5 1 0
github.com/devuser/aetherstream/pkg/api/security.go:405.4,405.18 1 0
github.com/devuser/aetherstream/pkg/api/security.go:416.62,417.54 1 0
github.com/devuser/aetherstream/pkg/api/security.go:417.54,418.37 1 0
github.com/devuser/aetherstream/pkg/api/security.go:418.37,422.20 4 0
github.com/devuser/aetherstream/pkg/api/security.go:422.20,424.5 1 0
github.com/devuser/aetherstream/pkg/api/security.go:425.4,430.36 6 0
github.com/devuser/aetherstream/pkg/api/security.go:430.36,431.84 1 0
github.com/devuser/aetherstream/pkg/api/security.go:431.84,434.6 2 0
github.com/devuser/aetherstream/pkg/api/security.go:436.4,437.19 2 0
github.com/devuser/aetherstream/pkg/api/security.go:437.19,439.5 1 0
github.com/devuser/aetherstream/pkg/api/security.go:440.4,442.14 3 0
github.com/devuser/aetherstream/pkg/api/security.go:450.34,452.19 2 0
github.com/devuser/aetherstream/pkg/api/security.go:452.19,454.3 1 0
github.com/devuser/aetherstream/pkg/api/security.go:455.2,464.37 2 0
github.com/devuser/aetherstream/pkg/api/security.go:464.37,466.45 2 0
github.com/devuser/aetherstream/pkg/api/security.go:466.45,468.4 1 0
github.com/devuser/aetherstream/pkg/api/security.go:470.2,470.14 1 0
github.com/devuser/aetherstream/pkg/api/security.go:476.43,485.2 1 1
github.com/devuser/aetherstream/pkg/api/security.go:490.74,491.20 1 0
github.com/devuser/aetherstream/pkg/api/security.go:491.20,493.3 1 0
github.com/devuser/aetherstream/pkg/api/security.go:494.2,498.3 1 0
github.com/devuser/aetherstream/pkg/encoder/encoder.go:56.44,57.14 1 1
github.com/devuser/aetherstream/pkg/encoder/encoder.go:58.20,59.26 1 1
github.com/devuser/aetherstream/pkg/encoder/encoder.go:60.20,61.26 1 1
github.com/devuser/aetherstream/pkg/encoder/encoder.go:62.16,63.23 1 1
github.com/devuser/aetherstream/pkg/encoder/encoder.go:64.16,65.23 1 1
github.com/devuser/aetherstream/pkg/encoder/encoder.go:66.12,67.19 1 1
github.com/devuser/aetherstream/pkg/encoder/encoder.go:68.15,69.21 1 1
github.com/devuser/aetherstream/pkg/encoder/encoder.go:71.26,72.31 1 0
github.com/devuser/aetherstream/pkg/encoder/encoder.go:73.22,74.28 1 1
github.com/devuser/aetherstream/pkg/encoder/encoder.go:75.22,76.28 1 1
github.com/devuser/aetherstream/pkg/encoder/encoder.go:77.18,78.24 1 1
github.com/devuser/aetherstream/pkg/encoder/encoder.go:79.21,80.26 1 1
github.com/devuser/aetherstream/pkg/encoder/encoder.go:82.24,83.29 1 0
github.com/devuser/aetherstream/pkg/encoder/encoder.go:84.20,85.26 1 1
github.com/devuser/aetherstream/pkg/encoder/encoder.go:86.20,87.26 1 1
github.com/devuser/aetherstream/pkg/encoder/encoder.go:88.16,89.22 1 1
github.com/devuser/aetherstream/pkg/encoder/encoder.go:90.19,91.24 1 1
github.com/devuser/aetherstream/pkg/encoder/encoder.go:93.26,94.31 1 0
github.com/devuser/aetherstream/pkg/encoder/encoder.go:95.22,96.28 1 1
github.com/devuser/aetherstream/pkg/encoder/encoder.go:97.22,98.28 1 1
github.com/devuser/aetherstream/pkg/encoder/encoder.go:99.18,100.24 1 1
github.com/devuser/aetherstream/pkg/encoder/encoder.go:101.21,102.26 1 1
github.com/devuser/aetherstream/pkg/encoder/encoder.go:103.10,104.23 1 1
github.com/devuser/aetherstream/pkg/encoder/encoder.go:109.81,118.17 2 1
github.com/devuser/aetherstream/pkg/encoder/encoder.go:119.15,120.83 1 1
github.com/devuser/aetherstream/pkg/encoder/encoder.go:121.15,122.42 1 1
github.com/devuser/aetherstream/pkg/encoder/encoder.go:123.13,124.41 1 1
github.com/devuser/aetherstream/pkg/encoder/encoder.go:128.2,128.24 1 1
github.com/devuser/aetherstream/pkg/encoder/encoder.go:128.24,130.34 1 1
github.com/devuser/aetherstream/pkg/encoder/encoder.go:130.34,132.4 1 1
github.com/devuser/aetherstream/pkg/encoder/encoder.go:135.3,136.23 2 1
github.com/devuser/aetherstream/pkg/encoder/encoder.go:137.15,138.26 1 1
github.com/devuser/aetherstream/pkg/encoder/encoder.go:138.26,140.5 1 0
github.com/devuser/aetherstream/pkg/encoder/encoder.go:140.10,140.33 1 1
github.com/devuser/aetherstream/pkg/encoder/encoder.go:140.33,142.5 1 1
github.com/devuser/aetherstream/pkg/encoder/encoder.go:142.10,142.31 1 1
github.com/devuser/aetherstream/pkg/encoder/encoder.go:142.31,144.5 1 1
github.com/devuser/aetherstream/pkg/encoder/encoder.go:144.10,146.5 1 1
github.com/devuser/aetherstream/pkg/encoder/encoder.go:147.15,148.26 1 1
github.com/devuser/aetherstream/pkg/encoder/encoder.go:148.26,150.5 1 1
github.com/devuser/aetherstream/pkg/encoder/encoder.go:150.10,150.33 1 0
github.com/devuser/aetherstream/pkg/encoder/encoder.go:150.33,152.5 1 0
github.com/devuser/aetherstream/pkg/encoder/encoder.go:152.10,152.31 1 0
github.com/devuser/aetherstream/pkg/encoder/encoder.go:152.31,154.5 1 0
github.com/devuser/aetherstream/pkg/encoder/encoder.go:154.10,156.5 1 0
github.com/devuser/aetherstream/pkg/encoder/encoder.go:157.14,158.24 1 0
github.com/devuser/aetherstream/pkg/encoder/encoder.go:159.11,160.21 1 0
github.com/devuser/aetherstream/pkg/encoder/encoder.go:163.3,166.25 2 1
github.com/devuser/aetherstream/pkg/encoder/encoder.go:166.25,168.4 1 1
github.com/devuser/aetherstream/pkg/encoder/encoder.go:171.3,171.62 1 1
github.com/devuser/aetherstream/pkg/encoder/encoder.go:171.62,172.30 1 1
github.com/devuser/aetherstream/pkg/encoder/encoder.go:172.30,174.5 1 1
github.com/devuser/aetherstream/pkg/encoder/encoder.go:174.10,174.37 1 0
github.com/devuser/aetherstream/pkg/encoder/encoder.go:174.37,176.5 1 0
github.com/devuser/aetherstream/pkg/encoder/encoder.go:180.3,180.55 1 1
github.com/devuser/aetherstream/pkg/encoder/encoder.go:181.8,184.3 1 1
github.com/devuser/aetherstream/pkg/encoder/encoder.go:187.2,187.24 1 1
github.com/devuser/aetherstream/pkg/encoder/encoder.go:187.24,189.25 2 1
github.com/devuser/aetherstream/pkg/encoder/encoder.go:189.25,191.4 1 1
github.com/devuser/aetherstream/pkg/encoder/encoder.go:192.8,194.3 1 0
github.com/devuser/aetherstream/pkg/encoder/encoder.go:197.2,197.25 1 1
github.com/devuser/aetherstream/pkg/encoder/encoder.go:197.25,199.3 1 1
github.com/devuser/aetherstream/pkg/encoder/encoder.go:199.8,199.33 1 1
github.com/devuser/aetherstream/pkg/encoder/encoder.go:199.33,201.3 1 0
github.com/devuser/aetherstream/pkg/encoder/encoder.go:203.2,204.13 2 1
github.com/devuser/aetherstream/pkg/encoder/encoder.go:208.114,220.17 4 1
github.com/devuser/aetherstream/pkg/encoder/encoder.go:221.15,222.83 1 0
github.com/devuser/aetherstream/pkg/encoder/encoder.go:223.15,224.42 1 1
github.com/devuser/aetherstream/pkg/encoder/encoder.go:225.13,226.41 1 0
github.com/devuser/aetherstream/pkg/encoder/encoder.go:230.2,230.45 1 1
github.com/devuser/aetherstream/pkg/encoder/encoder.go:230.45,232.3 1 1
github.com/devuser/aetherstream/pkg/encoder/encoder.go:234.2,235.28 2 1
github.com/devuser/aetherstream/pkg/encoder/encoder.go:236.14,237.25 1 1
github.com/devuser/aetherstream/pkg/encoder/encoder.go:237.25,239.4 1 0
github.com/devuser/aetherstream/pkg/encoder/encoder.go:239.9,239.32 1 1
github.com/devuser/aetherstream/pkg/encoder/encoder.go:239.32,241.4 1 0
github.com/devuser/aetherstream/pkg/encoder/encoder.go:241.9,241.30 1 1
github.com/devuser/aetherstream/pkg/encoder/encoder.go:241.30,243.4 1 0
github.com/devuser/aetherstream/pkg/encoder/encoder.go:243.9,245.4 1 1
github.com/devuser/aetherstream/pkg/encoder/encoder.go:246.14,247.25 1 1
github.com/devuser/aetherstream/pkg/encoder/encoder.go:247.25,249.4 1 1
github.com/devuser/aetherstream/pkg/encoder/encoder.go:249.9,249.32 1 0
github.com/devuser/aetherstream/pkg/encoder/encoder.go:249.32,251.4 1 0
github.com/devuser/aetherstream/pkg/encoder/encoder.go:251.9,251.30 1 0
github.com/devuser/aetherstream/pkg/encoder/encoder.go:251.30,253.4 1 0
github.com/devuser/aetherstream/pkg/encoder/encoder.go:253.9,255.4 1 0
github.com/devuser/aetherstream/pkg/encoder/encoder.go:256.10,257.20 1 0
github.com/devuser/aetherstream/pkg/encoder/encoder.go:260.2,268.61 2 1
github.com/devuser/aetherstream/pkg/encoder/encoder.go:268.61,270.3 1 1
github.com/devuser/aetherstream/pkg/encoder/encoder.go:272.2,272.30 1 1
github.com/devuser/aetherstream/pkg/encoder/encoder.go:272.30,274.3 1 1
github.com/devuser/aetherstream/pkg/encoder/encoder.go:277.2,293.13 3 1
github.com/devuser/aetherstream/pkg/encoder/encoder.go:319.56,320.24 1 1
github.com/devuser/aetherstream/pkg/encoder/encoder.go:320.24,326.44 2 1
github.com/devuser/aetherstream/pkg/encoder/encoder.go:326.44,329.4 2 0
github.com/devuser/aetherstream/pkg/encoder/encoder.go:332.3,332.43 1 1
github.com/devuser/aetherstream/pkg/encoder/encoder.go:332.43,335.4 2 0
github.com/devuser/aetherstream/pkg/encoder/encoder.go:338.3,338.43 1 1
github.com/devuser/aetherstream/pkg/encoder/encoder.go:338.43,341.4 2 0
github.com/devuser/aetherstream/pkg/encoder/encoder.go:344.3,344.29 1 1
github.com/devuser/aetherstream/pkg/encoder/encoder.go:344.29,346.4 1 1
github.com/devuser/aetherstream/pkg/encoder/encoder.go:349.3,349.10 1 1
github.com/devuser/aetherstream/pkg/encoder/encoder.go:350.22,351.28 1 1
github.com/devuser/aetherstream/pkg/encoder/encoder.go:352.20,353.26 1 0
github.com/devuser/aetherstream/pkg/encoder/encoder.go:354.22,355.28 1 0
github.com/devuser/aetherstream/pkg/encoder/encoder.go:356.11,357.27 1 0
github.com/devuser/aetherstream/pkg/encoder/encoder.go:360.2,360.17 1 1
github.com/devuser/aetherstream/pkg/encoder/encoder.go:364.31,367.16 3 1
github.com/devuser/aetherstream/pkg/encoder/encoder.go:367.16,369.3 1 1
github.com/devuser/aetherstream/pkg/encoder/encoder.go:370.2,371.56 2 0
github.com/devuser/aetherstream/pkg/encoder/encoder.go:371.56,373.17 2 0
github.com/devuser/aetherstream/pkg/encoder/encoder.go:373.17,374.12 1 0
github.com/devuser/aetherstream/pkg/encoder/encoder.go:376.3,379.21 4 0
github.com/devuser/aetherstream/pkg/encoder/encoder.go:379.21,381.4 1 0
github.com/devuser/aetherstream/pkg/encoder/encoder.go:382.3,387.5 1 0
github.com/devuser/aetherstream/pkg/encoder/encoder.go:389.2,389.13 1 0
github.com/devuser/aetherstream/pkg/encoder/encoder.go:393.30,396.16 3 1
github.com/devuser/aetherstream/pkg/encoder/encoder.go:396.16,398.3 1 1
github.com/devuser/aetherstream/pkg/encoder/encoder.go:399.2,400.113 2 0
github.com/devuser/aetherstream/pkg/encoder/encoder.go:400.113,402.3 1 0
github.com/devuser/aetherstream/pkg/encoder/encoder.go:404.2,405.51 2 0
github.com/devuser/aetherstream/pkg/encoder/encoder.go:405.51,406.36 1 0
github.com/devuser/aetherstream/pkg/encoder/encoder.go:406.36,408.9 2 0
github.com/devuser/aetherstream/pkg/encoder/encoder.go:410.3,410.37 1 0
github.com/devuser/aetherstream/pkg/encoder/encoder.go:410.37,412.9 2 0
github.com/devuser/aetherstream/pkg/encoder/encoder.go:415.2,420.4 1 0
github.com/devuser/aetherstream/pkg/encoder/encoder.go:424.30,427.16 3 1
github.com/devuser/aetherstream/pkg/encoder/encoder.go:427.16,429.3 1 1
github.com/devuser/aetherstream/pkg/encoder/encoder.go:430.2,432.150 2 0
github.com/devuser/aetherstream/pkg/encoder/encoder.go:432.150,434.3 1 0
github.com/devuser/aetherstream/pkg/encoder/encoder.go:435.2,436.51 2 0
github.com/devuser/aetherstream/pkg/encoder/encoder.go:436.51,437.41 1 0
github.com/devuser/aetherstream/pkg/encoder/encoder.go:437.41,439.9 2 0
github.com/devuser/aetherstream/pkg/encoder/encoder.go:441.3,441.39 1 0
github.com/devuser/aetherstream/pkg/encoder/encoder.go:441.39,443.9 2 0
github.com/devuser/aetherstream/pkg/encoder/encoder.go:446.2,451.4 1 0
github.com/devuser/aetherstream/pkg/encoder/encoder.go:455.53,458.16 3 1
github.com/devuser/aetherstream/pkg/encoder/encoder.go:458.16,460.3 1 0
github.com/devuser/aetherstream/pkg/encoder/encoder.go:461.2,462.46 2 1
github.com/devuser/aetherstream/pkg/encoder/encoder.go:462.46,464.3 1 1
github.com/devuser/aetherstream/pkg/encoder/encoder.go:465.2,465.44 1 1
github.com/devuser/aetherstream/pkg/encoder/encoder.go:465.44,467.3 1 1
github.com/devuser/aetherstream/pkg/encoder/encoder.go:468.2,468.46 1 1
github.com/devuser/aetherstream/pkg/encoder/encoder.go:468.46,470.3 1 1
github.com/devuser/aetherstream/pkg/encoder/encoder.go:474.29,477.2 2 0
github.com/devuser/aetherstream/pkg/encoder/encoder.go:480.57,482.67 2 1
github.com/devuser/aetherstream/pkg/encoder/encoder.go:482.67,483.20 1 1
github.com/devuser/aetherstream/pkg/encoder/encoder.go:484.16,485.18 1 1
github.com/devuser/aetherstream/pkg/encoder/encoder.go:485.18,487.5 1 1
github.com/devuser/aetherstream/pkg/encoder/encoder.go:488.14,489.16 1 0
github.com/devuser/aetherstream/pkg/encoder/encoder.go:489.16,491.5 1 0
github.com/devuser/aetherstream/pkg/encoder/encoder.go:492.16,493.18 1 0
github.com/devuser/aetherstream/pkg/encoder/encoder.go:493.18,495.5 1 0
github.com/devuser/aetherstream/pkg/encoder/encoder.go:498.2,498.20 1 0
github.com/devuser/aetherstream/pkg/cast/airplay.go:23.62,30.2 1 1
github.com/devuser/aetherstream/pkg/cast/airplay.go:33.44,36.2 2 0
github.com/devuser/aetherstream/pkg/cast/airplay.go:39.37,41.2 1 0
github.com/devuser/aetherstream/pkg/cast/airplay.go:44.58,48.31 4 0
github.com/devuser/aetherstream/pkg/cast/airplay.go:48.31,49.26 1 0
github.com/devuser/aetherstream/pkg/cast/airplay.go:49.26,51.4 1 0
github.com/devuser/aetherstream/pkg/cast/airplay.go:53.2,53.12 1 0
github.com/devuser/aetherstream/pkg/cast/airplay.go:57.97,62.9 4 0
github.com/devuser/aetherstream/pkg/cast/airplay.go:62.9,64.3 1 0
github.com/devuser/aetherstream/pkg/cast/airplay.go:66.2,82.18 5 0
github.com/devuser/aetherstream/pkg/cast/airplay.go:86.66,91.9 4 0
github.com/devuser/aetherstream/pkg/cast/airplay.go:91.9,93.3 1 0
github.com/devuser/aetherstream/pkg/cast/airplay.go:96.2,101.12 5 0
github.com/devuser/aetherstream/pkg/cast/airplay.go:105.76,110.2 4 0
github.com/devuser/aetherstream/pkg/cast/airplay.go:114.50,122.6 3 0
github.com/devuser/aetherstream/pkg/cast/airplay.go:122.6,123.10 1 0
github.com/devuser/aetherstream/pkg/cast/airplay.go:124.20,125.10 1 0
github.com/devuser/aetherstream/pkg/cast/airplay.go:126.19,127.21 1 0
github.com/devuser/aetherstream/pkg/cast/airplay.go:132.90,137.40 4 0
github.com/devuser/aetherstream/pkg/cast/airplay.go:137.40,140.3 2 0
github.com/devuser/aetherstream/pkg/cast/airplay.go:142.2,142.16 1 0
github.com/devuser/aetherstream/pkg/cast/airplay.go:142.16,144.3 1 0
github.com/devuser/aetherstream/pkg/cast/airplay.go:146.2,154.106 2 0
github.com/devuser/aetherstream/pkg/cast/airplay.go:157.45,162.32 4 0
github.com/devuser/aetherstream/pkg/cast/airplay.go:162.32,163.26 1 0
github.com/devuser/aetherstream/pkg/cast/airplay.go:163.26,166.4 2 0
github.com/devuser/aetherstream/pkg/cast/airplay.go:178.88,183.16 4 0
github.com/devuser/aetherstream/pkg/cast/airplay.go:183.16,187.3 3 0
github.com/devuser/aetherstream/pkg/cast/airplay.go:188.2,193.16 5 0
github.com/devuser/aetherstream/pkg/cast/airplay.go:193.16,197.3 3 0
github.com/devuser/aetherstream/pkg/cast/airplay.go:198.2,200.53 2 0
github.com/devuser/aetherstream/pkg/cast/airplay.go:200.53,203.3 2 0
github.com/devuser/aetherstream/pkg/cast/airplay.go:203.8,206.3 2 0
github.com/devuser/aetherstream/pkg/cast/airplay.go:209.54,210.39 1 0
github.com/devuser/aetherstream/pkg/cast/airplay.go:210.39,212.3 1 0
github.com/devuser/aetherstream/pkg/cast/airplay.go:213.2,215.16 3 0
github.com/devuser/aetherstream/pkg/cast/airplay.go:215.16,217.3 1 0
github.com/devuser/aetherstream/pkg/cast/airplay.go:218.2,221.16 4 0
github.com/devuser/aetherstream/pkg/cast/airplay.go:221.16,223.3 1 0
github.com/devuser/aetherstream/pkg/cast/airplay.go:224.2,224.23 1 0
github.com/devuser/aetherstream/pkg/cast/airplay.go:227.74,230.44 3 0
github.com/devuser/aetherstream/pkg/cast/airplay.go:230.44,233.3 2 0
github.com/devuser/aetherstream/pkg/cast/airplay.go:237.59,241.9 4 0
github.com/devuser/aetherstream/pkg/cast/airplay.go:241.9,243.3 1 0
github.com/devuser/aetherstream/pkg/cast/airplay.go:244.2,246.12 3 0
github.com/devuser/aetherstream/pkg/cast/airplay.go:250.60,254.9 4 0
github.com/devuser/aetherstream/pkg/cast/airplay.go:254.9,256.3 1 0
github.com/devuser/aetherstream/pkg/cast/airplay.go:257.2,259.12 3 0
github.com/devuser/aetherstream/pkg/cast/airplay.go:263.73,265.2 1 0
github.com/devuser/aetherstream/pkg/cast/airplay.go:268.70,270.2 1 0
github.com/devuser/aetherstream/pkg/cast/airplay.go:273.57,277.2 3 0
github.com/devuser/aetherstream/pkg/cast/airplay.go:280.54,284.2 3 0
github.com/devuser/aetherstream/pkg/cast/chromecast.go:47.68,54.2 1 1
github.com/devuser/aetherstream/pkg/cast/chromecast.go:57.47,61.2 3 0
github.com/devuser/aetherstream/pkg/cast/chromecast.go:64.40,66.2 1 0
github.com/devuser/aetherstream/pkg/cast/chromecast.go:69.61,73.31 4 0
github.com/devuser/aetherstream/pkg/cast/chromecast.go:73.31,74.29 1 0
github.com/devuser/aetherstream/pkg/cast/chromecast.go:74.29,76.4 1 0
github.com/devuser/aetherstream/pkg/cast/chromecast.go:78.2,78.12 1 0
github.com/devuser/aetherstream/pkg/cast/chromecast.go:82.100,87.9 4 0
github.com/devuser/aetherstream/pkg/cast/chromecast.go:87.9,89.3 1 0
github.com/devuser/aetherstream/pkg/cast/chromecast.go:91.2,109.18 5 0
github.com/devuser/aetherstream/pkg/cast/chromecast.go:113.69,118.9 4 0
github.com/devuser/aetherstream/pkg/cast/chromecast.go:118.9,120.3 1 0
github.com/devuser/aetherstream/pkg/cast/chromecast.go:122.2,125.12 4 0
github.com/devuser/aetherstream/pkg/cast/chromecast.go:129.79,134.2 4 0
github.com/devuser/aetherstream/pkg/cast/chromecast.go:138.53,140.16 2 0
github.com/devuser/aetherstream/pkg/cast/chromecast.go:140.16,143.3 2 0
github.com/devuser/aetherstream/pkg/cast/chromecast.go:145.2,146.16 2 0
github.com/devuser/aetherstream/pkg/cast/chromecast.go:146.16,149.3 2 0
github.com/devuser/aetherstream/pkg/cast/chromecast.go:150.2,153.6 3 0
github.com/devuser/aetherstream/pkg/cast/chromecast.go:153.6,154.10 1 0
github.com/devuser/aetherstream/pkg/cast/chromecast.go:155.20,156.10 1 0
github.com/devuser/aetherstream/pkg/cast/chromecast.go:157.11,157.11 0 0
github.com/devuser/aetherstream/pkg/cast/chromecast.go:160.3,162.17 3 0
github.com/devuser/aetherstream/pkg/cast/chromecast.go:162.17,163.61 1 0
github.com/devuser/aetherstream/pkg/cast/chromecast.go:163.61,164.13 1 0
github.com/devuser/aetherstream/pkg/cast/chromecast.go:166.4,166.10 1 0
github.com/devuser/aetherstream/pkg/cast/chromecast.go:169.3,170.144 2 0
github.com/devuser/aetherstream/pkg/cast/chromecast.go:170.144,172.4 1 0
github.com/devuser/aetherstream/pkg/cast/chromecast.go:176.53,182.6 3 0
github.com/devuser/aetherstream/pkg/cast/chromecast.go:182.6,183.10 1 0
github.com/devuser/aetherstream/pkg/cast/chromecast.go:184.20,185.10 1 0
github.com/devuser/aetherstream/pkg/cast/chromecast.go:186.19,188.21 1 0
github.com/devuser/aetherstream/pkg/cast/chromecast.go:193.93,198.40 4 0
github.com/devuser/aetherstream/pkg/cast/chromecast.go:198.40,201.3 2 0
github.com/devuser/aetherstream/pkg/cast/chromecast.go:203.2,203.16 1 0
github.com/devuser/aetherstream/pkg/cast/chromecast.go:203.16,205.3 1 0
github.com/devuser/aetherstream/pkg/cast/chromecast.go:207.2,215.109 2 0
github.com/devuser/aetherstream/pkg/cast/chromecast.go:218.48,223.32 4 0
github.com/devuser/aetherstream/pkg/cast/chromecast.go:223.32,224.26 1 0
github.com/devuser/aetherstream/pkg/cast/chromecast.go:224.26,227.4 2 0
github.com/devuser/aetherstream/pkg/cast/chromecast.go:231.37,232.50 1 0
github.com/devuser/aetherstream/pkg/cast/chromecast.go:232.50,233.43 1 0
github.com/devuser/aetherstream/pkg/cast/chromecast.go:233.43,235.4 1 0
github.com/devuser/aetherstream/pkg/cast/chromecast.go:237.2,237.11 1 0
github.com/devuser/aetherstream/pkg/cast/chromecast.go:242.96,246.16 3 0
github.com/devuser/aetherstream/pkg/cast/chromecast.go:246.16,250.3 3 0
github.com/devuser/aetherstream/pkg/cast/chromecast.go:251.2,255.16 4 0
github.com/devuser/aetherstream/pkg/cast/chromecast.go:255.16,259.3 3 0
github.com/devuser/aetherstream/pkg/cast/chromecast.go:260.2,267.91 3 0
github.com/devuser/aetherstream/pkg/cast/chromecast.go:270.77,273.44 3 0
github.com/devuser/aetherstream/pkg/cast/chromecast.go:273.44,276.3 2 0
github.com/devuser/aetherstream/pkg/cast/chromecast.go:280.62,284.9 4 0
github.com/devuser/aetherstream/pkg/cast/chromecast.go:284.9,286.3 1 0
github.com/devuser/aetherstream/pkg/cast/chromecast.go:287.2,289.12 3 0
github.com/devuser/aetherstream/pkg/cast/chromecast.go:293.63,297.9 4 0
github.com/devuser/aetherstream/pkg/cast/chromecast.go:297.9,299.3 1 0
github.com/devuser/aetherstream/pkg/cast/chromecast.go:300.2,302.12 3 0
github.com/devuser/aetherstream/pkg/cast/chromecast.go:306.76,308.2 1 0
github.com/devuser/aetherstream/pkg/cast/chromecast.go:311.73,313.2 1 0
github.com/devuser/aetherstream/pkg/cast/chromecast.go:316.60,320.2 3 0
github.com/devuser/aetherstream/pkg/cast/chromecast.go:323.57,327.2 3 0
github.com/devuser/aetherstream/pkg/config/config.go:59.41,66.67 3 1
github.com/devuser/aetherstream/pkg/config/config.go:66.67,67.46 1 0
github.com/devuser/aetherstream/pkg/config/config.go:67.46,69.4 1 0
github.com/devuser/aetherstream/pkg/config/config.go:74.2,74.63 1 1
github.com/devuser/aetherstream/pkg/config/config.go:74.63,75.47 1 0
github.com/devuser/aetherstream/pkg/config/config.go:75.47,77.4 1 0
github.com/devuser/aetherstream/pkg/config/config.go:78.8,81.3 1 1
github.com/devuser/aetherstream/pkg/config/config.go:82.2,82.63 1 1
github.com/devuser/aetherstream/pkg/config/config.go:82.63,84.3 1 0
github.com/devuser/aetherstream/pkg/config/config.go:85.2,85.67 1 1
github.com/devuser/aetherstream/pkg/config/config.go:85.67,87.3 1 0
github.com/devuser/aetherstream/pkg/config/config.go:87.8,91.3 1 1
github.com/devuser/aetherstream/pkg/config/config.go:92.2,92.64 1 1
github.com/devuser/aetherstream/pkg/config/config.go:92.64,93.46 1 0
github.com/devuser/aetherstream/pkg/config/config.go:93.46,95.4 1 0
github.com/devuser/aetherstream/pkg/config/config.go:97.2,97.69 1 1
github.com/devuser/aetherstream/pkg/config/config.go:97.69,99.3 1 0
github.com/devuser/aetherstream/pkg/config/config.go:99.8,99.60 1 1
github.com/devuser/aetherstream/pkg/config/config.go:99.60,101.3 1 0
github.com/devuser/aetherstream/pkg/config/config.go:102.2,102.56 1 1
github.com/devuser/aetherstream/pkg/config/config.go:102.56,104.3 1 0
github.com/devuser/aetherstream/pkg/config/config.go:105.2,105.67 1 1
github.com/devuser/aetherstream/pkg/config/config.go:105.67,107.3 1 0
github.com/devuser/aetherstream/pkg/config/config.go:108.2,108.79 1 1
github.com/devuser/aetherstream/pkg/config/config.go:108.79,110.3 1 0
github.com/devuser/aetherstream/pkg/config/config.go:111.2,111.73 1 1
github.com/devuser/aetherstream/pkg/config/config.go:111.73,112.50 1 0
github.com/devuser/aetherstream/pkg/config/config.go:112.50,114.4 1 0
github.com/devuser/aetherstream/pkg/config/config.go:116.2,116.72 1 1
github.com/devuser/aetherstream/pkg/config/config.go:116.72,118.3 1 0
github.com/devuser/aetherstream/pkg/config/config.go:120.2,120.17 1 1
github.com/devuser/aetherstream/pkg/config/config.go:124.25,150.2 1 1
github.com/devuser/aetherstream/pkg/config/config.go:152.46,154.44 2 1
github.com/devuser/aetherstream/pkg/config/config.go:154.44,156.3 1 0
github.com/devuser/aetherstream/pkg/config/config.go:157.2,157.34 1 1
github.com/devuser/aetherstream/pkg/apikeys/apikeys.go:33.34,35.2 1 1
github.com/devuser/aetherstream/pkg/apikeys/apikeys.go:38.33,54.2 3 1
github.com/devuser/aetherstream/pkg/apikeys/apikeys.go:57.76,59.42 2 1
github.com/devuser/aetherstream/pkg/apikeys/apikeys.go:59.42,61.3 1 0
github.com/devuser/aetherstream/pkg/apikeys/apikeys.go:62.2,73.16 7 1
github.com/devuser/aetherstream/pkg/apikeys/apikeys.go:73.16,75.3 1 0
github.com/devuser/aetherstream/pkg/apikeys/apikeys.go:77.2,83.16 1 1
github.com/devuser/aetherstream/pkg/apikeys/apikeys.go:87.41,93.2 2 1
github.com/devuser/aetherstream/pkg/apikeys/apikeys.go:96.55,97.39 1 1
github.com/devuser/aetherstream/pkg/apikeys/apikeys.go:97.39,99.3 1 1
github.com/devuser/aetherstream/pkg/apikeys/apikeys.go:100.2,109.26 7 1
github.com/devuser/aetherstream/pkg/apikeys/apikeys.go:109.26,111.3 1 1
github.com/devuser/aetherstream/pkg/apikeys/apikeys.go:112.2,112.16 1 1
github.com/devuser/aetherstream/pkg/apikeys/apikeys.go:112.16,114.3 1 0
github.com/devuser/aetherstream/pkg/apikeys/apikeys.go:115.2,115.21 1 1
github.com/devuser/aetherstream/pkg/apikeys/apikeys.go:115.21,117.3 1 1
github.com/devuser/aetherstream/pkg/apikeys/apikeys.go:118.2,118.20 1 1
github.com/devuser/aetherstream/pkg/apikeys/apikeys.go:118.20,120.3 1 1
github.com/devuser/aetherstream/pkg/apikeys/apikeys.go:121.2,121.24 1 1
github.com/devuser/aetherstream/pkg/apikeys/apikeys.go:121.24,123.3 1 1
github.com/devuser/aetherstream/pkg/apikeys/apikeys.go:124.2,124.31 1 1
github.com/devuser/aetherstream/pkg/apikeys/apikeys.go:124.31,126.3 1 1
github.com/devuser/aetherstream/pkg/apikeys/apikeys.go:127.2,127.21 1 1
github.com/devuser/aetherstream/pkg/apikeys/apikeys.go:127.21,129.3 1 1
github.com/devuser/aetherstream/pkg/apikeys/apikeys.go:131.2,132.16 2 1
github.com/devuser/aetherstream/pkg/apikeys/apikeys.go:136.39,139.16 2 0
github.com/devuser/aetherstream/pkg/apikeys/apikeys.go:139.16,141.3 1 0
github.com/devuser/aetherstream/pkg/apikeys/apikeys.go:142.2,145.18 3 0
github.com/devuser/aetherstream/pkg/apikeys/apikeys.go:145.18,149.111 4 0
github.com/devuser/aetherstream/pkg/apikeys/apikeys.go:149.111,150.12 1 0
github.com/devuser/aetherstream/pkg/apikeys/apikeys.go:152.3,152.22 1 0
github.com/devuser/aetherstream/pkg/apikeys/apikeys.go:152.22,154.4 1 0
github.com/devuser/aetherstream/pkg/apikeys/apikeys.go:155.3,155.21 1 0
github.com/devuser/aetherstream/pkg/apikeys/apikeys.go:155.21,157.4 1 0
github.com/devuser/aetherstream/pkg/apikeys/apikeys.go:158.3,158.22 1 0
github.com/devuser/aetherstream/pkg/apikeys/apikeys.go:158.22,160.4 1 0
github.com/devuser/aetherstream/pkg/apikeys/apikeys.go:161.3,161.25 1 0
github.com/devuser/aetherstream/pkg/apikeys/apikeys.go:163.2,163.18 1 0
github.com/devuser/aetherstream/pkg/apikeys/apikeys.go:167.44,168.31 1 0
github.com/devuser/aetherstream/pkg/apikeys/apikeys.go:168.31,169.29 1 0
github.com/devuser/aetherstream/pkg/apikeys/apikeys.go:169.29,171.4 1 0
github.com/devuser/aetherstream/pkg/apikeys/apikeys.go:173.2,173.14 1 0
github.com/devuser/aetherstream/pkg/apikeys/apikeys.go:176.33,179.2 2 1
github.com/devuser/aetherstream/pkg/apikeys/apikeys.go:181.38,183.2 1 1
github.com/devuser/aetherstream/pkg/cluster/loadbalancer.go:22.95,23.30 1 1
github.com/devuser/aetherstream/pkg/cluster/loadbalancer.go:23.30,25.3 1 0
github.com/devuser/aetherstream/pkg/cluster/loadbalancer.go:26.2,30.3 1 1
github.com/devuser/aetherstream/pkg/cluster/loadbalancer.go:34.33,36.12 2 1
github.com/devuser/aetherstream/pkg/cluster/loadbalancer.go:36.12,40.7 4 1
github.com/devuser/aetherstream/pkg/cluster/loadbalancer.go:40.7,41.11 1 1
github.com/devuser/aetherstream/pkg/cluster/loadbalancer.go:42.21,43.11 1 1
github.com/devuser/aetherstream/pkg/cluster/loadbalancer.go:44.20,45.25 1 0
github.com/devuser/aetherstream/pkg/cluster/loadbalancer.go:52.32,55.2 2 1
github.com/devuser/aetherstream/pkg/cluster/loadbalancer.go:58.50,60.21 2 1
github.com/devuser/aetherstream/pkg/cluster/loadbalancer.go:60.21,62.3 1 1
github.com/devuser/aetherstream/pkg/cluster/loadbalancer.go:63.2,64.25 2 1
github.com/devuser/aetherstream/pkg/cluster/loadbalancer.go:68.50,70.2 1 0
github.com/devuser/aetherstream/pkg/cluster/loadbalancer.go:72.43,74.27 2 0
github.com/devuser/aetherstream/pkg/cluster/loadbalancer.go:74.27,75.39 1 0
github.com/devuser/aetherstream/pkg/cluster/loadbalancer.go:75.39,76.12 1 0
github.com/devuser/aetherstream/pkg/cluster/loadbalancer.go:78.3,78.24 1 0
github.com/devuser/aetherstream/pkg/cluster/loadbalancer.go:82.51,85.16 2 0
github.com/devuser/aetherstream/pkg/cluster/loadbalancer.go:85.16,87.3 1 0
github.com/devuser/aetherstream/pkg/cluster/loadbalancer.go:90.2,90.77 1 0
github.com/devuser/aetherstream/pkg/cluster/lock.go:33.63,38.2 1 1
github.com/devuser/aetherstream/pkg/cluster/lock.go:41.110,46.36 3 1
github.com/devuser/aetherstream/pkg/cluster/lock.go:46.36,50.80 3 1
github.com/devuser/aetherstream/pkg/cluster/lock.go:50.80,54.4 2 0
github.com/devuser/aetherstream/pkg/cluster/lock.go:54.9,57.4 1 1
github.com/devuser/aetherstream/pkg/cluster/lock.go:60.2,61.16 2 1
github.com/devuser/aetherstream/pkg/cluster/lock.go:61.16,63.3 1 0
github.com/devuser/aetherstream/pkg/cluster/lock.go:64.2,64.15 1 1
github.com/devuser/aetherstream/pkg/cluster/lock.go:64.15,66.3 1 0
github.com/devuser/aetherstream/pkg/cluster/lock.go:68.2,79.18 4 1
github.com/devuser/aetherstream/pkg/cluster/lock.go:83.83,86.8 3 1
github.com/devuser/aetherstream/pkg/cluster/lock.go:86.8,89.3 2 1
github.com/devuser/aetherstream/pkg/cluster/lock.go:90.2,92.45 2 1
github.com/devuser/aetherstream/pkg/cluster/lock.go:96.52,101.2 4 1
github.com/devuser/aetherstream/pkg/cluster/lock.go:103.77,106.6 3 1
github.com/devuser/aetherstream/pkg/cluster/lock.go:106.6,107.10 1 1
github.com/devuser/aetherstream/pkg/cluster/lock.go:108.23,109.10 1 1
github.com/devuser/aetherstream/pkg/cluster/lock.go:110.19,112.93 2 0
github.com/devuser/aetherstream/pkg/cluster/lock.go:112.93,119.5 5 0
github.com/devuser/aetherstream/pkg/cluster/lock.go:120.4,120.12 1 0
github.com/devuser/aetherstream/pkg/cluster/lock_backend.go:16.58,18.2 1 0
github.com/devuser/aetherstream/pkg/cluster/lock_backend.go:21.45,32.2 3 0
github.com/devuser/aetherstream/pkg/cluster/lock_backend.go:35.114,40.16 3 0
github.com/devuser/aetherstream/pkg/cluster/lock_backend.go:40.16,42.3 1 0
github.com/devuser/aetherstream/pkg/cluster/lock_backend.go:43.2,48.16 5 0
github.com/devuser/aetherstream/pkg/cluster/lock_backend.go:48.16,49.27 1 0
github.com/devuser/aetherstream/pkg/cluster/lock_backend.go:49.27,52.18 2 0
github.com/devuser/aetherstream/pkg/cluster/lock_backend.go:52.18,54.5 1 0
github.com/devuser/aetherstream/pkg/cluster/lock_backend.go:55.4,55.38 1 0
github.com/devuser/aetherstream/pkg/cluster/lock_backend.go:55.38,57.5 1 0
github.com/devuser/aetherstream/pkg/cluster/lock_backend.go:58.4,58.20 1 0
github.com/devuser/aetherstream/pkg/cluster/lock_backend.go:60.3,60.20 1 0
github.com/devuser/aetherstream/pkg/cluster/lock_backend.go:64.2,64.45 1 0
github.com/devuser/aetherstream/pkg/cluster/lock_backend.go:64.45,67.17 2 0
github.com/devuser/aetherstream/pkg/cluster/lock_backend.go:67.17,69.4 1 0
github.com/devuser/aetherstream/pkg/cluster/lock_backend.go:70.3,70.37 1 0
github.com/devuser/aetherstream/pkg/cluster/lock_backend.go:70.37,72.4 1 0
github.com/devuser/aetherstream/pkg/cluster/lock_backend.go:73.3,73.19 1 0
github.com/devuser/aetherstream/pkg/cluster/lock_backend.go:77.2,77.19 1 0
github.com/devuser/aetherstream/pkg/cluster/lock_backend.go:81.84,83.16 2 0
github.com/devuser/aetherstream/pkg/cluster/lock_backend.go:83.16,85.3 1 0
github.com/devuser/aetherstream/pkg/cluster/lock_backend.go:86.2,87.12 2 0
github.com/devuser/aetherstream/pkg/cluster/lock_backend.go:87.12,89.3 1 0
github.com/devuser/aetherstream/pkg/cluster/lock_backend.go:90.2,90.12 1 0
github.com/devuser/aetherstream/pkg/cluster/lock_backend.go:94.103,97.16 3 0
github.com/devuser/aetherstream/pkg/cluster/lock_backend.go:97.16,99.3 1 0
github.com/devuser/aetherstream/pkg/cluster/lock_backend.go:100.2,101.12 2 0
github.com/devuser/aetherstream/pkg/cluster/lock_backend.go:101.12,103.3 1 0
github.com/devuser/aetherstream/pkg/cluster/lock_backend.go:104.2,104.12 1 0
github.com/devuser/aetherstream/pkg/cluster/registry.go:52.79,61.2 1 1
github.com/devuser/aetherstream/pkg/cluster/registry.go:64.38,66.16 2 1
github.com/devuser/aetherstream/pkg/cluster/registry.go:66.16,68.3 1 0
github.com/devuser/aetherstream/pkg/cluster/registry.go:69.2,70.16 2 1
github.com/devuser/aetherstream/pkg/cluster/registry.go:70.16,72.3 1 0
github.com/devuser/aetherstream/pkg/cluster/registry.go:73.2,77.12 3 1
github.com/devuser/aetherstream/pkg/cluster/registry.go:77.12,80.7 3 1
github.com/devuser/aetherstream/pkg/cluster/registry.go:80.7,81.11 1 1
github.com/devuser/aetherstream/pkg/cluster/registry.go:82.20,83.11 1 1
github.com/devuser/aetherstream/pkg/cluster/registry.go:84.12,84.12 0 1
github.com/devuser/aetherstream/pkg/cluster/registry.go:86.4,88.18 3 1
github.com/devuser/aetherstream/pkg/cluster/registry.go:88.18,89.62 1 1
github.com/devuser/aetherstream/pkg/cluster/registry.go:89.62,90.14 1 0
github.com/devuser/aetherstream/pkg/cluster/registry.go:92.5,92.11 1 1
github.com/devuser/aetherstream/pkg/cluster/registry.go:94.4,95.56 2 0
github.com/devuser/aetherstream/pkg/cluster/registry.go:95.56,96.13 1 0
github.com/devuser/aetherstream/pkg/cluster/registry.go:98.4,98.31 1 0
github.com/devuser/aetherstream/pkg/cluster/registry.go:103.2,104.12 2 1
github.com/devuser/aetherstream/pkg/cluster/registry.go:104.12,108.7 4 1
github.com/devuser/aetherstream/pkg/cluster/registry.go:108.7,109.11 1 1
github.com/devuser/aetherstream/pkg/cluster/registry.go:110.20,111.11 1 1
github.com/devuser/aetherstream/pkg/cluster/registry.go:112.20,114.24 2 0
github.com/devuser/aetherstream/pkg/cluster/registry.go:120.2,123.12 3 1
github.com/devuser/aetherstream/pkg/cluster/registry.go:127.31,129.25 2 1
github.com/devuser/aetherstream/pkg/cluster/registry.go:129.25,131.3 1 1
github.com/devuser/aetherstream/pkg/cluster/registry.go:132.2,132.13 1 1
github.com/devuser/aetherstream/pkg/cluster/registry.go:135.77,136.28 1 0
github.com/devuser/aetherstream/pkg/cluster/registry.go:136.28,138.3 1 0
github.com/devuser/aetherstream/pkg/cluster/registry.go:140.2,144.13 4 0
github.com/devuser/aetherstream/pkg/cluster/registry.go:144.13,154.34 4 0
github.com/devuser/aetherstream/pkg/cluster/registry.go:154.34,156.4 1 0
github.com/devuser/aetherstream/pkg/cluster/registry.go:159.2,165.24 5 0
github.com/devuser/aetherstream/pkg/cluster/registry.go:165.24,167.3 1 0
github.com/devuser/aetherstream/pkg/cluster/registry.go:170.40,179.16 3 1
github.com/devuser/aetherstream/pkg/cluster/registry.go:179.16,181.3 1 0
github.com/devuser/aetherstream/pkg/cluster/registry.go:184.2,185.65 2 1
github.com/devuser/aetherstream/pkg/cluster/registry.go:185.65,186.38 1 1
github.com/devuser/aetherstream/pkg/cluster/registry.go:186.38,188.4 1 0
github.com/devuser/aetherstream/pkg/cluster/registry.go:189.3,189.35 1 1
github.com/devuser/aetherstream/pkg/cluster/registry.go:192.2,193.16 2 1
github.com/devuser/aetherstream/pkg/cluster/registry.go:193.16,195.3 1 0
github.com/devuser/aetherstream/pkg/cluster/registry.go:196.2,196.25 1 1
github.com/devuser/aetherstream/pkg/cluster/registry.go:196.25,198.3 1 1
github.com/devuser/aetherstream/pkg/cluster/registry.go:201.54,210.25 3 0
github.com/devuser/aetherstream/pkg/cluster/registry.go:210.25,212.3 1 0
github.com/devuser/aetherstream/pkg/cluster/registry.go:215.42,219.32 4 0
github.com/devuser/aetherstream/pkg/cluster/registry.go:219.32,220.35 1 0
github.com/devuser/aetherstream/pkg/cluster/registry.go:220.35,224.62 3 0
github.com/devuser/aetherstream/pkg/cluster/registry.go:224.62,227.5 2 0
github.com/devuser/aetherstream/pkg/cluster/registry.go:233.44,237.28 4 1
github.com/devuser/aetherstream/pkg/cluster/registry.go:237.28,239.3 1 1
github.com/devuser/aetherstream/pkg/cluster/registry.go:240.2,240.12 1 1
github.com/devuser/aetherstream/pkg/cluster/registry.go:244.51,248.28 4 1
github.com/devuser/aetherstream/pkg/cluster/registry.go:248.28,249.16 1 1
github.com/devuser/aetherstream/pkg/cluster/registry.go:249.16,251.4 1 1
github.com/devuser/aetherstream/pkg/cluster/registry.go:253.2,253.12 1 1
github.com/devuser/aetherstream/pkg/cluster/registry.go:257.41,266.2 1 1
github.com/devuser/aetherstream/pkg/cluster/registry.go:269.57,273.2 3 0
github.com/devuser/aetherstream/pkg/cluster/registry.go:276.59,286.16 5 0
github.com/devuser/aetherstream/pkg/cluster/registry.go:286.16,288.3 1 0
github.com/devuser/aetherstream/pkg/cluster/registry.go:289.2,290.38 2 0
github.com/devuser/aetherstream/pkg/cluster/registry.go:290.38,292.3 1 0
github.com/devuser/aetherstream/pkg/cluster/registry.go:293.2,293.12 1 0
github.com/devuser/aetherstream/pkg/cluster/replication.go:29.101,30.19 1 0
github.com/devuser/aetherstream/pkg/cluster/replication.go:30.19,32.3 1 0
github.com/devuser/aetherstream/pkg/cluster/replication.go:33.2,39.3 1 0
github.com/devuser/aetherstream/pkg/cluster/replication.go:43.33,45.12 2 0
github.com/devuser/aetherstream/pkg/cluster/replication.go:45.12,49.7 4 0
github.com/devuser/aetherstream/pkg/cluster/replication.go:49.7,50.11 1 0
github.com/devuser/aetherstream/pkg/cluster/replication.go:51.20,52.11 1 0
github.com/devuser/aetherstream/pkg/cluster/replication.go:53.20,54.16 1 0
github.com/devuser/aetherstream/pkg/cluster/replication.go:61.32,64.2 2 0
github.com/devuser/aetherstream/pkg/cluster/replication.go:66.35,68.54 1 0
github.com/devuser/aetherstream/pkg/cluster/replication.go:68.54,70.3 1 0
github.com/devuser/aetherstream/pkg/cluster/replication.go:71.2,72.16 2 0
github.com/devuser/aetherstream/pkg/cluster/replication.go:72.16,74.3 1 0
github.com/devuser/aetherstream/pkg/cluster/replication.go:75.2,75.31 1 0
github.com/devuser/aetherstream/pkg/cluster/replication.go:75.31,77.3 1 0
github.com/devuser/aetherstream/pkg/cluster/replication.go:79.2,80.16 2 0
github.com/devuser/aetherstream/pkg/cluster/replication.go:80.16,83.3 2 0
github.com/devuser/aetherstream/pkg/cluster/replication.go:85.2,86.29 2 0
github.com/devuser/aetherstream/pkg/cluster/replication.go:86.29,87.38 1 0
github.com/devuser/aetherstream/pkg/cluster/replication.go:87.38,88.12 1 0
github.com/devuser/aetherstream/pkg/cluster/replication.go:90.3,90.33 1 0
github.com/devuser/aetherstream/pkg/cluster/replication.go:93.2,93.26 1 0
github.com/devuser/aetherstream/pkg/cluster/replication.go:96.68,99.16 3 0
github.com/devuser/aetherstream/pkg/cluster/replication.go:99.16,102.3 2 0
github.com/devuser/aetherstream/pkg/cluster/replication.go:103.2,104.38 2 0
github.com/devuser/aetherstream/pkg/cluster/replication.go:104.38,108.3 3 0
github.com/devuser/aetherstream/pkg/cluster/replication.go:109.2,109.77 1 0
github.com/devuser/aetherstream/pkg/cluster/replication.go:113.53,117.50 4 0
github.com/devuser/aetherstream/pkg/cluster/replication.go:117.50,119.3 1 0
github.com/devuser/aetherstream/pkg/cluster/replication.go:121.2,122.16 2 0
github.com/devuser/aetherstream/pkg/cluster/replication.go:122.16,124.3 1 0
github.com/devuser/aetherstream/pkg/cluster/replication.go:125.2,126.41 2 0
github.com/devuser/aetherstream/pkg/cluster/replication.go:126.41,128.3 1 0
github.com/devuser/aetherstream/pkg/cluster/replication.go:129.2,129.12 1 0
github.com/devuser/aetherstream/pkg/cluster/server.go:23.153,31.2 1 0
github.com/devuser/aetherstream/pkg/cluster/server.go:34.55,39.2 3 0
github.com/devuser/aetherstream/pkg/cluster/server.go:41.64,48.2 3 0
github.com/devuser/aetherstream/pkg/cluster/server.go:50.59,57.37 2 0
github.com/devuser/aetherstream/pkg/cluster/server.go:57.37,59.3 1 0
github.com/devuser/aetherstream/pkg/cluster/server.go:60.2,60.43 1 0
github.com/devuser/aetherstream/pkg/cluster/server.go:60.43,62.3 1 0
github.com/devuser/aetherstream/pkg/cluster/server.go:65.2,83.4 6 0
github.com/devuser/aetherstream/pkg/cluster/server.go:86.64,87.27 1 0
github.com/devuser/aetherstream/pkg/cluster/server.go:87.27,89.3 1 0
github.com/devuser/aetherstream/pkg/cluster/server.go:90.2,91.16 2 0
github.com/devuser/aetherstream/pkg/cluster/server.go:91.16,93.3 1 0
github.com/devuser/aetherstream/pkg/cluster/server.go:94.2,94.54 1 0
github.com/devuser/aetherstream/pkg/cluster/server.go:94.54,97.3 2 0
github.com/devuser/aetherstream/pkg/cluster/server.go:98.2,98.65 1 0
github.com/devuser/aetherstream/pkg/cluster/server.go:102.60,104.9 2 0
github.com/devuser/aetherstream/pkg/cluster/server.go:104.9,106.3 1 0
github.com/devuser/aetherstream/pkg/cluster/server.go:107.2,107.38 1 0
github.com/devuser/aetherstream/pkg/cluster/server.go:110.60,113.28 3 0
github.com/devuser/aetherstream/pkg/cluster/server.go:113.28,115.3 1 0
github.com/devuser/aetherstream/pkg/cluster/server.go:117.2,119.16 3 0
github.com/devuser/aetherstream/pkg/cluster/server.go:119.16,121.3 1 0
github.com/devuser/aetherstream/pkg/cluster/server.go:122.2,122.31 1 0
github.com/devuser/aetherstream/pkg/cluster/server.go:122.31,124.3 1 0
github.com/devuser/aetherstream/pkg/cluster/server.go:126.2,128.16 3 0
github.com/devuser/aetherstream/pkg/cluster/server.go:128.16,130.3 1 0
github.com/devuser/aetherstream/pkg/cluster/server.go:131.2,133.33 2 0
github.com/devuser/aetherstream/pkg/cluster/server.go:133.33,134.24 1 0
github.com/devuser/aetherstream/pkg/cluster/server.go:134.24,136.4 1 0
github.com/devuser/aetherstream/pkg/cluster/server.go:138.2,140.12 3 0
github.com/devuser/aetherstream/pkg/m3u/m3u.go:18.48,21.28 3 1
github.com/devuser/aetherstream/pkg/m3u/m3u.go:21.28,23.14 2 1
github.com/devuser/aetherstream/pkg/m3u/m3u.go:23.14,25.4 1 0
github.com/devuser/aetherstream/pkg/m3u/m3u.go:26.3,26.20 1 1
github.com/devuser/aetherstream/pkg/m3u/m3u.go:26.20,28.4 1 1
github.com/devuser/aetherstream/pkg/m3u/m3u.go:28.9,30.4 1 1
github.com/devuser/aetherstream/pkg/m3u/m3u.go:31.3,31.31 1 1
github.com/devuser/aetherstream/pkg/m3u/m3u.go:33.2,33.20 1 1
github.com/devuser/aetherstream/pkg/m3u/m3u.go:37.73,43.28 6 1
github.com/devuser/aetherstream/pkg/m3u/m3u.go:43.28,45.14 2 1
github.com/devuser/aetherstream/pkg/m3u/m3u.go:45.14,47.4 1 1
github.com/devuser/aetherstream/pkg/m3u/m3u.go:48.3,48.20 1 1
github.com/devuser/aetherstream/pkg/m3u/m3u.go:48.20,50.4 1 0
github.com/devuser/aetherstream/pkg/m3u/m3u.go:50.9,52.4 1 1
github.com/devuser/aetherstream/pkg/m3u/m3u.go:53.3,53.31 1 1
github.com/devuser/aetherstream/pkg/m3u/m3u.go:55.2,55.20 1 1
github.com/devuser/aetherstream/pkg/metadata/musicbrainz.go:32.48,38.2 1 1
github.com/devuser/aetherstream/pkg/metadata/musicbrainz.go:41.54,43.2 1 0
github.com/devuser/aetherstream/pkg/metadata/musicbrainz.go:46.41,50.27 4 1
github.com/devuser/aetherstream/pkg/metadata/musicbrainz.go:50.27,52.3 1 1
github.com/devuser/aetherstream/pkg/metadata/musicbrainz.go:53.2,53.24 1 1
github.com/devuser/aetherstream/pkg/metadata/musicbrainz.go:56.71,58.2 1 1
github.com/devuser/aetherstream/pkg/metadata/musicbrainz.go:60.88,62.2 1 1
github.com/devuser/aetherstream/pkg/metadata/musicbrainz.go:64.70,68.16 3 1
github.com/devuser/aetherstream/pkg/metadata/musicbrainz.go:68.16,70.3 1 0
github.com/devuser/aetherstream/pkg/metadata/musicbrainz.go:71.2,75.16 4 1
github.com/devuser/aetherstream/pkg/metadata/musicbrainz.go:75.16,77.3 1 0
github.com/devuser/aetherstream/pkg/metadata/musicbrainz.go:78.2,80.38 2 1
github.com/devuser/aetherstream/pkg/metadata/musicbrainz.go:80.38,83.3 2 1
github.com/devuser/aetherstream/pkg/metadata/musicbrainz.go:85.2,85.30 1 1
github.com/devuser/aetherstream/pkg/metadata/musicbrainz.go:190.86,191.16 1 1
github.com/devuser/aetherstream/pkg/metadata/musicbrainz.go:191.16,193.3 1 1
github.com/devuser/aetherstream/pkg/metadata/musicbrainz.go:194.2,195.45 2 1
github.com/devuser/aetherstream/pkg/metadata/musicbrainz.go:195.45,197.3 1 1
github.com/devuser/aetherstream/pkg/metadata/musicbrainz.go:199.2,206.16 7 1
github.com/devuser/aetherstream/pkg/metadata/musicbrainz.go:206.16,208.3 1 1
github.com/devuser/aetherstream/pkg/metadata/musicbrainz.go:210.2,211.52 2 1
github.com/devuser/aetherstream/pkg/metadata/musicbrainz.go:211.52,213.3 1 1
github.com/devuser/aetherstream/pkg/metadata/musicbrainz.go:215.2,216.26 2 1
github.com/devuser/aetherstream/pkg/metadata/musicbrainz.go:220.89,221.16 1 1
github.com/devuser/aetherstream/pkg/metadata/musicbrainz.go:221.16,223.3 1 0
github.com/devuser/aetherstream/pkg/metadata/musicbrainz.go:224.2,225.45 2 1
github.com/devuser/aetherstream/pkg/metadata/musicbrainz.go:225.45,227.3 1 0
github.com/devuser/aetherstream/pkg/metadata/musicbrainz.go:229.2,236.16 7 1
github.com/devuser/aetherstream/pkg/metadata/musicbrainz.go:236.16,238.3 1 0
github.com/devuser/aetherstream/pkg/metadata/musicbrainz.go:240.2,241.52 2 1
github.com/devuser/aetherstream/pkg/metadata/musicbrainz.go:241.52,243.3 1 0
github.com/devuser/aetherstream/pkg/metadata/musicbrainz.go:245.2,246.27 2 1
github.com/devuser/aetherstream/pkg/metadata/musicbrainz.go:250.89,251.16 1 1
github.com/devuser/aetherstream/pkg/metadata/musicbrainz.go:251.16,253.3 1 0
github.com/devuser/aetherstream/pkg/metadata/musicbrainz.go:254.2,255.45 2 1
github.com/devuser/aetherstream/pkg/metadata/musicbrainz.go:255.45,257.3 1 0
[...]
github.com/devuser/aetherstream/pkg/trickplay/trickplay.go:90.2,91.26 2 0
github.com/devuser/aetherstream/pkg/trickplay/trickplay.go:91.26,92.56 1 0
github.com/devuser/aetherstream/pkg/trickplay/trickplay.go:92.56,94.4 1 0
github.com/devuser/aetherstream/pkg/trickplay/trickplay.go:96.2,96.14 1 0
github.com/devuser/aetherstream/pkg/trickplay/trickplay.go:100.48,102.16 2 0
github.com/devuser/aetherstream/pkg/trickplay/trickplay.go:102.16,104.3 1 0
github.com/devuser/aetherstream/pkg/trickplay/trickplay.go:105.2,107.26 3 0
github.com/devuser/aetherstream/pkg/trickplay/trickplay.go:107.26,108.95 1 0
github.com/devuser/aetherstream/pkg/trickplay/trickplay.go:108.95,110.4 1 0
github.com/devuser/aetherstream/pkg/trickplay/trickplay.go:112.2,112.15 1 0
github.com/devuser/aetherstream/pkg/thumbnail/thumbnail.go:29.56,30.22 1 1
github.com/devuser/aetherstream/pkg/thumbnail/thumbnail.go:30.22,32.3 1 1
github.com/devuser/aetherstream/pkg/thumbnail/thumbnail.go:33.2,38.3 1 1
github.com/devuser/aetherstream/pkg/thumbnail/thumbnail.go:42.75,44.2 1 0
github.com/devuser/aetherstream/pkg/thumbnail/thumbnail.go:47.77,49.2 1 0
github.com/devuser/aetherstream/pkg/thumbnail/thumbnail.go:52.109,54.16 2 0
github.com/devuser/aetherstream/pkg/thumbnail/thumbnail.go:54.16,56.3 1 0
github.com/devuser/aetherstream/pkg/thumbnail/thumbnail.go:57.2,58.16 2 0
github.com/devuser/aetherstream/pkg/thumbnail/thumbnail.go:58.16,60.3 1 0
github.com/devuser/aetherstream/pkg/thumbnail/thumbnail.go:61.2,61.38 1 0
github.com/devuser/aetherstream/pkg/thumbnail/thumbnail.go:65.63,67.2 1 1
github.com/devuser/aetherstream/pkg/thumbnail/thumbnail.go:70.63,73.2 2 1
github.com/devuser/aetherstream/pkg/thumbnail/thumbnail.go:76.108,79.55 2 1
github.com/devuser/aetherstream/pkg/thumbnail/thumbnail.go:79.55,81.3 1 0
github.com/devuser/aetherstream/pkg/thumbnail/thumbnail.go:84.2,84.44 1 1
github.com/devuser/aetherstream/pkg/thumbnail/thumbnail.go:84.44,86.3 1 1
github.com/devuser/aetherstream/pkg/thumbnail/thumbnail.go:88.2,101.50 3 0
github.com/devuser/aetherstream/pkg/thumbnail/thumbnail.go:101.50,103.3 1 0
github.com/devuser/aetherstream/pkg/thumbnail/thumbnail.go:105.2,105.21 1 0
github.com/devuser/aetherstream/pkg/syncplay/syncplay.go:31.28,35.2 1 1
github.com/devuser/aetherstream/pkg/syncplay/syncplay.go:38.71,52.2 5 1
github.com/devuser/aetherstream/pkg/syncplay/syncplay.go:55.56,60.2 4 0
github.com/devuser/aetherstream/pkg/syncplay/syncplay.go:63.56,67.9 4 1
github.com/devuser/aetherstream/pkg/syncplay/syncplay.go:67.9,69.3 1 0
github.com/devuser/aetherstream/pkg/syncplay/syncplay.go:70.2,73.13 4 1
github.com/devuser/aetherstream/pkg/syncplay/syncplay.go:77.57,81.9 4 1
github.com/devuser/aetherstream/pkg/syncplay/syncplay.go:81.9,83.3 1 0
github.com/devuser/aetherstream/pkg/syncplay/syncplay.go:84.2,87.25 4 1
github.com/devuser/aetherstream/pkg/syncplay/syncplay.go:87.25,89.3 1 0
github.com/devuser/aetherstream/pkg/syncplay/syncplay.go:90.2,90.13 1 1
github.com/devuser/aetherstream/pkg/syncplay/syncplay.go:94.84,98.9 4 0
github.com/devuser/aetherstream/pkg/syncplay/syncplay.go:98.9,100.3 1 0
github.com/devuser/aetherstream/pkg/syncplay/syncplay.go:101.2,106.29 6 0
github.com/devuser/aetherstream/pkg/syncplay/syncplay.go:106.29,108.3 1 0
github.com/devuser/aetherstream/pkg/syncplay/syncplay.go:109.2,120.30 4 0
github.com/devuser/aetherstream/pkg/syncplay/syncplay.go:120.30,121.20 1 0
github.com/devuser/aetherstream/pkg/syncplay/syncplay.go:121.20,123.4 1 0
github.com/devuser/aetherstream/pkg/syncplay/syncplay.go:125.2,125.13 1 0
github.com/devuser/aetherstream/pkg/syncplay/syncplay.go:129.66,133.9 4 0
github.com/devuser/aetherstream/pkg/syncplay/syncplay.go:133.9,135.3 1 0
github.com/devuser/aetherstream/pkg/syncplay/syncplay.go:136.2,138.29 3 0
github.com/devuser/aetherstream/pkg/syncplay/syncplay.go:138.29,140.3 1 0
github.com/devuser/aetherstream/pkg/syncplay/syncplay.go:141.2,142.30 2 0
github.com/devuser/aetherstream/pkg/syncplay/syncplay.go:142.30,144.3 1 0
github.com/devuser/aetherstream/pkg/syncplay/syncplay.go:148.56,152.28 4 0
github.com/devuser/aetherstream/pkg/syncplay/syncplay.go:152.28,164.3 3 0
github.com/devuser/aetherstream/pkg/syncplay/syncplay.go:165.2,165.12 1 0
github.com/devuser/aetherstream/pkg/syncplay/syncplay.go:169.62,177.50 2 0
github.com/devuser/aetherstream/pkg/syncplay/syncplay.go:177.50,180.3 2 0
github.com/devuser/aetherstream/pkg/syncplay/syncplay.go:181.2,181.18 1 0
github.com/devuser/aetherstream/pkg/syncplay/syncplay.go:182.25,183.47 1 0
github.com/devuser/aetherstream/pkg/syncplay/syncplay.go:184.23,185.33 1 0
github.com/devuser/aetherstream/pkg/syncplay/syncplay.go:186.24,187.34 1 0
github.com/devuser/aetherstream/pkg/syncplay/syncplay.go:188.24,189.61 1 0
github.com/devuser/aetherstream/pkg/stream/adaptive.go:19.68,21.2 1 0
github.com/devuser/aetherstream/pkg/stream/adaptive.go:24.127,26.24 1 0
github.com/devuser/aetherstream/pkg/stream/adaptive.go:26.24,28.3 1 0
github.com/devuser/aetherstream/pkg/stream/adaptive.go:31.2,32.16 2 0
github.com/devuser/aetherstream/pkg/stream/adaptive.go:32.16,34.3 1 0
github.com/devuser/aetherstream/pkg/stream/adaptive.go:36.2,40.20 3 0
github.com/devuser/aetherstream/pkg/stream/adaptive.go:41.16,42.27 1 0
github.com/devuser/aetherstream/pkg/stream/adaptive.go:42.27,44.4 1 0
github.com/devuser/aetherstream/pkg/stream/adaptive.go:45.3,45.49 1 0
github.com/devuser/aetherstream/pkg/stream/adaptive.go:46.16,47.27 1 0
github.com/devuser/aetherstream/pkg/stream/adaptive.go:47.27,49.4 1 0
github.com/devuser/aetherstream/pkg/stream/adaptive.go:50.3,50.49 1 0
github.com/devuser/aetherstream/pkg/stream/adaptive.go:51.12,52.27 1 0
github.com/devuser/aetherstream/pkg/stream/adaptive.go:52.27,54.4 1 0
github.com/devuser/aetherstream/pkg/stream/adaptive.go:55.3,55.44 1 0
github.com/devuser/aetherstream/pkg/stream/adaptive.go:55.44,57.4 1 0
github.com/devuser/aetherstream/pkg/stream/adaptive.go:58.3,58.45 1 0
github.com/devuser/aetherstream/pkg/stream/adaptive.go:59.10,61.10 1 0
github.com/devuser/aetherstream/pkg/stream/adaptive.go:62.29,63.54 1 0
github.com/devuser/aetherstream/pkg/stream/adaptive.go:64.29,65.50 1 0
github.com/devuser/aetherstream/pkg/stream/adaptive.go:66.29,67.50 1 0
github.com/devuser/aetherstream/pkg/stream/adaptive.go:68.30,69.46 1 0
github.com/devuser/aetherstream/pkg/stream/adaptive.go:70.11,71.49 1 0
github.com/devuser/aetherstream/pkg/stream/adaptive.go:77.114,82.57 4 0
github.com/devuser/aetherstream/pkg/stream/adaptive.go:82.57,89.17 6 0
github.com/devuser/aetherstream/pkg/stream/adaptive.go:89.17,91.4 1 0
github.com/devuser/aetherstream/pkg/stream/adaptive.go:94.3,98.43 3 0
github.com/devuser/aetherstream/pkg/stream/adaptive.go:102.2,102.54 1 0
github.com/devuser/aetherstream/pkg/stream/adaptive.go:102.54,108.3 2 0
github.com/devuser/aetherstream/pkg/stream/stream.go:26.59,32.2 1 1
github.com/devuser/aetherstream/pkg/stream/stream.go:35.83,37.27 2 1
github.com/devuser/aetherstream/pkg/stream/stream.go:37.27,39.3 1 0
github.com/devuser/aetherstream/pkg/stream/stream.go:40.2,44.36 5 1
github.com/devuser/aetherstream/pkg/stream/stream.go:48.59,52.16 3 1
github.com/devuser/aetherstream/pkg/stream/stream.go:52.16,54.3 1 1
github.com/devuser/aetherstream/pkg/stream/stream.go:56.2,57.23 2 0
github.com/devuser/aetherstream/pkg/stream/stream.go:57.23,59.3 1 0
github.com/devuser/aetherstream/pkg/stream/stream.go:62.2,64.99 3 0
github.com/devuser/aetherstream/pkg/stream/stream.go:64.99,66.3 1 0
github.com/devuser/aetherstream/pkg/stream/stream.go:69.2,69.46 1 0
github.com/devuser/aetherstream/pkg/stream/stream.go:69.46,71.3 1 0
github.com/devuser/aetherstream/pkg/stream/stream.go:74.2,74.26 1 0
github.com/devuser/aetherstream/pkg/stream/stream.go:78.56,85.54 3 1
github.com/devuser/aetherstream/pkg/stream/stream.go:85.54,91.3 2 1
github.com/devuser/aetherstream/pkg/stream/stream.go:94.2,95.24 2 0
github.com/devuser/aetherstream/pkg/stream/stream.go:95.24,97.3 1 0
github.com/devuser/aetherstream/pkg/stream/stream.go:99.2,101.42 3 0
github.com/devuser/aetherstream/pkg/stream/stream.go:105.57,114.107 6 0
github.com/devuser/aetherstream/pkg/stream/stream.go:114.107,116.3 1 0
github.com/devuser/aetherstream/pkg/stream/stream.go:118.2,119.16 2 0
github.com/devuser/aetherstream/pkg/stream/stream.go:119.16,121.3 1 0
github.com/devuser/aetherstream/pkg/stream/stream.go:123.2,124.72 2 0
github.com/devuser/aetherstream/pkg/stream/stream.go:128.57,138.76 7 0
github.com/devuser/aetherstream/pkg/stream/stream.go:138.76,140.3 1 0
github.com/devuser/aetherstream/pkg/stream/stream.go:142.2,142.29 1 0
github.com/devuser/aetherstream/pkg/stream/stream.go:146.52,150.16 3 1
github.com/devuser/aetherstream/pkg/stream/stream.go:150.16,152.3 1 0
github.com/devuser/aetherstream/pkg/stream/stream.go:154.2,155.23 2 1
github.com/devuser/aetherstream/pkg/stream/stream.go:155.23,157.3 1 0
github.com/devuser/aetherstream/pkg/stream/stream.go:159.2,160.16 2 1
github.com/devuser/aetherstream/pkg/stream/stream.go:160.16,162.3 1 1
github.com/devuser/aetherstream/pkg/stream/stream.go:164.2,164.36 1 0
github.com/devuser/aetherstream/pkg/stream/stream.go:168.62,170.16 2 0
github.com/devuser/aetherstream/pkg/stream/stream.go:170.16,172.3 1 0
github.com/devuser/aetherstream/pkg/stream/stream.go:174.2,175.32 2 0
github.com/devuser/aetherstream/pkg/stream/stream.go:175.32,176.20 1 0
github.com/devuser/aetherstream/pkg/stream/stream.go:176.20,178.4 1 0
github.com/devuser/aetherstream/pkg/stream/stream.go:180.2,180.17 1 0
github.com/devuser/aetherstream/pkg/stream/stream.go:191.67,197.2 1 1
github.com/devuser/aetherstream/pkg/stream/stream.go:200.72,202.20 1 1
github.com/devuser/aetherstream/pkg/stream/stream.go:202.20,204.3 1 0
github.com/devuser/aetherstream/pkg/stream/stream.go:206.2,207.16 2 1
github.com/devuser/aetherstream/pkg/stream/stream.go:207.16,209.3 1 1
github.com/devuser/aetherstream/pkg/stream/stream.go:211.2,212.21 2 0
github.com/devuser/aetherstream/pkg/stream/stream.go:212.21,214.3 1 0
github.com/devuser/aetherstream/pkg/stream/stream.go:216.2,218.12 2 0
github.com/devuser/aetherstream/pkg/stream/stream.go:218.12,221.40 2 0
github.com/devuser/aetherstream/pkg/stream/stream.go:221.40,232.55 6 0
github.com/devuser/aetherstream/pkg/stream/stream.go:232.55,235.5 1 0
github.com/devuser/aetherstream/pkg/stream/stream.go:239.2,239.12 1 0
github.com/devuser/aetherstream/pkg/webrtc/signaling.go:32.44,35.44 1 1
github.com/devuser/aetherstream/pkg/webrtc/signaling.go:35.44,35.59 1 0
github.com/devuser/aetherstream/pkg/webrtc/signaling.go:42.83,44.16 2 0
github.com/devuser/aetherstream/pkg/webrtc/signaling.go:44.16,47.3 2 0
github.com/devuser/aetherstream/pkg/webrtc/signaling.go:48.2,60.16 6 0
github.com/devuser/aetherstream/pkg/webrtc/signaling.go:60.16,63.3 2 0
github.com/devuser/aetherstream/pkg/webrtc/signaling.go:64.2,77.15 6 0
github.com/devuser/aetherstream/pkg/webrtc/signaling.go:77.15,82.3 4 0
github.com/devuser/aetherstream/pkg/webrtc/signaling.go:85.2,85.6 1 0
github.com/devuser/aetherstream/pkg/webrtc/signaling.go:85.6,86.10 1 0
github.com/devuser/aetherstream/pkg/webrtc/signaling.go:87.22,88.10 1 0
github.com/devuser/aetherstream/pkg/webrtc/signaling.go:89.11,89.11 0 0
github.com/devuser/aetherstream/pkg/webrtc/signaling.go:92.3,93.17 2 0
github.com/devuser/aetherstream/pkg/webrtc/signaling.go:93.17,96.4 2 0
github.com/devuser/aetherstream/pkg/webrtc/signaling.go:97.3,97.39 1 0
github.com/devuser/aetherstream/pkg/webrtc/signaling.go:97.39,98.12 1 0
github.com/devuser/aetherstream/pkg/webrtc/signaling.go:101.3,102.52 2 0
github.com/devuser/aetherstream/pkg/webrtc/signaling.go:102.52,104.12 2 0
github.com/devuser/aetherstream/pkg/webrtc/signaling.go:107.3,107.62 1 0
github.com/devuser/aetherstream/pkg/webrtc/signaling.go:107.62,109.4 1 0
github.com/devuser/aetherstream/pkg/webrtc/signaling.go:127.101,128.18 1 0
github.com/devuser/aetherstream/pkg/webrtc/signaling.go:129.15,130.38 1 0
github.com/devuser/aetherstream/pkg/webrtc/signaling.go:131.16,132.39 1 0
github.com/devuser/aetherstream/pkg/webrtc/signaling.go:133.23,134.45 1 0
github.com/devuser/aetherstream/pkg/webrtc/signaling.go:135.10,136.60 1 0
github.com/devuser/aetherstream/pkg/webrtc/signaling.go:140.79,146.60 2 0
github.com/devuser/aetherstream/pkg/webrtc/signaling.go:146.60,148.3 1 0
github.com/devuser/aetherstream/pkg/webrtc/signaling.go:150.2,151.16 2 0
github.com/devuser/aetherstream/pkg/webrtc/signaling.go:151.16,153.3 1 0
github.com/devuser/aetherstream/pkg/webrtc/signaling.go:155.2,155.60 1 0
github.com/devuser/aetherstream/pkg/webrtc/signaling.go:155.60,157.3 1 0
github.com/devuser/aetherstream/pkg/webrtc/signaling.go:160.2,167.58 5 0
github.com/devuser/aetherstream/pkg/webrtc/signaling.go:170.80,176.2 2 0
github.com/devuser/aetherstream/pkg/webrtc/signaling.go:178.93,179.16 1 0
github.com/devuser/aetherstream/pkg/webrtc/signaling.go:179.16,181.3 1 0
github.com/devuser/aetherstream/pkg/webrtc/signaling.go:182.2,187.43 2 0
github.com/devuser/aetherstream/pkg/webrtc/signaling.go:191.70,196.2 4 1
github.com/devuser/aetherstream/pkg/webrtc/signaling.go:199.43,203.2 3 1
github.com/devuser/aetherstream/pkg/ws/hub.go:15.42,15.57 1 0
github.com/devuser/aetherstream/pkg/ws/hub.go:38.61,40.16 2 0
github.com/devuser/aetherstream/pkg/ws/hub.go:40.16,43.3 2 0
github.com/devuser/aetherstream/pkg/ws/hub.go:45.2,46.18 2 0
github.com/devuser/aetherstream/pkg/ws/hub.go:46.18,48.3 1 0
github.com/devuser/aetherstream/pkg/ws/hub.go:49.2,50.20 2 0
github.com/devuser/aetherstream/pkg/ws/hub.go:50.20,52.3 1 0
github.com/devuser/aetherstream/pkg/ws/hub.go:54.2,66.15 5 0
github.com/devuser/aetherstream/pkg/ws/hub.go:66.15,71.3 4 0
github.com/devuser/aetherstream/pkg/ws/hub.go:74.2,80.6 3 0
github.com/devuser/aetherstream/pkg/ws/hub.go:80.6,82.17 2 0
github.com/devuser/aetherstream/pkg/ws/hub.go:82.17,83.103 1 0
github.com/devuser/aetherstream/pkg/ws/hub.go:83.103,85.5 1 0
github.com/devuser/aetherstream/pkg/ws/hub.go:86.4,86.9 1 0
github.com/devuser/aetherstream/pkg/ws/hub.go:89.3,89.42 1 0
github.com/devuser/aetherstream/pkg/ws/hub.go:92.2,92.12 1 0
github.com/devuser/aetherstream/pkg/ws/hub.go:95.30,97.15 2 0
github.com/devuser/aetherstream/pkg/ws/hub.go:97.15,100.3 2 0
github.com/devuser/aetherstream/pkg/ws/hub.go:102.2,102.6 1 0
github.com/devuser/aetherstream/pkg/ws/hub.go:102.6,103.10 1 0
github.com/devuser/aetherstream/pkg/ws/hub.go:104.32,106.11 2 0
github.com/devuser/aetherstream/pkg/ws/hub.go:106.11,109.5 2 0
github.com/devuser/aetherstream/pkg/ws/hub.go:110.4,110.59 1 0
github.com/devuser/aetherstream/pkg/ws/hub.go:112.19,114.74 2 0
github.com/devuser/aetherstream/pkg/ws/hub.go:114.74,116.5 1 0
github.com/devuser/aetherstream/pkg/ws/hub.go:121.65,124.2 1 0
github.com/devuser/aetherstream/pkg/ws/hub.go:127.28,130.43 3 1
github.com/devuser/aetherstream/pkg/ws/hub.go:130.43,131.10 1 0
github.com/devuser/aetherstream/pkg/ws/hub.go:132.27,132.27 0 0
github.com/devuser/aetherstream/pkg/ws/hub.go:133.11,133.11 0 0
github.com/devuser/aetherstream/pkg/ws/hub.go:140.49,143.45 3 1
github.com/devuser/aetherstream/pkg/ws/hub.go:143.45,144.60 1 0
github.com/devuser/aetherstream/pkg/ws/hub.go:144.60,145.11 1 0
github.com/devuser/aetherstream/pkg/ws/hub.go:146.28,146.28 0 0
github.com/devuser/aetherstream/pkg/ws/hub.go:147.12,147.12 0 0
github.com/devuser/aetherstream/pkg/livetv/manager.go:53.69,61.2 1 1
github.com/devuser/aetherstream/pkg/livetv/manager.go:64.103,77.2 5 1
github.com/devuser/aetherstream/pkg/livetv/manager.go:80.59,84.9 4 1
github.com/devuser/aetherstream/pkg/livetv/manager.go:84.9,86.3 1 1
github.com/devuser/aetherstream/pkg/livetv/manager.go:87.2,87.16 1 1
github.com/devuser/aetherstream/pkg/livetv/manager.go:91.45,95.32 4 1
github.com/devuser/aetherstream/pkg/livetv/manager.go:95.32,96.17 1 1
github.com/devuser/aetherstream/pkg/livetv/manager.go:96.17,98.4 1 1
github.com/devuser/aetherstream/pkg/livetv/manager.go:100.2,100.41 1 1
github.com/devuser/aetherstream/pkg/livetv/manager.go:100.41,102.3 1 1
github.com/devuser/aetherstream/pkg/livetv/manager.go:103.2,103.15 1 1
github.com/devuser/aetherstream/pkg/livetv/manager.go:107.90,108.17 1 0
github.com/devuser/aetherstream/pkg/livetv/manager.go:108.17,110.3 1 0
github.com/devuser/aetherstream/pkg/livetv/manager.go:112.2,113.16 2 0
github.com/devuser/aetherstream/pkg/livetv/manager.go:113.16,115.3 1 0
github.com/devuser/aetherstream/pkg/livetv/manager.go:116.2,118.32 2 0
github.com/devuser/aetherstream/pkg/livetv/manager.go:118.32,119.63 1 0
github.com/devuser/aetherstream/pkg/livetv/manager.go:119.63,121.4 1 0
github.com/devuser/aetherstream/pkg/livetv/manager.go:123.2,125.12 3 0
github.com/devuser/aetherstream/pkg/livetv/manager.go:156.47,159.16 2 0
github.com/devuser/aetherstream/pkg/livetv/manager.go:159.16,161.3 1 0
github.com/devuser/aetherstream/pkg/livetv/manager.go:163.2,164.52 2 0
github.com/devuser/aetherstream/pkg/livetv/manager.go:164.52,166.3 1 0
github.com/devuser/aetherstream/pkg/livetv/manager.go:169.2,170.37 2 0
github.com/devuser/aetherstream/pkg/livetv/manager.go:170.37,182.3 4 0
github.com/devuser/aetherstream/pkg/livetv/manager.go:184.2,184.41 1 0
github.com/devuser/aetherstream/pkg/livetv/manager.go:184.41,186.3 1 0
github.com/devuser/aetherstream/pkg/livetv/manager.go:188.2,189.12 2 0
github.com/devuser/aetherstream/pkg/livetv/manager.go:193.57,194.60 1 0
github.com/devuser/aetherstream/pkg/livetv/manager.go:194.60,196.3 1 0
github.com/devuser/aetherstream/pkg/livetv/manager.go:197.2,197.12 1 0
github.com/devuser/aetherstream/pkg/livetv/manager.go:201.67,204.29 3 0
github.com/devuser/aetherstream/pkg/livetv/manager.go:204.29,205.47 1 0
github.com/devuser/aetherstream/pkg/livetv/manager.go:205.47,207.4 1 0
github.com/devuser/aetherstream/pkg/livetv/manager.go:209.2,209.12 1 0
github.com/devuser/aetherstream/pkg/livetv/manager.go:213.50,214.17 1 1
github.com/devuser/aetherstream/pkg/livetv/manager.go:214.17,216.3 1 0
github.com/devuser/aetherstream/pkg/livetv/manager.go:218.2,219.33 2 1
github.com/devuser/aetherstream/pkg/livetv/manager.go:219.33,221.3 1 1
github.com/devuser/aetherstream/pkg/livetv/manager.go:223.2,224.55 2 1
github.com/devuser/aetherstream/pkg/livetv/manager.go:240.98,242.16 2 1
github.com/devuser/aetherstream/pkg/livetv/manager.go:242.16,244.3 1 0
github.com/devuser/aetherstream/pkg/livetv/manager.go:246.2,256.17 3 1
github.com/devuser/aetherstream/pkg/livetv/manager.go:260.96,262.16 2 0
github.com/devuser/aetherstream/pkg/livetv/manager.go:262.16,264.3 1 0
github.com/devuser/aetherstream/pkg/livetv/manager.go:266.2,278.17 3 0
github.com/devuser/aetherstream/pkg/livetv/manager.go:282.61,284.16 2 0
github.com/devuser/aetherstream/pkg/livetv/manager.go:284.16,288.3 3 0
github.com/devuser/aetherstream/pkg/livetv/manager.go:289.2,292.16 3 0
github.com/devuser/aetherstream/pkg/livetv/manager.go:292.16,296.3 3 0
github.com/devuser/aetherstream/pkg/livetv/manager.go:297.2,301.12 3 0
github.com/devuser/aetherstream/pkg/livetv/manager.go:301.12,304.3 2 0
github.com/devuser/aetherstream/pkg/livetv/manager.go:306.2,307.16 2 0
github.com/devuser/aetherstream/pkg/livetv/manager.go:307.16,311.3 3 0
github.com/devuser/aetherstream/pkg/livetv/manager.go:312.2,313.88 2 0
github.com/devuser/aetherstream/pkg/livetv/manager.go:334.71,341.2 2 1
github.com/devuser/aetherstream/pkg/livetv/manager.go:344.93,349.55 4 1
github.com/devuser/aetherstream/pkg/livetv/manager.go:349.55,351.3 1 0
github.com/devuser/aetherstream/pkg/livetv/manager.go:353.2,359.34 2 1
github.com/devuser/aetherstream/pkg/livetv/manager.go:359.34,362.48 2 1
github.com/devuser/aetherstream/pkg/livetv/manager.go:362.48,364.4 1 0
github.com/devuser/aetherstream/pkg/livetv/manager.go:365.3,365.30 1 1
github.com/devuser/aetherstream/pkg/livetv/manager.go:368.2,369.18 2 1
github.com/devuser/aetherstream/pkg/livetv/manager.go:373.48,382.33 7 1
github.com/devuser/aetherstream/pkg/livetv/manager.go:382.33,384.3 1 1
github.com/devuser/aetherstream/pkg/livetv/manager.go:386.2,386.20 1 1
