mode: set
github.com/devuser/aetherstream/pkg/auth/auth.go:31.64,32.22 1 1
github.com/devuser/aetherstream/pkg/auth/auth.go:32.22,34.3 1 1
github.com/devuser/aetherstream/pkg/auth/auth.go:35.2,38.8 1 1
github.com/devuser/aetherstream/pkg/auth/auth.go:42.80,58.2 4 1
github.com/devuser/aetherstream/pkg/auth/auth.go:61.70,62.104 1 1
github.com/devuser/aetherstream/pkg/auth/auth.go:62.104,63.58 1 1
github.com/devuser/aetherstream/pkg/auth/auth.go:63.58,65.4 1 0
github.com/devuser/aetherstream/pkg/auth/auth.go:66.3,66.23 1 1
github.com/devuser/aetherstream/pkg/auth/auth.go:68.2,68.16 1 1
github.com/devuser/aetherstream/pkg/auth/auth.go:68.16,70.3 1 1
github.com/devuser/aetherstream/pkg/auth/auth.go:72.2,72.61 1 1
github.com/devuser/aetherstream/pkg/auth/auth.go:72.61,74.3 1 1
github.com/devuser/aetherstream/pkg/auth/auth.go:75.2,75.48 1 0
github.com/devuser/aetherstream/pkg/auth/auth.go:79.52,80.54 1 0
github.com/devuser/aetherstream/pkg/auth/auth.go:80.54,81.37 1 0
github.com/devuser/aetherstream/pkg/auth/auth.go:81.37,83.24 2 0
github.com/devuser/aetherstream/pkg/auth/auth.go:83.24,85.5 1 0
github.com/devuser/aetherstream/pkg/auth/auth.go:87.4,88.64 2 0
github.com/devuser/aetherstream/pkg/auth/auth.go:88.64,90.5 1 0
github.com/devuser/aetherstream/pkg/auth/auth.go:92.4,93.18 2 0
github.com/devuser/aetherstream/pkg/auth/auth.go:93.18,95.5 1 0
github.com/devuser/aetherstream/pkg/auth/auth.go:97.4,98.18 2 0
github.com/devuser/aetherstream/pkg/auth/auth.go:104.51,105.54 1 1
github.com/devuser/aetherstream/pkg/auth/auth.go:105.54,106.37 1 1
github.com/devuser/aetherstream/pkg/auth/auth.go:106.37,108.11 2 1
github.com/devuser/aetherstream/pkg/auth/auth.go:108.11,110.5 1 1
github.com/devuser/aetherstream/pkg/auth/auth.go:111.4,111.49 1 0
github.com/devuser/aetherstream/pkg/auth/auth.go:111.49,113.5 1 0
github.com/devuser/aetherstream/pkg/auth/auth.go:114.4,114.18 1 0
github.com/devuser/aetherstream/pkg/auth/auth.go:120.38,121.45 1 0
github.com/devuser/aetherstream/pkg/auth/auth.go:121.45,123.3 1 0
github.com/devuser/aetherstream/pkg/auth/auth.go:124.2,124.12 1 0
github.com/devuser/aetherstream/pkg/auth/rbac.go:65.55,67.9 2 1
github.com/devuser/aetherstream/pkg/auth/rbac.go:67.9,69.3 1 1
github.com/devuser/aetherstream/pkg/auth/rbac.go:70.2,70.34 1 1
github.com/devuser/aetherstream/pkg/auth/rbac.go:70.34,71.34 1 1
github.com/devuser/aetherstream/pkg/auth/rbac.go:71.34,73.4 1 1
github.com/devuser/aetherstream/pkg/auth/rbac.go:75.3,75.41 1 1
github.com/devuser/aetherstream/pkg/auth/rbac.go:75.41,77.51 2 1
github.com/devuser/aetherstream/pkg/auth/rbac.go:77.51,79.5 1 1
github.com/devuser/aetherstream/pkg/auth/rbac.go:82.2,82.14 1 1
github.com/devuser/aetherstream/pkg/auth/rbac.go:86.41,87.67 1 0
github.com/devuser/aetherstream/pkg/auth/rbac.go:87.67,89.3 1 0
github.com/devuser/aetherstream/pkg/auth/rbac.go:90.2,90.11 1 0
github.com/devuser/aetherstream/pkg/auth/rbac.go:94.61,95.54 1 0
github.com/devuser/aetherstream/pkg/auth/rbac.go:95.54,96.37 1 0
github.com/devuser/aetherstream/pkg/auth/rbac.go:96.37,98.18 2 0
github.com/devuser/aetherstream/pkg/auth/rbac.go:98.18,100.5 1 0
github.com/devuser/aetherstream/pkg/auth/rbac.go:101.4,101.34 1 0
github.com/devuser/aetherstream/pkg/auth/rbac.go:101.34,103.5 1 0
github.com/devuser/aetherstream/pkg/auth/rbac.go:104.4,104.18 1 0
github.com/devuser/aetherstream/pkg/auth/rbac.go:110.68,111.54 1 0
github.com/devuser/aetherstream/pkg/auth/rbac.go:111.54,112.37 1 0
github.com/devuser/aetherstream/pkg/auth/rbac.go:112.37,114.18 2 0
github.com/devuser/aetherstream/pkg/auth/rbac.go:114.18,116.5 1 0
github.com/devuser/aetherstream/pkg/auth/rbac.go:117.4,117.31 1 0
github.com/devuser/aetherstream/pkg/auth/rbac.go:117.31,118.34 1 0
github.com/devuser/aetherstream/pkg/auth/rbac.go:118.34,120.6 1 0
github.com/devuser/aetherstream/pkg/auth/rbac.go:122.4,122.65 1 0
github.com/devuser/aetherstream/pkg/auth/rbac.go:128.57,130.9 2 1
github.com/devuser/aetherstream/pkg/auth/rbac.go:130.9,132.3 1 1
github.com/devuser/aetherstream/pkg/auth/rbac.go:133.2,133.27 1 1
github.com/devuser/aetherstream/pkg/auth/rbac.go:137.27,139.25 2 1
github.com/devuser/aetherstream/pkg/auth/rbac.go:139.25,141.3 1 1
github.com/devuser/aetherstream/pkg/auth/rbac.go:142.2,142.14 1 1
github.com/devuser/aetherstream/pkg/auth/rbac.go:146.47,151.2 1 1
github.com/devuser/aetherstream/pkg/auth/rbac.go:154.36,155.58 1 1
github.com/devuser/aetherstream/pkg/auth/rbac.go:155.58,157.3 1 1
github.com/devuser/aetherstream/pkg/auth/rbac.go:158.2,159.12 2 1
github.com/devuser/aetherstream/pkg/auth/sso.go:36.74,42.2 1 1
github.com/devuser/aetherstream/pkg/auth/sso.go:45.38,45.55 1 1
github.com/devuser/aetherstream/pkg/auth/sso.go:48.53,55.2 6 1
github.com/devuser/aetherstream/pkg/auth/sso.go:58.70,66.2 1 1
github.com/devuser/aetherstream/pkg/auth/sso.go:78.87,79.22 1 1
github.com/devuser/aetherstream/pkg/auth/sso.go:79.22,81.3 1 1
github.com/devuser/aetherstream/pkg/auth/sso.go:82.2,88.3 1 1
github.com/devuser/aetherstream/pkg/auth/sso.go:92.38,92.55 1 1
github.com/devuser/aetherstream/pkg/auth/sso.go:95.53,95.66 1 1
github.com/devuser/aetherstream/pkg/auth/sso.go:99.72,101.21 2 1
github.com/devuser/aetherstream/pkg/auth/sso.go:101.21,103.3 1 1
github.com/devuser/aetherstream/pkg/auth/sso.go:104.2,111.8 3 1
github.com/devuser/aetherstream/pkg/auth/sso.go:122.126,137.2 1 1
github.com/devuser/aetherstream/pkg/auth/sso.go:140.42,140.59 1 1
github.com/devuser/aetherstream/pkg/auth/sso.go:143.57,145.2 1 1
github.com/devuser/aetherstream/pkg/auth/sso.go:148.69,151.16 3 0
github.com/devuser/aetherstream/pkg/auth/sso.go:151.16,153.3 1 0
github.com/devuser/aetherstream/pkg/auth/sso.go:155.2,156.16 2 0
github.com/devuser/aetherstream/pkg/auth/sso.go:156.16,158.3 1 0
github.com/devuser/aetherstream/pkg/auth/sso.go:159.2,162.16 3 0
github.com/devuser/aetherstream/pkg/auth/sso.go:162.16,164.3 1 0
github.com/devuser/aetherstream/pkg/auth/sso.go:165.2,167.38 2 0
github.com/devuser/aetherstream/pkg/auth/sso.go:167.38,169.3 1 0
github.com/devuser/aetherstream/pkg/auth/sso.go:171.2,176.65 2 0
github.com/devuser/aetherstream/pkg/auth/sso.go:176.65,178.3 1 0
github.com/devuser/aetherstream/pkg/auth/sso.go:180.2,185.8 1 0
github.com/devuser/aetherstream/pkg/auth/sso.go:204.70,205.22 1 1
github.com/devuser/aetherstream/pkg/auth/sso.go:205.22,207.3 1 1
github.com/devuser/aetherstream/pkg/auth/sso.go:208.2,212.8 1 1
github.com/devuser/aetherstream/pkg/auth/sso.go:216.54,218.2 1 1
github.com/devuser/aetherstream/pkg/auth/sso.go:221.67,224.2 2 1
github.com/devuser/aetherstream/pkg/auth/sso.go:227.83,240.2 4 1
github.com/devuser/aetherstream/pkg/auth/sso.go:243.79,244.83 1 1
github.com/devuser/aetherstream/pkg/auth/sso.go:244.83,245.58 1 1
github.com/devuser/aetherstream/pkg/auth/sso.go:245.58,247.4 1 0
github.com/devuser/aetherstream/pkg/auth/sso.go:248.3,248.26 1 1
github.com/devuser/aetherstream/pkg/auth/sso.go:250.2,250.16 1 1
github.com/devuser/aetherstream/pkg/auth/sso.go:250.16,252.3 1 1
github.com/devuser/aetherstream/pkg/auth/sso.go:253.2,253.67 1 1
github.com/devuser/aetherstream/pkg/auth/sso.go:253.67,255.3 1 1
github.com/devuser/aetherstream/pkg/auth/sso.go:256.2,256.48 1 0
github.com/devuser/aetherstream/pkg/auth/sso.go:260.38,262.55 2 1
github.com/devuser/aetherstream/pkg/auth/sso.go:262.55,264.3 1 0
github.com/devuser/aetherstream/pkg/auth/sso.go:265.2,265.50 1 1
github.com/devuser/aetherstream/pkg/auth/sso.go:269.71,270.36 1 0
github.com/devuser/aetherstream/pkg/auth/sso.go:270.36,272.10 2 0
github.com/devuser/aetherstream/pkg/auth/sso.go:272.10,274.4 1 0
github.com/devuser/aetherstream/pkg/auth/sso.go:275.3,276.17 2 0
github.com/devuser/aetherstream/pkg/auth/sso.go:276.17,278.4 1 0
github.com/devuser/aetherstream/pkg/auth/sso.go:280.3,289.56 2 0
github.com/devuser/aetherstream/pkg/auth/sso.go:294.79,295.36 1 0
github.com/devuser/aetherstream/pkg/auth/sso.go:295.36,297.10 2 0
github.com/devuser/aetherstream/pkg/auth/sso.go:297.10,299.4 1 0
github.com/devuser/aetherstream/pkg/auth/sso.go:300.3,301.17 2 0
github.com/devuser/aetherstream/pkg/auth/sso.go:301.17,303.4 1 0
github.com/devuser/aetherstream/pkg/auth/sso.go:304.3,305.17 2 0
github.com/devuser/aetherstream/pkg/auth/sso.go:305.17,307.4 1 0
github.com/devuser/aetherstream/pkg/auth/sso.go:309.3,310.17 2 0
github.com/devuser/aetherstream/pkg/auth/sso.go:310.17,312.4 1 0
github.com/devuser/aetherstream/pkg/auth/sso.go:313.3,317.5 1 0
github.com/devuser/aetherstream/pkg/audit/audit.go:15.36,17.2 1 1
github.com/devuser/aetherstream/pkg/audit/audit.go:20.34,38.45 2 1
github.com/devuser/aetherstream/pkg/audit/audit.go:38.45,40.3 1 0
github.com/devuser/aetherstream/pkg/audit/audit.go:41.2,41.12 1 1
github.com/devuser/aetherstream/pkg/audit/audit.go:58.31,60.12 1 1
github.com/devuser/aetherstream/pkg/audit/audit.go:60.12,66.3 1 1
github.com/devuser/aetherstream/pkg/audit/audit.go:70.52,71.16 1 1
github.com/devuser/aetherstream/pkg/audit/audit.go:71.16,73.3 1 0
github.com/devuser/aetherstream/pkg/audit/audit.go:74.2,77.16 2 1
github.com/devuser/aetherstream/pkg/audit/audit.go:77.16,79.3 1 0
github.com/devuser/aetherstream/pkg/audit/audit.go:80.2,83.18 3 1
github.com/devuser/aetherstream/pkg/audit/audit.go:83.18,86.136 3 1
github.com/devuser/aetherstream/pkg/audit/audit.go:86.136,87.12 1 0
github.com/devuser/aetherstream/pkg/audit/audit.go:89.3,90.27 2 1
github.com/devuser/aetherstream/pkg/audit/audit.go:90.27,92.4 1 0
github.com/devuser/aetherstream/pkg/audit/audit.go:93.3,93.29 1 1
github.com/devuser/aetherstream/pkg/audit/audit.go:95.2,95.20 1 1
github.com/devuser/aetherstream/pkg/autocollections/autocollections.go:28.28,30.2 1 0
github.com/devuser/aetherstream/pkg/autocollections/autocollections.go:33.30,54.2 3 0
github.com/devuser/aetherstream/pkg/autocollections/autocollections.go:57.97,61.16 3 0
github.com/devuser/aetherstream/pkg/autocollections/autocollections.go:61.16,63.3 1 0
github.com/devuser/aetherstream/pkg/autocollections/autocollections.go:64.2,64.120 1 0
github.com/devuser/aetherstream/pkg/autocollections/autocollections.go:68.94,72.99 4 0
github.com/devuser/aetherstream/pkg/autocollections/autocollections.go:72.99,74.3 1 0
github.com/devuser/aetherstream/pkg/autocollections/autocollections.go:75.2,82.16 3 0
github.com/devuser/aetherstream/pkg/autocollections/autocollections.go:82.16,84.3 1 0
github.com/devuser/aetherstream/pkg/autocollections/autocollections.go:85.2,87.18 3 0
github.com/devuser/aetherstream/pkg/autocollections/autocollections.go:87.18,89.74 2 0
github.com/devuser/aetherstream/pkg/autocollections/autocollections.go:89.74,90.12 1 0
github.com/devuser/aetherstream/pkg/autocollections/autocollections.go:92.3,92.118 1 0
github.com/devuser/aetherstream/pkg/autocollections/autocollections.go:94.2,94.24 1 0
github.com/devuser/aetherstream/pkg/autocollections/autocollections.go:98.76,100.16 2 0
github.com/devuser/aetherstream/pkg/autocollections/autocollections.go:100.16,102.3 1 0
github.com/devuser/aetherstream/pkg/autocollections/autocollections.go:103.2,105.18 3 0
github.com/devuser/aetherstream/pkg/autocollections/autocollections.go:105.18,108.101 3 0
github.com/devuser/aetherstream/pkg/autocollections/autocollections.go:108.101,109.12 1 0
github.com/devuser/aetherstream/pkg/autocollections/autocollections.go:111.3,112.25 2 0
github.com/devuser/aetherstream/pkg/autocollections/autocollections.go:114.2,114.17 1 0
github.com/devuser/aetherstream/pkg/autocollections/autocollections.go:118.52,121.2 2 0
github.com/devuser/aetherstream/pkg/autocollections/autocollections.go:124.73,127.2 2 0
github.com/devuser/aetherstream/pkg/autocollections/autocollections.go:130.78,133.2 2 0
github.com/devuser/aetherstream/pkg/autocollections/autocollections.go:137.67,143.16 4 0
github.com/devuser/aetherstream/pkg/autocollections/autocollections.go:143.16,145.3 1 0
github.com/devuser/aetherstream/pkg/autocollections/autocollections.go:150.2,151.16 2 0
github.com/devuser/aetherstream/pkg/autocollections/autocollections.go:151.16,153.3 1 0
github.com/devuser/aetherstream/pkg/autocollections/autocollections.go:154.2,155.18 2 0
github.com/devuser/aetherstream/pkg/autocollections/autocollections.go:155.18,157.41 2 0
github.com/devuser/aetherstream/pkg/autocollections/autocollections.go:157.41,158.12 1 0
github.com/devuser/aetherstream/pkg/autocollections/autocollections.go:160.3,161.17 2 0
github.com/devuser/aetherstream/pkg/autocollections/autocollections.go:161.17,162.12 1 0
github.com/devuser/aetherstream/pkg/autocollections/autocollections.go:165.3,166.17 2 0
github.com/devuser/aetherstream/pkg/autocollections/autocollections.go:166.17,167.12 1 0
github.com/devuser/aetherstream/pkg/autocollections/autocollections.go:169.3,169.23 1 0
github.com/devuser/aetherstream/pkg/autocollections/autocollections.go:169.23,171.49 2 0
github.com/devuser/aetherstream/pkg/autocollections/autocollections.go:171.49,172.13 1 0
github.com/devuser/aetherstream/pkg/autocollections/autocollections.go:174.4,174.48 1 0
github.com/devuser/aetherstream/pkg/autocollections/autocollections.go:176.3,176.23 1 0
github.com/devuser/aetherstream/pkg/autocollections/autocollections.go:178.2,178.12 1 0
github.com/devuser/aetherstream/pkg/cache/cache.go:34.41,35.18 1 1
github.com/devuser/aetherstream/pkg/cache/cache.go:35.18,37.3 1 1
github.com/devuser/aetherstream/pkg/cache/cache.go:38.2,42.3 1 1
github.com/devuser/aetherstream/pkg/cache/cache.go:47.56,52.9 4 1
github.com/devuser/aetherstream/pkg/cache/cache.go:52.9,54.3 1 1
github.com/devuser/aetherstream/pkg/cache/cache.go:56.2,57.35 2 1
github.com/devuser/aetherstream/pkg/cache/cache.go:57.35,60.3 2 1
github.com/devuser/aetherstream/pkg/cache/cache.go:62.2,63.22 2 1
github.com/devuser/aetherstream/pkg/cache/cache.go:67.74,71.32 3 1
github.com/devuser/aetherstream/pkg/cache/cache.go:71.32,76.3 4 1
github.com/devuser/aetherstream/pkg/cache/cache.go:78.2,86.31 4 1
github.com/devuser/aetherstream/pkg/cache/cache.go:86.31,88.3 1 1
github.com/devuser/aetherstream/pkg/cache/cache.go:92.39,96.32 3 1
github.com/devuser/aetherstream/pkg/cache/cache.go:96.32,98.3 1 1
github.com/devuser/aetherstream/pkg/cache/cache.go:102.28,108.2 4 1
github.com/devuser/aetherstream/pkg/cache/cache.go:111.52,115.2 3 1
github.com/devuser/aetherstream/pkg/cache/cache.go:118.34,120.15 2 1
github.com/devuser/aetherstream/pkg/cache/cache.go:120.15,122.3 1 1
github.com/devuser/aetherstream/pkg/cache/cache.go:128.42,130.2 1 1
github.com/devuser/aetherstream/pkg/cache/cache.go:133.38,135.2 1 1
github.com/devuser/aetherstream/pkg/cache/cache.go:138.38,140.2 1 1
github.com/devuser/aetherstream/cmd/aetherstream/main.go:28.13,35.16 4 0
github.com/devuser/aetherstream/cmd/aetherstream/main.go:35.16,37.3 1 0
github.com/devuser/aetherstream/cmd/aetherstream/main.go:40.2,41.16 2 0
github.com/devuser/aetherstream/cmd/aetherstream/main.go:41.16,43.3 1 0
github.com/devuser/aetherstream/cmd/aetherstream/main.go:44.2,46.43 2 0
github.com/devuser/aetherstream/cmd/aetherstream/main.go:46.43,48.3 1 0
github.com/devuser/aetherstream/cmd/aetherstream/main.go:51.2,52.16 2 0
github.com/devuser/aetherstream/cmd/aetherstream/main.go:52.16,54.3 1 0
github.com/devuser/aetherstream/cmd/aetherstream/main.go:57.2,58.16 2 0
github.com/devuser/aetherstream/cmd/aetherstream/main.go:58.16,62.3 2 0
github.com/devuser/aetherstream/cmd/aetherstream/main.go:65.2,86.12 12 0
github.com/devuser/aetherstream/cmd/aetherstream/main.go:86.12,88.60 2 0
github.com/devuser/aetherstream/cmd/aetherstream/main.go:88.60,90.4 1 0
github.com/devuser/aetherstream/cmd/aetherstream/main.go:91.3,100.49 5 0
github.com/devuser/aetherstream/cmd/aetherstream/main.go:100.49,102.4 1 0
github.com/devuser/aetherstream/cmd/aetherstream/main.go:106.2,107.16 2 0
github.com/devuser/aetherstream/cmd/aetherstream/main.go:107.16,109.3 1 0
github.com/devuser/aetherstream/cmd/aetherstream/main.go:110.2,121.21 6 0
github.com/devuser/aetherstream/cmd/aetherstream/main.go:121.21,123.3 1 0
github.com/devuser/aetherstream/cmd/aetherstream/main.go:124.2,126.45 3 0
github.com/devuser/aetherstream/cmd/aetherstream/main.go:126.45,128.3 1 0
github.com/devuser/aetherstream/cmd/aetherstream/main.go:131.2,132.43 2 0
github.com/devuser/aetherstream/cmd/aetherstream/main.go:132.43,134.3 1 0
github.com/devuser/aetherstream/cmd/aetherstream/main.go:135.2,138.12 2 0
github.com/devuser/aetherstream/cmd/aetherstream/main.go:138.12,141.70 3 0
github.com/devuser/aetherstream/cmd/aetherstream/main.go:141.70,143.4 1 0
github.com/devuser/aetherstream/cmd/aetherstream/main.go:147.2,154.40 7 0
github.com/devuser/aetherstream/cmd/aetherstream/main.go:154.40,156.3 1 0
github.com/devuser/aetherstream/pkg/cast/airplay.go:23.62,30.2 1 1
github.com/devuser/aetherstream/pkg/cast/airplay.go:33.44,36.2 2 0
github.com/devuser/aetherstream/pkg/cast/airplay.go:39.37,41.2 1 0
github.com/devuser/aetherstream/pkg/cast/airplay.go:44.58,48.31 4 0
github.com/devuser/aetherstream/pkg/cast/airplay.go:48.31,49.26 1 0
github.com/devuser/aetherstream/pkg/cast/airplay.go:49.26,51.4 1 0
github.com/devuser/aetherstream/pkg/cast/airplay.go:53.2,53.12 1 0
github.com/devuser/aetherstream/pkg/cast/airplay.go:57.97,62.9 4 0
github.com/devuser/aetherstream/pkg/cast/airplay.go:62.9,64.3 1 0
github.com/devuser/aetherstream/pkg/cast/airplay.go:66.2,82.18 5 0
github.com/devuser/aetherstream/pkg/cast/airplay.go:86.66,91.9 4 0
github.com/devuser/aetherstream/pkg/cast/airplay.go:91.9,93.3 1 0
github.com/devuser/aetherstream/pkg/cast/airplay.go:96.2,101.12 5 0
github.com/devuser/aetherstream/pkg/cast/airplay.go:105.76,110.2 4 0
github.com/devuser/aetherstream/pkg/cast/airplay.go:114.50,122.6 3 0
github.com/devuser/aetherstream/pkg/cast/airplay.go:122.6,123.10 1 0
github.com/devuser/aetherstream/pkg/cast/airplay.go:124.20,125.10 1 0
github.com/devuser/aetherstream/pkg/cast/airplay.go:126.19,127.21 1 0
github.com/devuser/aetherstream/pkg/cast/airplay.go:132.90,137.40 4 0
github.com/devuser/aetherstream/pkg/cast/airplay.go:137.40,140.3 2 0
github.com/devuser/aetherstream/pkg/cast/airplay.go:142.2,142.16 1 0
github.com/devuser/aetherstream/pkg/cast/airplay.go:142.16,144.3 1 0
github.com/devuser/aetherstream/pkg/cast/airplay.go:146.2,154.106 2 0
github.com/devuser/aetherstream/pkg/cast/airplay.go:157.45,162.32 4 0
github.com/devuser/aetherstream/pkg/cast/airplay.go:162.32,163.26 1 0
github.com/devuser/aetherstream/pkg/cast/airplay.go:163.26,166.4 2 0
github.com/devuser/aetherstream/pkg/cast/airplay.go:178.88,183.16 4 0
github.com/devuser/aetherstream/pkg/cast/airplay.go:183.16,187.3 3 0
github.com/devuser/aetherstream/pkg/cast/airplay.go:188.2,193.16 5 0
github.com/devuser/aetherstream/pkg/cast/airplay.go:193.16,197.3 3 0
github.com/devuser/aetherstream/pkg/cast/airplay.go:198.2,200.53 2 0
github.com/devuser/aetherstream/pkg/cast/airplay.go:200.53,203.3 2 0
github.com/devuser/aetherstream/pkg/cast/airplay.go:203.8,206.3 2 0
github.com/devuser/aetherstream/pkg/cast/airplay.go:209.54,210.39 1 0
github.com/devuser/aetherstream/pkg/cast/airplay.go:210.39,212.3 1 0
github.com/devuser/aetherstream/pkg/cast/airplay.go:213.2,215.16 3 0
github.com/devuser/aetherstream/pkg/cast/airplay.go:215.16,217.3 1 0
github.com/devuser/aetherstream/pkg/cast/airplay.go:218.2,221.16 4 0
github.com/devuser/aetherstream/pkg/cast/airplay.go:221.16,223.3 1 0
github.com/devuser/aetherstream/pkg/cast/airplay.go:224.2,224.23 1 0
github.com/devuser/aetherstream/pkg/cast/airplay.go:227.74,230.44 3 0
github.com/devuser/aetherstream/pkg/cast/airplay.go:230.44,233.3 2 0
github.com/devuser/aetherstream/pkg/cast/airplay.go:237.59,241.9 4 0
github.com/devuser/aetherstream/pkg/cast/airplay.go:241.9,243.3 1 0
github.com/devuser/aetherstream/pkg/cast/airplay.go:244.2,246.12 3 0
github.com/devuser/aetherstream/pkg/cast/airplay.go:250.60,254.9 4 0
github.com/devuser/aetherstream/pkg/cast/airplay.go:254.9,256.3 1 0
github.com/devuser/aetherstream/pkg/cast/airplay.go:257.2,259.12 3 0
github.com/devuser/aetherstream/pkg/cast/airplay.go:263.73,265.2 1 0
github.com/devuser/aetherstream/pkg/cast/airplay.go:268.70,270.2 1 0
github.com/devuser/aetherstream/pkg/cast/airplay.go:273.57,277.2 3 0
github.com/devuser/aetherstream/pkg/cast/airplay.go:280.54,284.2 3 0
github.com/devuser/aetherstream/pkg/cast/chromecast.go:47.68,54.2 1 1
github.com/devuser/aetherstream/pkg/cast/chromecast.go:57.47,61.2 3 0
github.com/devuser/aetherstream/pkg/cast/chromecast.go:64.40,66.2 1 0
github.com/devuser/aetherstream/pkg/cast/chromecast.go:69.61,73.31 4 0
github.com/devuser/aetherstream/pkg/cast/chromecast.go:73.31,74.29 1 0
github.com/devuser/aetherstream/pkg/cast/chromecast.go:74.29,76.4 1 0
github.com/devuser/aetherstream/pkg/cast/chromecast.go:78.2,78.12 1 0
github.com/devuser/aetherstream/pkg/cast/chromecast.go:82.100,87.9 4 0
github.com/devuser/aetherstream/pkg/cast/chromecast.go:87.9,89.3 1 0
github.com/devuser/aetherstream/pkg/cast/chromecast.go:91.2,109.18 5 0
github.com/devuser/aetherstream/pkg/cast/chromecast.go:113.69,118.9 4 0
github.com/devuser/aetherstream/pkg/cast/chromecast.go:118.9,120.3 1 0
github.com/devuser/aetherstream/pkg/cast/chromecast.go:122.2,125.12 4 0
github.com/devuser/aetherstream/pkg/cast/chromecast.go:129.79,134.2 4 0
github.com/devuser/aetherstream/pkg/cast/chromecast.go:138.53,140.16 2 0
github.com/devuser/aetherstream/pkg/cast/chromecast.go:140.16,143.3 2 0
github.com/devuser/aetherstream/pkg/cast/chromecast.go:145.2,146.16 2 0
github.com/devuser/aetherstream/pkg/cast/chromecast.go:146.16,149.3 2 0
github.com/devuser/aetherstream/pkg/cast/chromecast.go:150.2,153.6 3 0
github.com/devuser/aetherstream/pkg/cast/chromecast.go:153.6,154.10 1 0
github.com/devuser/aetherstream/pkg/cast/chromecast.go:155.20,156.10 1 0
github.com/devuser/aetherstream/pkg/cast/chromecast.go:157.11,157.11 0 0
github.com/devuser/aetherstream/pkg/cast/chromecast.go:160.3,162.17 3 0
github.com/devuser/aetherstream/pkg/cast/chromecast.go:162.17,163.61 1 0
github.com/devuser/aetherstream/pkg/cast/chromecast.go:163.61,164.13 1 0
github.com/devuser/aetherstream/pkg/cast/chromecast.go:166.4,166.10 1 0
github.com/devuser/aetherstream/pkg/cast/chromecast.go:169.3,170.144 2 0
github.com/devuser/aetherstream/pkg/cast/chromecast.go:170.144,172.4 1 0
github.com/devuser/aetherstream/pkg/cast/chromecast.go:176.53,182.6 3 0
github.com/devuser/aetherstream/pkg/cast/chromecast.go:182.6,183.10 1 0
github.com/devuser/aetherstream/pkg/cast/chromecast.go:184.20,185.10 1 0
github.com/devuser/aetherstream/pkg/cast/chromecast.go:186.19,188.21 1 0
github.com/devuser/aetherstream/pkg/cast/chromecast.go:193.93,198.40 4 0
github.com/devuser/aetherstream/pkg/cast/chromecast.go:198.40,201.3 2 0
github.com/devuser/aetherstream/pkg/cast/chromecast.go:203.2,203.16 1 0
github.com/devuser/aetherstream/pkg/cast/chromecast.go:203.16,205.3 1 0
github.com/devuser/aetherstream/pkg/cast/chromecast.go:207.2,215.109 2 0
github.com/devuser/aetherstream/pkg/cast/chromecast.go:218.48,223.32 4 0
github.com/devuser/aetherstream/pkg/cast/chromecast.go:223.32,224.26 1 0
github.com/devuser/aetherstream/pkg/cast/chromecast.go:224.26,227.4 2 0
github.com/devuser/aetherstream/pkg/cast/chromecast.go:231.37,232.50 1 0
github.com/devuser/aetherstream/pkg/cast/chromecast.go:232.50,233.43 1 0
github.com/devuser/aetherstream/pkg/cast/chromecast.go:233.43,235.4 1 0
github.com/devuser/aetherstream/pkg/cast/chromecast.go:237.2,237.11 1 0
github.com/devuser/aetherstream/pkg/cast/chromecast.go:242.96,246.16 3 0
github.com/devuser/aetherstream/pkg/cast/chromecast.go:246.16,250.3 3 0
github.com/devuser/aetherstream/pkg/cast/chromecast.go:251.2,255.16 4 0
github.com/devuser/aetherstream/pkg/cast/chromecast.go:255.16,259.3 3 0
github.com/devuser/aetherstream/pkg/cast/chromecast.go:260.2,267.91 3 0
github.com/devuser/aetherstream/pkg/cast/chromecast.go:270.77,273.44 3 0
github.com/devuser/aetherstream/pkg/cast/chromecast.go:273.44,276.3 2 0
github.com/devuser/aetherstream/pkg/cast/chromecast.go:280.62,284.9 4 0
github.com/devuser/aetherstream/pkg/cast/chromecast.go:284.9,286.3 1 0
github.com/devuser/aetherstream/pkg/cast/chromecast.go:287.2,289.12 3 0
github.com/devuser/aetherstream/pkg/cast/chromecast.go:293.63,297.9 4 0
github.com/devuser/aetherstream/pkg/cast/chromecast.go:297.9,299.3 1 0
github.com/devuser/aetherstream/pkg/cast/chromecast.go:300.2,302.12 3 0
github.com/devuser/aetherstream/pkg/cast/chromecast.go:306.76,308.2 1 0
github.com/devuser/aetherstream/pkg/cast/chromecast.go:311.73,313.2 1 0
github.com/devuser/aetherstream/pkg/cast/chromecast.go:316.60,320.2 3 0
github.com/devuser/aetherstream/pkg/cast/chromecast.go:323.57,327.2 3 0
github.com/devuser/aetherstream/pkg/backup/backup.go:16.64,24.115 6 1
github.com/devuser/aetherstream/pkg/backup/backup.go:24.115,26.3 1 0
github.com/devuser/aetherstream/pkg/backup/backup.go:28.2,29.16 2 1
github.com/devuser/aetherstream/pkg/backup/backup.go:29.16,31.3 1 0
github.com/devuser/aetherstream/pkg/backup/backup.go:32.2,38.68 4 1
github.com/devuser/aetherstream/pkg/backup/backup.go:38.68,40.3 1 0
github.com/devuser/aetherstream/pkg/backup/backup.go:43.2,43.47 1 1
github.com/devuser/aetherstream/pkg/backup/backup.go:43.47,44.69 1 1
github.com/devuser/aetherstream/pkg/backup/backup.go:44.69,46.4 1 0
github.com/devuser/aetherstream/pkg/backup/backup.go:50.2,56.16 3 1
github.com/devuser/aetherstream/pkg/backup/backup.go:56.16,58.3 1 0
github.com/devuser/aetherstream/pkg/backup/backup.go:59.2,59.61 1 1
github.com/devuser/aetherstream/pkg/backup/backup.go:59.61,61.3 1 0
github.com/devuser/aetherstream/pkg/backup/backup.go:63.2,63.24 1 1
github.com/devuser/aetherstream/pkg/backup/backup.go:66.68,69.16 2 1
github.com/devuser/aetherstream/pkg/backup/backup.go:69.16,71.3 1 0
github.com/devuser/aetherstream/pkg/backup/backup.go:72.2,75.16 3 1
github.com/devuser/aetherstream/pkg/backup/backup.go:75.16,77.3 1 0
github.com/devuser/aetherstream/pkg/backup/backup.go:78.2,79.12 2 1
github.com/devuser/aetherstream/pkg/backup/backup.go:84.58,86.16 2 1
github.com/devuser/aetherstream/pkg/backup/backup.go:86.16,88.3 1 1
github.com/devuser/aetherstream/pkg/backup/backup.go:89.2,94.28 4 1
github.com/devuser/aetherstream/pkg/backup/backup.go:94.28,95.32 1 1
github.com/devuser/aetherstream/pkg/backup/backup.go:95.32,97.18 2 1
github.com/devuser/aetherstream/pkg/backup/backup.go:97.18,99.5 1 0
github.com/devuser/aetherstream/pkg/backup/backup.go:100.4,100.64 1 1
github.com/devuser/aetherstream/pkg/backup/backup.go:100.64,103.5 2 0
github.com/devuser/aetherstream/pkg/backup/backup.go:104.4,106.9 3 1
github.com/devuser/aetherstream/pkg/backup/backup.go:109.2,109.20 1 1
github.com/devuser/aetherstream/pkg/backup/backup.go:109.20,111.3 1 0
github.com/devuser/aetherstream/pkg/backup/backup.go:112.2,112.59 1 1
github.com/devuser/aetherstream/pkg/backup/backup.go:112.59,114.3 1 0
github.com/devuser/aetherstream/pkg/backup/backup.go:117.2,117.28 1 1
github.com/devuser/aetherstream/pkg/backup/backup.go:117.28,118.17 1 1
github.com/devuser/aetherstream/pkg/backup/backup.go:119.26,120.49 1 1
github.com/devuser/aetherstream/pkg/backup/backup.go:120.49,122.5 1 0
github.com/devuser/aetherstream/pkg/backup/backup.go:123.22,124.53 1 1
github.com/devuser/aetherstream/pkg/backup/backup.go:124.53,126.5 1 0
github.com/devuser/aetherstream/pkg/backup/backup.go:130.2,130.12 1 1
github.com/devuser/aetherstream/pkg/backup/backup.go:133.55,135.16 2 1
github.com/devuser/aetherstream/pkg/backup/backup.go:135.16,137.3 1 0
github.com/devuser/aetherstream/pkg/backup/backup.go:138.2,144.16 4 1
github.com/devuser/aetherstream/pkg/backup/backup.go:144.16,146.3 1 0
github.com/devuser/aetherstream/pkg/backup/backup.go:147.2,150.33 4 1
github.com/devuser/aetherstream/pkg/backup/backup.go:150.33,153.3 2 0
github.com/devuser/aetherstream/pkg/backup/backup.go:154.2,154.37 1 1
github.com/devuser/aetherstream/pkg/backup/backup.go:158.50,160.2 1 1
github.com/devuser/aetherstream/pkg/backup/backup.go:163.56,164.20 1 1
github.com/devuser/aetherstream/pkg/backup/backup.go:164.20,166.3 1 1
github.com/devuser/aetherstream/pkg/backup/backup.go:167.2,167.23 1 1
github.com/devuser/aetherstream/pkg/backup/backup.go:167.23,169.3 1 1
github.com/devuser/aetherstream/pkg/backup/backup.go:170.2,170.37 1 1
github.com/devuser/aetherstream/pkg/backup/backup.go:174.44,178.16 4 0
github.com/devuser/aetherstream/pkg/backup/backup.go:178.16,180.3 1 0
github.com/devuser/aetherstream/pkg/backup/backup.go:181.2,181.34 1 0
github.com/devuser/aetherstream/pkg/backup/backup.go:181.34,183.3 1 0
github.com/devuser/aetherstream/pkg/backup/backup.go:184.2,184.17 1 0
github.com/devuser/aetherstream/pkg/backup/backup.go:191.50,194.2 2 0
github.com/devuser/aetherstream/pkg/cluster/loadbalancer.go:22.95,23.30 1 1
github.com/devuser/aetherstream/pkg/cluster/loadbalancer.go:23.30,25.3 1 0
github.com/devuser/aetherstream/pkg/cluster/loadbalancer.go:26.2,30.3 1 1
github.com/devuser/aetherstream/pkg/cluster/loadbalancer.go:34.33,36.12 2 1
github.com/devuser/aetherstream/pkg/cluster/loadbalancer.go:36.12,40.7 4 1
github.com/devuser/aetherstream/pkg/cluster/loadbalancer.go:40.7,41.11 1 1
github.com/devuser/aetherstream/pkg/cluster/loadbalancer.go:42.21,43.11 1 1
github.com/devuser/aetherstream/pkg/cluster/loadbalancer.go:44.20,45.25 1 0
github.com/devuser/aetherstream/pkg/cluster/loadbalancer.go:52.32,55.2 2 1
github.com/devuser/aetherstream/pkg/cluster/loadbalancer.go:58.50,60.21 2 1
github.com/devuser/aetherstream/pkg/cluster/loadbalancer.go:60.21,62.3 1 1
github.com/devuser/aetherstream/pkg/cluster/loadbalancer.go:63.2,64.25 2 1
github.com/devuser/aetherstream/pkg/cluster/loadbalancer.go:68.50,70.2 1 0
github.com/devuser/aetherstream/pkg/cluster/loadbalancer.go:72.43,74.27 2 0
github.com/devuser/aetherstream/pkg/cluster/loadbalancer.go:74.27,75.39 1 0
github.com/devuser/aetherstream/pkg/cluster/loadbalancer.go:75.39,76.12 1 0
github.com/devuser/aetherstream/pkg/cluster/loadbalancer.go:78.3,78.24 1 0
github.com/devuser/aetherstream/pkg/cluster/loadbalancer.go:82.51,85.16 2 0
github.com/devuser/aetherstream/pkg/cluster/loadbalancer.go:85.16,87.3 1 0
github.com/devuser/aetherstream/pkg/cluster/loadbalancer.go:90.2,90.77 1 0
github.com/devuser/aetherstream/pkg/cluster/lock.go:33.63,38.2 1 1
github.com/devuser/aetherstream/pkg/cluster/lock.go:41.110,46.36 3 1
github.com/devuser/aetherstream/pkg/cluster/lock.go:46.36,50.80 3 1
github.com/devuser/aetherstream/pkg/cluster/lock.go:50.80,54.4 2 0
github.com/devuser/aetherstream/pkg/cluster/lock.go:54.9,57.4 1 1
github.com/devuser/aetherstream/pkg/cluster/lock.go:60.2,61.16 2 1
github.com/devuser/aetherstream/pkg/cluster/lock.go:61.16,63.3 1 0
github.com/devuser/aetherstream/pkg/cluster/lock.go:64.2,64.15 1 1
github.com/devuser/aetherstream/pkg/cluster/lock.go:64.15,66.3 1 0
github.com/devuser/aetherstream/pkg/cluster/lock.go:68.2,79.18 4 1
github.com/devuser/aetherstream/pkg/cluster/lock.go:83.83,86.8 3 1
github.com/devuser/aetherstream/pkg/cluster/lock.go:86.8,89.3 2 1
github.com/devuser/aetherstream/pkg/cluster/lock.go:90.2,92.45 2 1
github.com/devuser/aetherstream/pkg/cluster/lock.go:96.52,101.2 4 1
github.com/devuser/aetherstream/pkg/cluster/lock.go:103.77,106.6 3 1
github.com/devuser/aetherstream/pkg/cluster/lock.go:106.6,107.10 1 1
github.com/devuser/aetherstream/pkg/cluster/lock.go:108.23,109.10 1 1
github.com/devuser/aetherstream/pkg/cluster/lock.go:110.19,112.93 2 0
github.com/devuser/aetherstream/pkg/cluster/lock.go:112.93,119.5 5 0
github.com/devuser/aetherstream/pkg/cluster/lock.go:120.4,120.12 1 0
github.com/devuser/aetherstream/pkg/cluster/lock_backend.go:16.58,18.2 1 0
github.com/devuser/aetherstream/pkg/cluster/lock_backend.go:21.45,32.2 3 0
github.com/devuser/aetherstream/pkg/cluster/lock_backend.go:35.114,40.16 3 0
github.com/devuser/aetherstream/pkg/cluster/lock_backend.go:40.16,42.3 1 0
github.com/devuser/aetherstream/pkg/cluster/lock_backend.go:43.2,48.16 5 0
github.com/devuser/aetherstream/pkg/cluster/lock_backend.go:48.16,49.27 1 0
github.com/devuser/aetherstream/pkg/cluster/lock_backend.go:49.27,52.18 2 0
github.com/devuser/aetherstream/pkg/cluster/lock_backend.go:52.18,54.5 1 0
github.com/devuser/aetherstream/pkg/cluster/lock_backend.go:55.4,55.38 1 0
github.com/devuser/aetherstream/pkg/cluster/lock_backend.go:55.38,57.5 1 0
github.com/devuser/aetherstream/pkg/cluster/lock_backend.go:58.4,58.20 1 0
github.com/devuser/aetherstream/pkg/cluster/lock_backend.go:60.3,60.20 1 0
github.com/devuser/aetherstream/pkg/cluster/lock_backend.go:64.2,64.45 1 0
github.com/devuser/aetherstream/pkg/cluster/lock_backend.go:64.45,67.17 2 0
github.com/devuser/aetherstream/pkg/cluster/lock_backend.go:67.17,69.4 1 0
github.com/devuser/aetherstream/pkg/cluster/lock_backend.go:70.3,70.37 1 0
github.com/devuser/aetherstream/pkg/cluster/lock_backend.go:70.37,72.4 1 0
github.com/devuser/aetherstream/pkg/cluster/lock_backend.go:73.3,73.19 1 0
github.com/devuser/aetherstream/pkg/cluster/lock_backend.go:77.2,77.19 1 0
github.com/devuser/aetherstream/pkg/cluster/lock_backend.go:81.84,83.16 2 0
github.com/devuser/aetherstream/pkg/cluster/lock_backend.go:83.16,85.3 1 0
github.com/devuser/aetherstream/pkg/cluster/lock_backend.go:86.2,87.12 2 0
github.com/devuser/aetherstream/pkg/cluster/lock_backend.go:87.12,89.3 1 0
github.com/devuser/aetherstream/pkg/cluster/lock_backend.go:90.2,90.12 1 0
github.com/devuser/aetherstream/pkg/cluster/lock_backend.go:94.103,97.16 3 0
github.com/devuser/aetherstream/pkg/cluster/lock_backend.go:97.16,99.3 1 0
github.com/devuser/aetherstream/pkg/cluster/lock_backend.go:100.2,101.12 2 0
github.com/devuser/aetherstream/pkg/cluster/lock_backend.go:101.12,103.3 1 0
github.com/devuser/aetherstream/pkg/cluster/lock_backend.go:104.2,104.12 1 0
github.com/devuser/aetherstream/pkg/cluster/registry.go:52.79,61.2 1 1
github.com/devuser/aetherstream/pkg/cluster/registry.go:64.38,66.16 2 1
github.com/devuser/aetherstream/pkg/cluster/registry.go:66.16,68.3 1 0
github.com/devuser/aetherstream/pkg/cluster/registry.go:69.2,70.16 2 1
github.com/devuser/aetherstream/pkg/cluster/registry.go:70.16,72.3 1 0
github.com/devuser/aetherstream/pkg/cluster/registry.go:73.2,77.12 3 1
github.com/devuser/aetherstream/pkg/cluster/registry.go:77.12,80.7 3 1
github.com/devuser/aetherstream/pkg/cluster/registry.go:80.7,81.11 1 1
github.com/devuser/aetherstream/pkg/cluster/registry.go:82.20,83.11 1 1
github.com/devuser/aetherstream/pkg/cluster/registry.go:84.12,84.12 0 1
github.com/devuser/aetherstream/pkg/cluster/registry.go:86.4,88.18 3 1
github.com/devuser/aetherstream/pkg/cluster/registry.go:88.18,89.62 1 1
github.com/devuser/aetherstream/pkg/cluster/registry.go:89.62,90.14 1 0
github.com/devuser/aetherstream/pkg/cluster/registry.go:92.5,92.11 1 1
github.com/devuser/aetherstream/pkg/cluster/registry.go:94.4,95.56 2 0
github.com/devuser/aetherstream/pkg/cluster/registry.go:95.56,96.13 1 0
github.com/devuser/aetherstream/pkg/cluster/registry.go:98.4,98.31 1 0
github.com/devuser/aetherstream/pkg/cluster/registry.go:103.2,104.12 2 1
github.com/devuser/aetherstream/pkg/cluster/registry.go:104.12,108.7 4 1
github.com/devuser/aetherstream/pkg/cluster/registry.go:108.7,109.11 1 1
github.com/devuser/aetherstream/pkg/cluster/registry.go:110.20,111.11 1 1
github.com/devuser/aetherstream/pkg/cluster/registry.go:112.20,114.24 2 0
github.com/devuser/aetherstream/pkg/cluster/registry.go:120.2,123.12 3 1
github.com/devuser/aetherstream/pkg/cluster/registry.go:127.31,129.25 2 1
github.com/devuser/aetherstream/pkg/cluster/registry.go:129.25,131.3 1 1
github.com/devuser/aetherstream/pkg/cluster/registry.go:132.2,132.13 1 1
github.com/devuser/aetherstream/pkg/cluster/registry.go:135.77,136.28 1 0
github.com/devuser/aetherstream/pkg/cluster/registry.go:136.28,138.3 1 0
github.com/devuser/aetherstream/pkg/cluster/registry.go:140.2,144.13 4 0
github.com/devuser/aetherstream/pkg/cluster/registry.go:144.13,154.34 4 0
github.com/devuser/aetherstream/pkg/cluster/registry.go:154.34,156.4 1 0
github.com/devuser/aetherstream/pkg/cluster/registry.go:159.2,165.24 5 0
github.com/devuser/aetherstream/pkg/cluster/registry.go:165.24,167.3 1 0
github.com/devuser/aetherstream/pkg/cluster/registry.go:170.40,179.16 3 1
github.com/devuser/aetherstream/pkg/cluster/registry.go:179.16,181.3 1 0
github.com/devuser/aetherstream/pkg/cluster/registry.go:184.2,185.65 2 1
github.com/devuser/aetherstream/pkg/cluster/registry.go:185.65,186.38 1 1
github.com/devuser/aetherstream/pkg/cluster/registry.go:186.38,188.4 1 0
github.com/devuser/aetherstream/pkg/cluster/registry.go:189.3,189.35 1 1
github.com/devuser/aetherstream/pkg/cluster/registry.go:192.2,193.16 2 1
github.com/devuser/aetherstream/pkg/cluster/registry.go:193.16,195.3 1 0
github.com/devuser/aetherstream/pkg/cluster/registry.go:196.2,196.25 1 1
github.com/devuser/aetherstream/pkg/cluster/registry.go:196.25,198.3 1 1
github.com/devuser/aetherstream/pkg/cluster/registry.go:201.54,210.25 3 0
github.com/devuser/aetherstream/pkg/cluster/registry.go:210.25,212.3 1 0
github.com/devuser/aetherstream/pkg/cluster/registry.go:215.42,219.32 4 0
github.com/devuser/aetherstream/pkg/cluster/registry.go:219.32,220.35 1 0
github.com/devuser/aetherstream/pkg/cluster/registry.go:220.35,224.62 3 0
github.com/devuser/aetherstream/pkg/cluster/registry.go:224.62,227.5 2 0
github.com/devuser/aetherstream/pkg/cluster/registry.go:233.44,237.28 4 1
github.com/devuser/aetherstream/pkg/cluster/registry.go:237.28,239.3 1 1
github.com/devuser/aetherstream/pkg/cluster/registry.go:240.2,240.12 1 1
github.com/devuser/aetherstream/pkg/cluster/registry.go:244.51,248.28 4 1
github.com/devuser/aetherstream/pkg/cluster/registry.go:248.28,249.16 1 1
github.com/devuser/aetherstream/pkg/cluster/registry.go:249.16,251.4 1 1
github.com/devuser/aetherstream/pkg/cluster/registry.go:253.2,253.12 1 1
github.com/devuser/aetherstream/pkg/cluster/registry.go:257.41,266.2 1 1
github.com/devuser/aetherstream/pkg/cluster/registry.go:269.57,273.2 3 0
github.com/devuser/aetherstream/pkg/cluster/registry.go:276.59,286.16 5 0
github.com/devuser/aetherstream/pkg/cluster/registry.go:286.16,288.3 1 0
github.com/devuser/aetherstream/pkg/cluster/registry.go:289.2,290.38 2 0
github.com/devuser/aetherstream/pkg/cluster/registry.go:290.38,292.3 1 0
github.com/devuser/aetherstream/pkg/cluster/registry.go:293.2,293.12 1 0
github.com/devuser/aetherstream/pkg/cluster/replication.go:29.101,30.19 1 0
github.com/devuser/aetherstream/pkg/cluster/replication.go:30.19,32.3 1 0
github.com/devuser/aetherstream/pkg/cluster/replication.go:33.2,39.3 1 0
github.com/devuser/aetherstream/pkg/cluster/replication.go:43.33,45.12 2 0
github.com/devuser/aetherstream/pkg/cluster/replication.go:45.12,49.7 4 0
github.com/devuser/aetherstream/pkg/cluster/replication.go:49.7,50.11 1 0
github.com/devuser/aetherstream/pkg/cluster/replication.go:51.20,52.11 1 0
github.com/devuser/aetherstream/pkg/cluster/replication.go:53.20,54.16 1 0
github.com/devuser/aetherstream/pkg/cluster/replication.go:61.32,64.2 2 0
github.com/devuser/aetherstream/pkg/cluster/replication.go:66.35,68.54 1 0
github.com/devuser/aetherstream/pkg/cluster/replication.go:68.54,70.3 1 0
github.com/devuser/aetherstream/pkg/cluster/replication.go:71.2,72.16 2 0
github.com/devuser/aetherstream/pkg/cluster/replication.go:72.16,74.3 1 0
github.com/devuser/aetherstream/pkg/cluster/replication.go:75.2,75.31 1 0
github.com/devuser/aetherstream/pkg/cluster/replication.go:75.31,77.3 1 0
github.com/devuser/aetherstream/pkg/cluster/replication.go:79.2,80.16 2 0
github.com/devuser/aetherstream/pkg/cluster/replication.go:80.16,83.3 2 0
github.com/devuser/aetherstream/pkg/cluster/replication.go:85.2,86.29 2 0
github.com/devuser/aetherstream/pkg/cluster/replication.go:86.29,87.38 1 0
github.com/devuser/aetherstream/pkg/cluster/replication.go:87.38,88.12 1 0
github.com/devuser/aetherstream/pkg/cluster/replication.go:90.3,90.33 1 0
github.com/devuser/aetherstream/pkg/cluster/replication.go:93.2,93.26 1 0
github.com/devuser/aetherstream/pkg/cluster/replication.go:96.68,99.16 3 0
github.com/devuser/aetherstream/pkg/cluster/replication.go:99.16,102.3 2 0
github.com/devuser/aetherstream/pkg/cluster/replication.go:103.2,104.38 2 0
github.com/devuser/aetherstream/pkg/cluster/replication.go:104.38,108.3 3 0
github.com/devuser/aetherstream/pkg/cluster/replication.go:109.2,109.77 1 0
github.com/devuser/aetherstream/pkg/cluster/replication.go:113.53,117.50 4 0
github.com/devuser/aetherstream/pkg/cluster/replication.go:117.50,119.3 1 0
github.com/devuser/aetherstream/pkg/cluster/replication.go:121.2,122.16 2 0
github.com/devuser/aetherstream/pkg/cluster/replication.go:122.16,124.3 1 0
github.com/devuser/aetherstream/pkg/cluster/replication.go:125.2,126.41 2 0
github.com/devuser/aetherstream/pkg/cluster/replication.go:126.41,128.3 1 0
github.com/devuser/aetherstream/pkg/cluster/replication.go:129.2,129.12 1 0
github.com/devuser/aetherstream/pkg/cluster/server.go:23.153,31.2 1 0
github.com/devuser/aetherstream/pkg/cluster/server.go:34.55,39.2 3 0
github.com/devuser/aetherstream/pkg/cluster/server.go:41.64,48.2 3 0
github.com/devuser/aetherstream/pkg/cluster/server.go:50.59,57.37 2 0
github.com/devuser/aetherstream/pkg/cluster/server.go:57.37,59.3 1 0
github.com/devuser/aetherstream/pkg/cluster/server.go:60.2,60.43 1 0
github.com/devuser/aetherstream/pkg/cluster/server.go:60.43,62.3 1 0
github.com/devuser/aetherstream/pkg/cluster/server.go:65.2,83.4 6 0
github.com/devuser/aetherstream/pkg/cluster/server.go:86.64,87.27 1 0
github.com/devuser/aetherstream/pkg/cluster/server.go:87.27,89.3 1 0
github.com/devuser/aetherstream/pkg/cluster/server.go:90.2,91.16 2 0
github.com/devuser/aetherstream/pkg/cluster/server.go:91.16,93.3 1 0
github.com/devuser/aetherstream/pkg/cluster/server.go:94.2,94.54 1 0
github.com/devuser/aetherstream/pkg/cluster/server.go:94.54,97.3 2 0
github.com/devuser/aetherstream/pkg/cluster/server.go:98.2,98.65 1 0
github.com/devuser/aetherstream/pkg/cluster/server.go:102.60,104.9 2 0
github.com/devuser/aetherstream/pkg/cluster/server.go:104.9,106.3 1 0
github.com/devuser/aetherstream/pkg/cluster/server.go:107.2,107.38 1 0
github.com/devuser/aetherstream/pkg/cluster/server.go:110.60,113.28 3 0
github.com/devuser/aetherstream/pkg/cluster/server.go:113.28,115.3 1 0
github.com/devuser/aetherstream/pkg/cluster/server.go:117.2,119.16 3 0
github.com/devuser/aetherstream/pkg/cluster/server.go:119.16,121.3 1 0
github.com/devuser/aetherstream/pkg/cluster/server.go:122.2,122.31 1 0
github.com/devuser/aetherstream/pkg/cluster/server.go:122.31,124.3 1 0
github.com/devuser/aetherstream/pkg/cluster/server.go:126.2,128.16 3 0
github.com/devuser/aetherstream/pkg/cluster/server.go:128.16,130.3 1 0
github.com/devuser/aetherstream/pkg/cluster/server.go:131.2,133.33 2 0
github.com/devuser/aetherstream/pkg/cluster/server.go:133.33,134.24 1 0
github.com/devuser/aetherstream/pkg/cluster/server.go:134.24,136.4 1 0
github.com/devuser/aetherstream/pkg/cluster/server.go:138.2,140.12 3 0
github.com/devuser/aetherstream/pkg/device/device.go:39.34,41.2 1 1
github.com/devuser/aetherstream/pkg/device/device.go:44.33,60.2 3 1
github.com/devuser/aetherstream/pkg/device/device.go:63.81,74.2 2 1
github.com/devuser/aetherstream/pkg/device/device.go:77.65,84.26 5 1
github.com/devuser/aetherstream/pkg/device/device.go:84.26,86.3 1 1
github.com/devuser/aetherstream/pkg/device/device.go:87.2,87.16 1 1
github.com/devuser/aetherstream/pkg/device/device.go:87.16,89.3 1 0
github.com/devuser/aetherstream/pkg/device/device.go:90.2,90.20 1 1
github.com/devuser/aetherstream/pkg/device/device.go:90.20,92.3 1 1
github.com/devuser/aetherstream/pkg/device/device.go:93.2,93.21 1 1
github.com/devuser/aetherstream/pkg/device/device.go:93.21,95.3 1 1
github.com/devuser/aetherstream/pkg/device/device.go:96.2,96.16 1 1
github.com/devuser/aetherstream/pkg/device/device.go:100.53,107.26 5 1
github.com/devuser/aetherstream/pkg/device/device.go:107.26,109.3 1 0
github.com/devuser/aetherstream/pkg/device/device.go:110.2,110.16 1 1
github.com/devuser/aetherstream/pkg/device/device.go:110.16,112.3 1 0
github.com/devuser/aetherstream/pkg/device/device.go:113.2,113.20 1 1
github.com/devuser/aetherstream/pkg/device/device.go:113.20,115.3 1 1
github.com/devuser/aetherstream/pkg/device/device.go:116.2,116.21 1 1
github.com/devuser/aetherstream/pkg/device/device.go:116.21,118.3 1 1
github.com/devuser/aetherstream/pkg/device/device.go:119.2,119.16 1 1
github.com/devuser/aetherstream/pkg/device/device.go:123.42,127.16 2 1
github.com/devuser/aetherstream/pkg/device/device.go:127.16,129.3 1 0
github.com/devuser/aetherstream/pkg/device/device.go:130.2,133.18 3 1
github.com/devuser/aetherstream/pkg/device/device.go:133.18,136.109 3 1
github.com/devuser/aetherstream/pkg/device/device.go:136.109,137.12 1 0
github.com/devuser/aetherstream/pkg/device/device.go:139.3,139.21 1 1
github.com/devuser/aetherstream/pkg/device/device.go:139.21,141.4 1 1
github.com/devuser/aetherstream/pkg/device/device.go:142.3,142.22 1 1
github.com/devuser/aetherstream/pkg/device/device.go:142.22,144.4 1 1
github.com/devuser/aetherstream/pkg/device/device.go:145.3,145.31 1 1
github.com/devuser/aetherstream/pkg/device/device.go:147.2,147.21 1 1
github.com/devuser/aetherstream/pkg/device/device.go:151.70,154.2 2 1
github.com/devuser/aetherstream/pkg/device/device.go:157.47,160.2 2 1
github.com/devuser/aetherstream/pkg/device/device.go:163.74,165.20 1 1
github.com/devuser/aetherstream/pkg/device/device.go:165.20,167.17 2 1
github.com/devuser/aetherstream/pkg/device/device.go:167.17,169.4 1 0
github.com/devuser/aetherstream/pkg/device/device.go:170.3,170.15 1 1
github.com/devuser/aetherstream/pkg/device/device.go:170.15,172.4 1 1
github.com/devuser/aetherstream/pkg/device/device.go:175.2,175.14 1 1
github.com/devuser/aetherstream/pkg/device/device.go:175.14,177.17 2 0
github.com/devuser/aetherstream/pkg/device/device.go:177.17,179.4 1 0
github.com/devuser/aetherstream/pkg/device/device.go:180.3,180.15 1 0
github.com/devuser/aetherstream/pkg/device/device.go:180.15,182.4 1 0
github.com/devuser/aetherstream/pkg/device/device.go:185.2,185.30 1 1
github.com/devuser/aetherstream/pkg/device/device.go:189.50,190.54 1 1
github.com/devuser/aetherstream/pkg/device/device.go:190.54,191.37 1 1
github.com/devuser/aetherstream/pkg/device/device.go:191.37,194.16 3 1
github.com/devuser/aetherstream/pkg/device/device.go:194.16,197.5 2 0
github.com/devuser/aetherstream/pkg/device/device.go:199.4,200.18 2 1
github.com/devuser/aetherstream/pkg/device/device.go:200.18,202.5 1 0
github.com/devuser/aetherstream/pkg/device/device.go:203.4,203.16 1 1
github.com/devuser/aetherstream/pkg/device/device.go:203.16,205.5 1 0
github.com/devuser/aetherstream/pkg/device/device.go:207.4,208.18 2 1
github.com/devuser/aetherstream/pkg/device/device.go:214.55,222.54 3 1
github.com/devuser/aetherstream/pkg/device/device.go:222.54,223.37 1 1
github.com/devuser/aetherstream/pkg/device/device.go:223.37,225.11 2 1
github.com/devuser/aetherstream/pkg/device/device.go:225.11,227.5 1 0
github.com/devuser/aetherstream/pkg/device/device.go:228.4,228.35 1 1
github.com/devuser/aetherstream/pkg/device/device.go:228.35,230.5 1 1
github.com/devuser/aetherstream/pkg/device/device.go:231.4,231.18 1 0
github.com/devuser/aetherstream/pkg/docs/docs.go:17.35,19.52 1 1
github.com/devuser/aetherstream/pkg/docs/docs.go:19.52,21.17 2 1
github.com/devuser/aetherstream/pkg/docs/docs.go:21.17,23.4 1 0
github.com/devuser/aetherstream/pkg/docs/docs.go:24.3,24.41 1 1
github.com/devuser/aetherstream/pkg/docs/docs.go:28.2,28.49 1 1
github.com/devuser/aetherstream/pkg/docs/docs.go:28.49,30.32 2 1
github.com/devuser/aetherstream/pkg/docs/docs.go:30.32,32.4 1 1
github.com/devuser/aetherstream/pkg/docs/docs.go:33.3,34.17 2 1
github.com/devuser/aetherstream/pkg/docs/docs.go:34.17,36.4 1 1
github.com/devuser/aetherstream/pkg/docs/docs.go:37.3,37.67 1 1
github.com/devuser/aetherstream/pkg/encoder/dolby.go:28.67,42.16 3 0
github.com/devuser/aetherstream/pkg/encoder/dolby.go:42.16,44.3 1 0
github.com/devuser/aetherstream/pkg/encoder/dolby.go:45.2,45.47 1 0
github.com/devuser/aetherstream/pkg/encoder/dolby.go:48.56,53.29 3 0
github.com/devuser/aetherstream/pkg/encoder/dolby.go:53.29,55.44 2 0
github.com/devuser/aetherstream/pkg/encoder/dolby.go:55.44,57.4 1 0
github.com/devuser/aetherstream/pkg/encoder/dolby.go:58.3,58.87 1 0
github.com/devuser/aetherstream/pkg/encoder/dolby.go:58.87,60.4 1 0
github.com/devuser/aetherstream/pkg/encoder/dolby.go:61.3,61.41 1 0
github.com/devuser/aetherstream/pkg/encoder/dolby.go:61.41,63.15 2 0
github.com/devuser/aetherstream/pkg/encoder/dolby.go:63.15,67.5 3 0
github.com/devuser/aetherstream/pkg/encoder/dolby.go:69.3,69.39 1 0
github.com/devuser/aetherstream/pkg/encoder/dolby.go:69.39,71.4 1 0
github.com/devuser/aetherstream/pkg/encoder/dolby.go:72.3,72.45 1 0
github.com/devuser/aetherstream/pkg/encoder/dolby.go:72.45,74.4 1 0
github.com/devuser/aetherstream/pkg/encoder/dolby.go:75.3,75.44 1 0
github.com/devuser/aetherstream/pkg/encoder/dolby.go:75.44,77.4 1 0
github.com/devuser/aetherstream/pkg/encoder/dolby.go:78.3,78.44 1 0
github.com/devuser/aetherstream/pkg/encoder/dolby.go:78.44,80.4 1 0
github.com/devuser/aetherstream/pkg/encoder/dolby.go:81.3,81.47 1 0
github.com/devuser/aetherstream/pkg/encoder/dolby.go:81.47,83.4 1 0
github.com/devuser/aetherstream/pkg/encoder/dolby.go:85.2,85.24 1 0
github.com/devuser/aetherstream/pkg/encoder/dolby.go:85.24,86.39 1 0
github.com/devuser/aetherstream/pkg/encoder/dolby.go:86.39,87.30 1 0
github.com/devuser/aetherstream/pkg/encoder/dolby.go:87.30,89.5 1 0
github.com/devuser/aetherstream/pkg/encoder/dolby.go:89.10,89.38 1 0
github.com/devuser/aetherstream/pkg/encoder/dolby.go:89.38,91.5 1 0
github.com/devuser/aetherstream/pkg/encoder/dolby.go:91.10,93.5 1 0
github.com/devuser/aetherstream/pkg/encoder/dolby.go:96.2,96.13 1 0
github.com/devuser/aetherstream/pkg/encoder/dolby.go:108.62,115.2 1 0
github.com/devuser/aetherstream/pkg/encoder/dolby.go:118.95,119.44 1 0
github.com/devuser/aetherstream/pkg/encoder/dolby.go:119.44,121.3 1 0
github.com/devuser/aetherstream/pkg/encoder/dolby.go:122.2,122.30 1 0
github.com/devuser/aetherstream/pkg/encoder/dolby.go:122.30,124.3 1 0
github.com/devuser/aetherstream/pkg/encoder/dolby.go:125.2,125.26 1 0
github.com/devuser/aetherstream/pkg/encoder/dolby.go:125.26,127.3 1 0
github.com/devuser/aetherstream/pkg/encoder/dolby.go:128.2,128.24 1 0
github.com/devuser/aetherstream/pkg/encoder/dolby.go:128.24,130.3 1 0
github.com/devuser/aetherstream/pkg/encoder/dolby.go:131.2,131.11 1 0
github.com/devuser/aetherstream/pkg/encoder/dolby.go:135.43,137.2 1 0
github.com/devuser/aetherstream/pkg/encoder/dolby.go:140.43,141.51 1 0
github.com/devuser/aetherstream/pkg/encoder/dolby.go:141.51,142.19 1 0
github.com/devuser/aetherstream/pkg/encoder/dolby.go:142.19,144.4 1 0
github.com/devuser/aetherstream/pkg/encoder/dolby.go:146.2,146.14 1 0
github.com/devuser/aetherstream/pkg/encoder/encoder.go:56.44,57.14 1 1
github.com/devuser/aetherstream/pkg/encoder/encoder.go:58.20,59.26 1 1
github.com/devuser/aetherstream/pkg/encoder/encoder.go:60.20,61.26 1 1
github.com/devuser/aetherstream/pkg/encoder/encoder.go:62.16,63.23 1 1
github.com/devuser/aetherstream/pkg/encoder/encoder.go:64.16,65.23 1 1
github.com/devuser/aetherstream/pkg/encoder/encoder.go:66.12,67.19 1 1
github.com/devuser/aetherstream/pkg/encoder/encoder.go:68.15,69.21 1 1
github.com/devuser/aetherstream/pkg/encoder/encoder.go:71.26,72.31 1 0
github.com/devuser/aetherstream/pkg/encoder/encoder.go:73.22,74.28 1 1
github.com/devuser/aetherstream/pkg/encoder/encoder.go:75.22,76.28 1 1
github.com/devuser/aetherstream/pkg/encoder/encoder.go:77.18,78.24 1 1
github.com/devuser/aetherstream/pkg/encoder/encoder.go:79.21,80.26 1 1
github.com/devuser/aetherstream/pkg/encoder/encoder.go:82.24,83.29 1 0
github.com/devuser/aetherstream/pkg/encoder/encoder.go:84.20,85.26 1 1
github.com/devuser/aetherstream/pkg/encoder/encoder.go:86.20,87.26 1 1
github.com/devuser/aetherstream/pkg/encoder/encoder.go:88.16,89.22 1 1
github.com/devuser/aetherstream/pkg/encoder/encoder.go:90.19,91.24 1 1
github.com/devuser/aetherstream/pkg/encoder/encoder.go:93.26,94.31 1 0
github.com/devuser/aetherstream/pkg/encoder/encoder.go:95.22,96.28 1 1
github.com/devuser/aetherstream/pkg/encoder/encoder.go:97.22,98.28 1 1
github.com/devuser/aetherstream/pkg/encoder/encoder.go:99.18,100.24 1 1
github.com/devuser/aetherstream/pkg/encoder/encoder.go:101.21,102.26 1 1
github.com/devuser/aetherstream/pkg/encoder/encoder.go:103.10,104.23 1 1
github.com/devuser/aetherstream/pkg/encoder/encoder.go:109.81,118.17 2 1
github.com/devuser/aetherstream/pkg/encoder/encoder.go:119.15,120.83 1 1
github.com/devuser/aetherstream/pkg/encoder/encoder.go:121.15,122.42 1 1
github.com/devuser/aetherstream/pkg/encoder/encoder.go:123.13,124.41 1 1
github.com/devuser/aetherstream/pkg/encoder/encoder.go:128.2,128.24 1 1
github.com/devuser/aetherstream/pkg/encoder/encoder.go:128.24,130.34 1 1
github.com/devuser/aetherstream/pkg/encoder/encoder.go:130.34,132.4 1 1
github.com/devuser/aetherstream/pkg/encoder/encoder.go:135.3,136.23 2 1
github.com/devuser/aetherstream/pkg/encoder/encoder.go:137.15,138.26 1 1
github.com/devuser/aetherstream/pkg/encoder/encoder.go:138.26,140.5 1 0
github.com/devuser/aetherstream/pkg/encoder/encoder.go:140.10,140.33 1 1
github.com/devuser/aetherstream/pkg/encoder/encoder.go:140.33,142.5 1 1
github.com/devuser/aetherstream/pkg/encoder/encoder.go:142.10,142.31 1 1
github.com/devuser/aetherstream/pkg/encoder/encoder.go:142.31,144.5 1 1
github.com/devuser/aetherstream/pkg/encoder/encoder.go:144.10,146.5 1 1
github.com/devuser/aetherstream/pkg/encoder/encoder.go:147.15,148.26 1 1
github.com/devuser/aetherstream/pkg/encoder/encoder.go:148.26,150.5 1 1
github.com/devuser/aetherstream/pkg/encoder/encoder.go:150.10,150.33 1 0
github.com/devuser/aetherstream/pkg/encoder/encoder.go:150.33,152.5 1 0
github.com/devuser/aetherstream/pkg/encoder/encoder.go:152.10,152.31 1 0
github.com/devuser/aetherstream/pkg/encoder/encoder.go:152.31,154.5 1 0
github.com/devuser/aetherstream/pkg/encoder/encoder.go:154.10,156.5 1 0
github.com/devuser/aetherstream/pkg/encoder/encoder.go:157.14,158.24 1 0
github.com/devuser/aetherstream/pkg/encoder/encoder.go:159.11,160.21 1 0
github.com/devuser/aetherstream/pkg/encoder/encoder.go:163.3,166.25 2 1
github.com/devuser/aetherstream/pkg/encoder/encoder.go:166.25,168.4 1 1
github.com/devuser/aetherstream/pkg/encoder/encoder.go:171.3,171.62 1 1
github.com/devuser/aetherstream/pkg/encoder/encoder.go:171.62,172.30 1 1
github.com/devuser/aetherstream/pkg/encoder/encoder.go:172.30,174.5 1 1
github.com/devuser/aetherstream/pkg/encoder/encoder.go:174.10,174.37 1 0
github.com/devuser/aetherstream/pkg/encoder/encoder.go:174.37,176.5 1 0
github.com/devuser/aetherstream/pkg/encoder/encoder.go:180.3,180.55 1 1
github.com/devuser/aetherstream/pkg/encoder/encoder.go:181.8,184.3 1 1
github.com/devuser/aetherstream/pkg/encoder/encoder.go:187.2,187.24 1 1
github.com/devuser/aetherstream/pkg/encoder/encoder.go:187.24,189.25 2 1
github.com/devuser/aetherstream/pkg/encoder/encoder.go:189.25,191.4 1 1
github.com/devuser/aetherstream/pkg/encoder/encoder.go:192.8,194.3 1 0
github.com/devuser/aetherstream/pkg/encoder/encoder.go:197.2,197.25 1 1
github.com/devuser/aetherstream/pkg/encoder/encoder.go:197.25,199.3 1 1
github.com/devuser/aetherstream/pkg/encoder/encoder.go:199.8,199.33 1 1
github.com/devuser/aetherstream/pkg/encoder/encoder.go:199.33,201.3 1 0
github.com/devuser/aetherstream/pkg/encoder/encoder.go:203.2,204.13 2 1
github.com/devuser/aetherstream/pkg/encoder/encoder.go:208.114,220.17 4 1
github.com/devuser/aetherstream/pkg/encoder/encoder.go:221.15,222.83 1 0
github.com/devuser/aetherstream/pkg/encoder/encoder.go:223.15,224.42 1 1
github.com/devuser/aetherstream/pkg/encoder/encoder.go:225.13,226.41 1 0
github.com/devuser/aetherstream/pkg/encoder/encoder.go:230.2,230.45 1 1
github.com/devuser/aetherstream/pkg/encoder/encoder.go:230.45,232.3 1 1
github.com/devuser/aetherstream/pkg/encoder/encoder.go:234.2,235.28 2 1
github.com/devuser/aetherstream/pkg/encoder/encoder.go:236.14,237.25 1 1
github.com/devuser/aetherstream/pkg/encoder/encoder.go:237.25,239.4 1 0
github.com/devuser/aetherstream/pkg/encoder/encoder.go:239.9,239.32 1 1
github.com/devuser/aetherstream/pkg/encoder/encoder.go:239.32,241.4 1 0
github.com/devuser/aetherstream/pkg/encoder/encoder.go:241.9,241.30 1 1
github.com/devuser/aetherstream/pkg/encoder/encoder.go:241.30,243.4 1 0
github.com/devuser/aetherstream/pkg/encoder/encoder.go:243.9,245.4 1 1
github.com/devuser/aetherstream/pkg/encoder/encoder.go:246.14,247.25 1 1
github.com/devuser/aetherstream/pkg/encoder/encoder.go:247.25,249.4 1 1
github.com/devuser/aetherstream/pkg/encoder/encoder.go:249.9,249.32 1 0
github.com/devuser/aetherstream/pkg/encoder/encoder.go:249.32,251.4 1 0
github.com/devuser/aetherstream/pkg/encoder/encoder.go:251.9,251.30 1 0
github.com/devuser/aetherstream/pkg/encoder/encoder.go:251.30,253.4 1 0
github.com/devuser/aetherstream/pkg/encoder/encoder.go:253.9,255.4 1 0
github.com/devuser/aetherstream/pkg/encoder/encoder.go:256.10,257.20 1 0
github.com/devuser/aetherstream/pkg/encoder/encoder.go:260.2,268.61 2 1
github.com/devuser/aetherstream/pkg/encoder/encoder.go:268.61,270.3 1 1
github.com/devuser/aetherstream/pkg/encoder/encoder.go:272.2,272.30 1 1
github.com/devuser/aetherstream/pkg/encoder/encoder.go:272.30,274.3 1 1
github.com/devuser/aetherstream/pkg/encoder/encoder.go:277.2,293.13 3 1
github.com/devuser/aetherstream/pkg/encoder/encoder.go:319.56,320.24 1 1
github.com/devuser/aetherstream/pkg/encoder/encoder.go:320.24,326.44 2 1
github.com/devuser/aetherstream/pkg/encoder/encoder.go:326.44,329.4 2 0
github.com/devuser/aetherstream/pkg/encoder/encoder.go:332.3,332.43 1 1
github.com/devuser/aetherstream/pkg/encoder/encoder.go:332.43,335.4 2 0
github.com/devuser/aetherstream/pkg/encoder/encoder.go:338.3,338.43 1 1
github.com/devuser/aetherstream/pkg/encoder/encoder.go:338.43,341.4 2 0
github.com/devuser/aetherstream/pkg/encoder/encoder.go:344.3,344.29 1 1
github.com/devuser/aetherstream/pkg/encoder/encoder.go:344.29,346.4 1 1
github.com/devuser/aetherstream/pkg/encoder/encoder.go:349.3,349.10 1 1
github.com/devuser/aetherstream/pkg/encoder/encoder.go:350.22,351.28 1 1
github.com/devuser/aetherstream/pkg/encoder/encoder.go:352.20,353.26 1 0
github.com/devuser/aetherstream/pkg/encoder/encoder.go:354.22,355.28 1 0
github.com/devuser/aetherstream/pkg/encoder/encoder.go:356.11,357.27 1 0
github.com/devuser/aetherstream/pkg/encoder/encoder.go:360.2,360.17 1 1
github.com/devuser/aetherstream/pkg/encoder/encoder.go:364.31,367.16 3 1
github.com/devuser/aetherstream/pkg/encoder/encoder.go:367.16,369.3 1 1
github.com/devuser/aetherstream/pkg/encoder/encoder.go:370.2,371.56 2 0
github.com/devuser/aetherstream/pkg/encoder/encoder.go:371.56,373.17 2 0
github.com/devuser/aetherstream/pkg/encoder/encoder.go:373.17,374.12 1 0
github.com/devuser/aetherstream/pkg/encoder/encoder.go:376.3,379.21 4 0
github.com/devuser/aetherstream/pkg/encoder/encoder.go:379.21,381.4 1 0
github.com/devuser/aetherstream/pkg/encoder/encoder.go:382.3,387.5 1 0
github.com/devuser/aetherstream/pkg/encoder/encoder.go:389.2,389.13 1 0
github.com/devuser/aetherstream/pkg/encoder/encoder.go:393.30,396.16 3 1
github.com/devuser/aetherstream/pkg/encoder/encoder.go:396.16,398.3 1 1
github.com/devuser/aetherstream/pkg/encoder/encoder.go:399.2,400.113 2 0
github.com/devuser/aetherstream/pkg/encoder/encoder.go:400.113,402.3 1 0
github.com/devuser/aetherstream/pkg/encoder/encoder.go:404.2,405.51 2 0
github.com/devuser/aetherstream/pkg/encoder/encoder.go:405.51,406.36 1 0
github.com/devuser/aetherstream/pkg/encoder/encoder.go:406.36,408.9 2 0
github.com/devuser/aetherstream/pkg/encoder/encoder.go:410.3,410.37 1 0
github.com/devuser/aetherstream/pkg/encoder/encoder.go:410.37,412.9 2 0
github.com/devuser/aetherstream/pkg/encoder/encoder.go:415.2,420.4 1 0
github.com/devuser/aetherstream/pkg/encoder/encoder.go:424.30,427.16 3 1
github.com/devuser/aetherstream/pkg/encoder/encoder.go:427.16,429.3 1 1
github.com/devuser/aetherstream/pkg/encoder/encoder.go:430.2,432.150 2 0
github.com/devuser/aetherstream/pkg/encoder/encoder.go:432.150,434.3 1 0
github.com/devuser/aetherstream/pkg/encoder/encoder.go:435.2,436.51 2 0
github.com/devuser/aetherstream/pkg/encoder/encoder.go:436.51,437.41 1 0
github.com/devuser/aetherstream/pkg/encoder/encoder.go:437.41,439.9 2 0
github.com/devuser/aetherstream/pkg/encoder/encoder.go:441.3,441.39 1 0
github.com/devuser/aetherstream/pkg/encoder/encoder.go:441.39,443.9 2 0
github.com/devuser/aetherstream/pkg/encoder/encoder.go:446.2,451.4 1 0
github.com/devuser/aetherstream/pkg/encoder/encoder.go:455.53,458.16 3 1
github.com/devuser/aetherstream/pkg/encoder/encoder.go:458.16,460.3 1 0
github.com/devuser/aetherstream/pkg/encoder/encoder.go:461.2,462.46 2 1
github.com/devuser/aetherstream/pkg/encoder/encoder.go:462.46,464.3 1 1
github.com/devuser/aetherstream/pkg/encoder/encoder.go:465.2,465.44 1 1
github.com/devuser/aetherstream/pkg/encoder/encoder.go:465.44,467.3 1 1
github.com/devuser/aetherstream/pkg/encoder/encoder.go:468.2,468.46 1 1
github.com/devuser/aetherstream/pkg/encoder/encoder.go:468.46,470.3 1 1
github.com/devuser/aetherstream/pkg/encoder/encoder.go:474.29,477.2 2 0
github.com/devuser/aetherstream/pkg/encoder/encoder.go:480.57,482.67 2 1
github.com/devuser/aetherstream/pkg/encoder/encoder.go:482.67,483.20 1 1
github.com/devuser/aetherstream/pkg/encoder/encoder.go:484.16,485.18 1 1
github.com/devuser/aetherstream/pkg/encoder/encoder.go:485.18,487.5 1 1
github.com/devuser/aetherstream/pkg/encoder/encoder.go:488.14,489.16 1 0
github.com/devuser/aetherstream/pkg/encoder/encoder.go:489.16,491.5 1 0
github.com/devuser/aetherstream/pkg/encoder/encoder.go:492.16,493.18 1 0
github.com/devuser/aetherstream/pkg/encoder/encoder.go:493.18,495.5 1 0
github.com/devuser/aetherstream/pkg/encoder/encoder.go:498.2,498.20 1 0
github.com/devuser/aetherstream/pkg/encoder/hdr.go:43.46,49.2 1 0
github.com/devuser/aetherstream/pkg/encoder/hdr.go:52.51,66.16 3 0
github.com/devuser/aetherstream/pkg/encoder/hdr.go:66.16,68.3 1 0
github.com/devuser/aetherstream/pkg/encoder/hdr.go:69.2,69.39 1 0
github.com/devuser/aetherstream/pkg/encoder/hdr.go:73.40,76.29 3 0
github.com/devuser/aetherstream/pkg/encoder/hdr.go:76.29,78.49 2 0
github.com/devuser/aetherstream/pkg/encoder/hdr.go:78.49,80.39 2 0
github.com/devuser/aetherstream/pkg/encoder/hdr.go:80.39,82.5 1 0
github.com/devuser/aetherstream/pkg/encoder/hdr.go:84.3,84.48 1 0
github.com/devuser/aetherstream/pkg/encoder/hdr.go:84.48,86.113 2 0
github.com/devuser/aetherstream/pkg/encoder/hdr.go:86.113,88.5 1 0
github.com/devuser/aetherstream/pkg/encoder/hdr.go:90.3,90.86 1 0
github.com/devuser/aetherstream/pkg/encoder/hdr.go:90.86,92.29 2 0
github.com/devuser/aetherstream/pkg/encoder/hdr.go:92.29,94.5 1 0
github.com/devuser/aetherstream/pkg/encoder/hdr.go:96.3,96.85 1 0
github.com/devuser/aetherstream/pkg/encoder/hdr.go:96.85,98.28 2 0
github.com/devuser/aetherstream/pkg/encoder/hdr.go:98.28,100.5 1 0
github.com/devuser/aetherstream/pkg/encoder/hdr.go:102.3,102.41 1 0
github.com/devuser/aetherstream/pkg/encoder/hdr.go:102.41,105.4 2 0
github.com/devuser/aetherstream/pkg/encoder/hdr.go:106.3,106.42 1 0
github.com/devuser/aetherstream/pkg/encoder/hdr.go:106.42,109.4 2 0
github.com/devuser/aetherstream/pkg/encoder/hdr.go:110.3,110.98 1 0
github.com/devuser/aetherstream/pkg/encoder/hdr.go:110.98,112.4 1 0
github.com/devuser/aetherstream/pkg/encoder/hdr.go:113.3,113.48 1 0
github.com/devuser/aetherstream/pkg/encoder/hdr.go:113.48,115.4 1 0
github.com/devuser/aetherstream/pkg/encoder/hdr.go:117.2,117.40 1 0
github.com/devuser/aetherstream/pkg/encoder/hdr.go:117.40,118.56 1 0
github.com/devuser/aetherstream/pkg/encoder/hdr.go:118.56,120.4 1 0
github.com/devuser/aetherstream/pkg/encoder/hdr.go:120.9,120.66 1 0
github.com/devuser/aetherstream/pkg/encoder/hdr.go:120.66,122.4 1 0
github.com/devuser/aetherstream/pkg/encoder/hdr.go:124.2,124.13 1 0
github.com/devuser/aetherstream/pkg/encoder/hdr.go:127.44,129.15 2 0
github.com/devuser/aetherstream/pkg/encoder/hdr.go:129.15,131.3 1 0
github.com/devuser/aetherstream/pkg/encoder/hdr.go:132.2,134.32 3 0
github.com/devuser/aetherstream/pkg/encoder/hdr.go:138.61,140.16 2 0
github.com/devuser/aetherstream/pkg/encoder/hdr.go:140.16,142.3 1 0
github.com/devuser/aetherstream/pkg/encoder/hdr.go:143.2,144.15 2 0
github.com/devuser/aetherstream/pkg/encoder/hdr.go:144.15,146.3 1 0
github.com/devuser/aetherstream/pkg/encoder/hdr.go:147.2,148.15 2 0
github.com/devuser/aetherstream/pkg/encoder/hdr.go:148.15,150.3 1 0
github.com/devuser/aetherstream/pkg/encoder/hdr.go:150.8,150.22 1 0
github.com/devuser/aetherstream/pkg/encoder/hdr.go:150.22,152.3 1 0
github.com/devuser/aetherstream/pkg/encoder/hdr.go:153.2,153.156 1 0
github.com/devuser/aetherstream/pkg/encoder/hdr.go:157.78,161.25 3 0
github.com/devuser/aetherstream/pkg/encoder/hdr.go:161.25,162.17 1 0
github.com/devuser/aetherstream/pkg/encoder/hdr.go:162.17,164.9 2 0
github.com/devuser/aetherstream/pkg/encoder/hdr.go:167.2,167.39 1 0
github.com/devuser/aetherstream/pkg/encoder/hdr.go:167.39,170.3 2 0
github.com/devuser/aetherstream/pkg/encoder/hdr.go:170.8,173.26 2 0
github.com/devuser/aetherstream/pkg/encoder/hdr.go:173.26,174.17 1 0
github.com/devuser/aetherstream/pkg/encoder/hdr.go:174.17,176.10 2 0
github.com/devuser/aetherstream/pkg/encoder/hdr.go:179.3,182.32 4 0
github.com/devuser/aetherstream/pkg/encoder/hdr.go:184.2,184.13 1 0
github.com/devuser/aetherstream/pkg/config/config.go:63.41,70.67 3 1
github.com/devuser/aetherstream/pkg/config/config.go:70.67,71.46 1 0
github.com/devuser/aetherstream/pkg/config/config.go:71.46,73.4 1 0
github.com/devuser/aetherstream/pkg/config/config.go:78.2,78.63 1 1
github.com/devuser/aetherstream/pkg/config/config.go:78.63,79.47 1 0
github.com/devuser/aetherstream/pkg/config/config.go:79.47,81.4 1 0
github.com/devuser/aetherstream/pkg/config/config.go:82.8,85.3 1 1
github.com/devuser/aetherstream/pkg/config/config.go:86.2,86.63 1 1
github.com/devuser/aetherstream/pkg/config/config.go:86.63,88.3 1 0
github.com/devuser/aetherstream/pkg/config/config.go:89.2,89.67 1 1
github.com/devuser/aetherstream/pkg/config/config.go:89.67,91.3 1 1
github.com/devuser/aetherstream/pkg/config/config.go:91.8,95.3 1 0
github.com/devuser/aetherstream/pkg/config/config.go:96.2,96.64 1 1
github.com/devuser/aetherstream/pkg/config/config.go:96.64,97.46 1 0
github.com/devuser/aetherstream/pkg/config/config.go:97.46,99.4 1 0
github.com/devuser/aetherstream/pkg/config/config.go:101.2,101.69 1 1
github.com/devuser/aetherstream/pkg/config/config.go:101.69,103.3 1 0
github.com/devuser/aetherstream/pkg/config/config.go:103.8,103.60 1 1
github.com/devuser/aetherstream/pkg/config/config.go:103.60,105.3 1 0
github.com/devuser/aetherstream/pkg/config/config.go:106.2,106.56 1 1
github.com/devuser/aetherstream/pkg/config/config.go:106.56,109.3 2 0
github.com/devuser/aetherstream/pkg/config/config.go:110.2,110.73 1 1
github.com/devuser/aetherstream/pkg/config/config.go:110.73,112.3 1 0
github.com/devuser/aetherstream/pkg/config/config.go:113.2,113.73 1 1
github.com/devuser/aetherstream/pkg/config/config.go:113.73,115.3 1 0
github.com/devuser/aetherstream/pkg/config/config.go:115.8,117.3 1 1
github.com/devuser/aetherstream/pkg/config/config.go:118.2,118.67 1 1
github.com/devuser/aetherstream/pkg/config/config.go:118.67,120.3 1 0
github.com/devuser/aetherstream/pkg/config/config.go:121.2,121.79 1 1
github.com/devuser/aetherstream/pkg/config/config.go:121.79,123.3 1 0
github.com/devuser/aetherstream/pkg/config/config.go:124.2,124.73 1 1
github.com/devuser/aetherstream/pkg/config/config.go:124.73,125.50 1 0
github.com/devuser/aetherstream/pkg/config/config.go:125.50,127.4 1 0
github.com/devuser/aetherstream/pkg/config/config.go:129.2,129.72 1 1
github.com/devuser/aetherstream/pkg/config/config.go:129.72,131.3 1 0
github.com/devuser/aetherstream/pkg/config/config.go:133.2,133.17 1 1
github.com/devuser/aetherstream/pkg/config/config.go:137.25,165.2 1 1
github.com/devuser/aetherstream/pkg/config/config.go:167.46,169.44 2 0
github.com/devuser/aetherstream/pkg/config/config.go:169.44,170.66 1 0
github.com/devuser/aetherstream/pkg/config/config.go:172.2,172.34 1 0
github.com/devuser/aetherstream/pkg/hls/hls.go:30.48,36.43 4 1
github.com/devuser/aetherstream/pkg/hls/hls.go:36.43,38.3 1 1
github.com/devuser/aetherstream/pkg/hls/hls.go:40.2,40.29 1 1
github.com/devuser/aetherstream/pkg/hls/hls.go:40.29,46.3 2 1
github.com/devuser/aetherstream/pkg/hls/hls.go:48.2,48.19 1 1
github.com/devuser/aetherstream/pkg/hls/hls.go:52.69,61.31 8 1
github.com/devuser/aetherstream/pkg/hls/hls.go:61.31,64.3 2 1
github.com/devuser/aetherstream/pkg/hls/hls.go:66.2,67.19 2 1
github.com/devuser/aetherstream/pkg/hls/hls.go:78.50,80.16 2 1
github.com/devuser/aetherstream/pkg/hls/hls.go:80.16,82.3 1 0
github.com/devuser/aetherstream/pkg/hls/hls.go:84.2,85.32 2 1
github.com/devuser/aetherstream/pkg/hls/hls.go:85.32,86.20 1 1
github.com/devuser/aetherstream/pkg/hls/hls.go:86.20,87.12 1 0
github.com/devuser/aetherstream/pkg/hls/hls.go:89.3,89.42 1 1
github.com/devuser/aetherstream/pkg/hls/hls.go:89.42,90.12 1 1
github.com/devuser/aetherstream/pkg/hls/hls.go:93.3,94.17 2 1
github.com/devuser/aetherstream/pkg/hls/hls.go:94.17,95.12 1 0
github.com/devuser/aetherstream/pkg/hls/hls.go:99.3,105.5 2 1
github.com/devuser/aetherstream/pkg/hls/hls.go:109.2,109.43 1 1
github.com/devuser/aetherstream/pkg/hls/hls.go:109.43,111.3 1 1
github.com/devuser/aetherstream/pkg/hls/hls.go:113.2,113.22 1 1
github.com/devuser/aetherstream/pkg/hls/hls.go:117.48,119.2 1 1
github.com/devuser/aetherstream/pkg/hls/hls.go:122.75,138.29 3 1
github.com/devuser/aetherstream/pkg/hls/hls.go:138.29,139.36 1 1
github.com/devuser/aetherstream/pkg/hls/hls.go:139.36,146.4 1 1
github.com/devuser/aetherstream/pkg/hls/hls.go:149.2,149.33 1 1
github.com/devuser/aetherstream/pkg/hls/hls.go:153.46,155.29 2 1
github.com/devuser/aetherstream/pkg/hls/hls.go:155.29,156.56 1 1
github.com/devuser/aetherstream/pkg/hls/hls.go:156.56,158.66 2 1
github.com/devuser/aetherstream/pkg/hls/hls.go:158.66,160.5 1 1
github.com/devuser/aetherstream/pkg/hls/hls.go:163.2,163.10 1 1
github.com/devuser/aetherstream/pkg/hls/hls.go:167.50,170.29 3 1
github.com/devuser/aetherstream/pkg/hls/hls.go:170.29,171.42 1 1
github.com/devuser/aetherstream/pkg/hls/hls.go:171.42,174.76 3 1
github.com/devuser/aetherstream/pkg/hls/hls.go:174.76,176.5 1 1
github.com/devuser/aetherstream/pkg/hls/hls.go:179.2,179.14 1 1
github.com/devuser/aetherstream/pkg/hls/hls.go:183.70,185.2 1 1
github.com/devuser/aetherstream/pkg/chapters/chapters.go:42.54,54.16 3 1
github.com/devuser/aetherstream/pkg/chapters/chapters.go:54.16,56.3 1 1
github.com/devuser/aetherstream/pkg/chapters/chapters.go:58.2,59.53 2 0
github.com/devuser/aetherstream/pkg/chapters/chapters.go:59.53,61.3 1 0
github.com/devuser/aetherstream/pkg/chapters/chapters.go:63.2,63.31 1 0
github.com/devuser/aetherstream/pkg/chapters/chapters.go:63.31,65.3 1 0
github.com/devuser/aetherstream/pkg/chapters/chapters.go:68.2,69.74 2 0
github.com/devuser/aetherstream/pkg/chapters/chapters.go:69.74,71.3 1 0
github.com/devuser/aetherstream/pkg/chapters/chapters.go:73.2,74.36 2 0
github.com/devuser/aetherstream/pkg/chapters/chapters.go:74.36,80.19 4 0
github.com/devuser/aetherstream/pkg/chapters/chapters.go:80.19,81.34 1 0
github.com/devuser/aetherstream/pkg/chapters/chapters.go:81.34,83.26 2 0
github.com/devuser/aetherstream/pkg/chapters/chapters.go:83.26,85.6 1 0
github.com/devuser/aetherstream/pkg/chapters/chapters.go:86.10,86.36 1 0
github.com/devuser/aetherstream/pkg/chapters/chapters.go:86.36,88.5 1 0
github.com/devuser/aetherstream/pkg/chapters/chapters.go:91.3,97.5 1 0
github.com/devuser/aetherstream/pkg/chapters/chapters.go:100.2,100.22 1 0
github.com/devuser/aetherstream/pkg/chapters/chapters.go:104.39,105.14 1 1
github.com/devuser/aetherstream/pkg/chapters/chapters.go:105.14,107.3 1 1
github.com/devuser/aetherstream/pkg/chapters/chapters.go:108.2,109.21 2 1
github.com/devuser/aetherstream/pkg/chapters/chapters.go:109.21,111.3 1 1
github.com/devuser/aetherstream/pkg/chapters/chapters.go:112.2,114.44 3 1
github.com/devuser/aetherstream/pkg/chapters/chapters.go:114.44,116.3 1 1
github.com/devuser/aetherstream/pkg/chapters/chapters.go:117.2,117.18 1 1
github.com/devuser/aetherstream/pkg/chapters/chapters.go:121.45,126.11 5 1
github.com/devuser/aetherstream/pkg/chapters/chapters.go:126.11,128.3 1 1
github.com/devuser/aetherstream/pkg/chapters/chapters.go:129.2,129.39 1 1
github.com/devuser/aetherstream/pkg/integrations/sonarr.go:62.47,64.2 1 1
github.com/devuser/aetherstream/pkg/integrations/sonarr.go:67.51,70.2 2 0
github.com/devuser/aetherstream/pkg/integrations/sonarr.go:73.66,74.37 1 1
github.com/devuser/aetherstream/pkg/integrations/sonarr.go:74.37,76.3 1 1
github.com/devuser/aetherstream/pkg/integrations/sonarr.go:77.2,80.56 4 1
github.com/devuser/aetherstream/pkg/integrations/sonarr.go:83.64,85.16 2 0
github.com/devuser/aetherstream/pkg/integrations/sonarr.go:85.16,87.3 1 0
github.com/devuser/aetherstream/pkg/integrations/sonarr.go:88.2,89.53 2 0
github.com/devuser/aetherstream/pkg/integrations/sonarr.go:89.53,91.3 1 0
github.com/devuser/aetherstream/pkg/integrations/sonarr.go:93.2,94.55 2 0
github.com/devuser/aetherstream/pkg/integrations/sonarr.go:94.55,96.3 1 0
github.com/devuser/aetherstream/pkg/integrations/sonarr.go:98.2,104.44 2 0
github.com/devuser/aetherstream/pkg/integrations/sonarr.go:105.38,106.58 1 0
github.com/devuser/aetherstream/pkg/integrations/sonarr.go:106.58,108.4 1 0
github.com/devuser/aetherstream/pkg/integrations/sonarr.go:109.14,110.49 1 0
github.com/devuser/aetherstream/pkg/integrations/sonarr.go:111.10,112.76 1 0
github.com/devuser/aetherstream/pkg/integrations/sonarr.go:115.2,115.42 1 0
github.com/devuser/aetherstream/pkg/integrations/sonarr.go:118.64,120.16 2 0
github.com/devuser/aetherstream/pkg/integrations/sonarr.go:120.16,122.3 1 0
github.com/devuser/aetherstream/pkg/integrations/sonarr.go:123.2,124.53 2 0
github.com/devuser/aetherstream/pkg/integrations/sonarr.go:124.53,126.3 1 0
github.com/devuser/aetherstream/pkg/integrations/sonarr.go:128.2,129.55 2 0
github.com/devuser/aetherstream/pkg/integrations/sonarr.go:129.55,131.3 1 0
github.com/devuser/aetherstream/pkg/integrations/sonarr.go:133.2,138.44 2 0
github.com/devuser/aetherstream/pkg/integrations/sonarr.go:139.36,140.61 1 0
github.com/devuser/aetherstream/pkg/integrations/sonarr.go:140.61,142.4 1 0
github.com/devuser/aetherstream/pkg/integrations/sonarr.go:143.14,144.49 1 0
github.com/devuser/aetherstream/pkg/integrations/sonarr.go:145.10,146.76 1 0
github.com/devuser/aetherstream/pkg/integrations/sonarr.go:149.2,149.42 1 0
github.com/devuser/aetherstream/pkg/integrations/sonarr.go:153.89,155.48 2 1
github.com/devuser/aetherstream/pkg/integrations/sonarr.go:155.48,157.21 2 1
github.com/devuser/aetherstream/pkg/integrations/sonarr.go:157.21,159.4 1 1
github.com/devuser/aetherstream/pkg/integrations/sonarr.go:160.3,160.67 1 1
github.com/devuser/aetherstream/pkg/integrations/sonarr.go:160.67,162.4 1 0
github.com/devuser/aetherstream/pkg/integrations/sonarr.go:163.3,163.39 1 1
github.com/devuser/aetherstream/pkg/integrations/sonarr.go:163.39,164.21 1 0
github.com/devuser/aetherstream/pkg/integrations/sonarr.go:164.21,166.5 1 0
github.com/devuser/aetherstream/pkg/integrations/sonarr.go:169.2,169.50 1 1
github.com/devuser/aetherstream/pkg/integrations/sonarr.go:169.50,171.21 2 1
github.com/devuser/aetherstream/pkg/integrations/sonarr.go:171.21,173.4 1 1
github.com/devuser/aetherstream/pkg/integrations/sonarr.go:174.3,174.63 1 1
github.com/devuser/aetherstream/pkg/integrations/sonarr.go:174.63,176.4 1 0
github.com/devuser/aetherstream/pkg/integrations/sonarr.go:179.2,179.26 1 1
github.com/devuser/aetherstream/pkg/integrations/sonarr.go:179.26,180.14 1 1
github.com/devuser/aetherstream/pkg/integrations/sonarr.go:180.14,181.12 1 0
github.com/devuser/aetherstream/pkg/integrations/sonarr.go:184.3,185.28 2 1
github.com/devuser/aetherstream/pkg/integrations/sonarr.go:185.28,186.53 1 1
github.com/devuser/aetherstream/pkg/integrations/sonarr.go:186.54,188.5 0 1
github.com/devuser/aetherstream/pkg/integrations/sonarr.go:188.10,191.5 1 0
github.com/devuser/aetherstream/pkg/integrations/sonarr.go:194.3,194.47 1 1
github.com/devuser/aetherstream/pkg/integrations/sonarr.go:194.47,196.12 2 0
github.com/devuser/aetherstream/pkg/integrations/sonarr.go:198.3,201.47 1 1
github.com/devuser/aetherstream/pkg/integrations/sonarr.go:203.2,203.12 1 1
github.com/devuser/aetherstream/pkg/integrations/sonarr.go:208.60,211.2 2 0
github.com/devuser/aetherstream/pkg/integrations/sonarr.go:214.59,221.2 1 1
github.com/devuser/aetherstream/pkg/dash/dash.go:268.31,270.2 1 1
github.com/devuser/aetherstream/pkg/dash/dash.go:273.20,283.2 1 1
github.com/devuser/aetherstream/pkg/dash/dash.go:286.50,289.27 3 1
github.com/devuser/aetherstream/pkg/dash/dash.go:289.27,291.3 1 1
github.com/devuser/aetherstream/pkg/dash/dash.go:292.2,292.23 1 1
github.com/devuser/aetherstream/pkg/dash/dash.go:292.23,294.3 1 1
github.com/devuser/aetherstream/pkg/dash/dash.go:295.2,295.30 1 1
github.com/devuser/aetherstream/pkg/dash/dash.go:295.30,297.3 1 1
github.com/devuser/aetherstream/pkg/dash/dash.go:298.2,298.42 1 1
github.com/devuser/aetherstream/pkg/dash/dash.go:298.42,300.3 1 1
github.com/devuser/aetherstream/pkg/dash/dash.go:301.2,301.44 1 1
github.com/devuser/aetherstream/pkg/dash/dash.go:301.44,303.3 1 1
github.com/devuser/aetherstream/pkg/dash/dash.go:304.2,304.34 1 1
github.com/devuser/aetherstream/pkg/dash/dash.go:304.34,306.3 1 1
github.com/devuser/aetherstream/pkg/dash/dash.go:307.2,307.35 1 1
github.com/devuser/aetherstream/pkg/dash/dash.go:307.35,309.3 1 1
github.com/devuser/aetherstream/pkg/dash/dash.go:310.2,310.26 1 1
github.com/devuser/aetherstream/pkg/dash/dash.go:310.26,312.3 1 1
github.com/devuser/aetherstream/pkg/dash/dash.go:314.2,314.44 1 1
github.com/devuser/aetherstream/pkg/dash/dash.go:314.44,318.27 2 1
github.com/devuser/aetherstream/pkg/dash/dash.go:318.27,320.4 1 0
github.com/devuser/aetherstream/pkg/dash/dash.go:321.3,321.30 1 1
github.com/devuser/aetherstream/pkg/dash/dash.go:321.30,323.4 1 1
github.com/devuser/aetherstream/pkg/dash/dash.go:325.3,325.52 1 1
github.com/devuser/aetherstream/pkg/dash/dash.go:325.52,338.51 2 1
github.com/devuser/aetherstream/pkg/dash/dash.go:338.51,350.30 2 1
github.com/devuser/aetherstream/pkg/dash/dash.go:350.30,352.6 1 0
github.com/devuser/aetherstream/pkg/dash/dash.go:354.5,354.39 1 1
github.com/devuser/aetherstream/pkg/dash/dash.go:354.39,363.6 2 1
github.com/devuser/aetherstream/pkg/dash/dash.go:365.5,365.68 1 1
github.com/devuser/aetherstream/pkg/dash/dash.go:365.68,369.35 2 1
github.com/devuser/aetherstream/pkg/dash/dash.go:369.35,371.7 1 1
github.com/devuser/aetherstream/pkg/dash/dash.go:372.6,373.43 2 1
github.com/devuser/aetherstream/pkg/dash/dash.go:373.43,377.7 1 1
github.com/devuser/aetherstream/pkg/dash/dash.go:378.6,378.46 1 1
github.com/devuser/aetherstream/pkg/dash/dash.go:381.5,381.90 1 1
github.com/devuser/aetherstream/pkg/dash/dash.go:384.4,384.72 1 1
github.com/devuser/aetherstream/pkg/dash/dash.go:387.3,387.44 1 1
github.com/devuser/aetherstream/pkg/dash/dash.go:390.2,390.17 1 1
github.com/devuser/aetherstream/pkg/dash/dash.go:394.39,396.16 2 1
github.com/devuser/aetherstream/pkg/dash/dash.go:396.16,398.3 1 0
github.com/devuser/aetherstream/pkg/dash/dash.go:400.2,404.24 5 1
github.com/devuser/aetherstream/pkg/dash/dash.go:408.45,410.18 2 1
github.com/devuser/aetherstream/pkg/dash/dash.go:410.18,412.3 1 1
github.com/devuser/aetherstream/pkg/dash/dash.go:413.2,415.18 3 1
github.com/devuser/aetherstream/pkg/dash/dash.go:415.18,416.19 1 1
github.com/devuser/aetherstream/pkg/dash/dash.go:416.19,418.4 1 1
github.com/devuser/aetherstream/pkg/dash/dash.go:419.3,419.51 1 1
github.com/devuser/aetherstream/pkg/dash/dash.go:421.2,423.34 3 1
[...]
github.com/devuser/aetherstream/pkg/api/items.go:69.37,71.3 1 1
github.com/devuser/aetherstream/pkg/api/items.go:72.2,72.38 1 1
github.com/devuser/aetherstream/pkg/api/items.go:72.38,74.3 1 1
github.com/devuser/aetherstream/pkg/api/items.go:75.2,76.16 2 1
github.com/devuser/aetherstream/pkg/api/items.go:76.16,78.3 1 0
github.com/devuser/aetherstream/pkg/api/items.go:79.2,83.4 1 1
github.com/devuser/aetherstream/pkg/api/items.go:86.58,88.50 2 1
github.com/devuser/aetherstream/pkg/api/items.go:88.50,90.3 1 1
github.com/devuser/aetherstream/pkg/api/items.go:91.2,91.89 1 1
github.com/devuser/aetherstream/pkg/api/items.go:94.60,97.16 3 1
github.com/devuser/aetherstream/pkg/api/items.go:97.16,99.3 1 1
github.com/devuser/aetherstream/pkg/api/items.go:100.2,101.16 2 1
github.com/devuser/aetherstream/pkg/api/items.go:101.16,103.3 1 0
github.com/devuser/aetherstream/pkg/api/items.go:104.2,104.36 1 1
github.com/devuser/aetherstream/pkg/api/items.go:107.58,112.28 3 1
github.com/devuser/aetherstream/pkg/api/items.go:112.28,114.3 1 0
github.com/devuser/aetherstream/pkg/api/items.go:117.2,117.32 1 1
github.com/devuser/aetherstream/pkg/api/items.go:117.32,119.3 1 1
github.com/devuser/aetherstream/pkg/api/items.go:121.2,122.16 2 1
github.com/devuser/aetherstream/pkg/api/items.go:122.16,124.3 1 0
github.com/devuser/aetherstream/pkg/api/items.go:126.2,127.16 2 1
github.com/devuser/aetherstream/pkg/api/items.go:127.16,129.3 1 1
github.com/devuser/aetherstream/pkg/api/items.go:132.2,132.79 1 0
github.com/devuser/aetherstream/pkg/api/items.go:132.79,134.3 1 0
github.com/devuser/aetherstream/pkg/api/items.go:136.2,136.24 1 0
github.com/devuser/aetherstream/pkg/api/items.go:139.59,143.16 4 1
github.com/devuser/aetherstream/pkg/api/items.go:143.16,145.3 1 0
github.com/devuser/aetherstream/pkg/api/items.go:146.2,146.21 1 1
github.com/devuser/aetherstream/pkg/api/items.go:146.21,148.3 1 0
github.com/devuser/aetherstream/pkg/api/items.go:149.2,150.19 2 1
github.com/devuser/aetherstream/pkg/api/items.go:151.16,152.27 1 1
github.com/devuser/aetherstream/pkg/api/items.go:153.18,154.29 1 1
github.com/devuser/aetherstream/pkg/api/items.go:155.10,156.76 1 1
github.com/devuser/aetherstream/pkg/api/items.go:158.2,158.35 1 1
github.com/devuser/aetherstream/pkg/api/items.go:158.35,160.17 2 1
github.com/devuser/aetherstream/pkg/api/items.go:160.17,162.4 1 0
github.com/devuser/aetherstream/pkg/api/items.go:164.2,165.26 2 1
github.com/devuser/aetherstream/pkg/api/items.go:168.53,170.13 2 1
github.com/devuser/aetherstream/pkg/api/items.go:170.13,172.3 1 1
github.com/devuser/aetherstream/pkg/api/items.go:173.2,175.41 3 1
github.com/devuser/aetherstream/pkg/api/items.go:175.41,176.56 1 1
github.com/devuser/aetherstream/pkg/api/items.go:176.56,178.4 1 0
github.com/devuser/aetherstream/pkg/api/items.go:180.2,181.22 2 1
github.com/devuser/aetherstream/pkg/api/items.go:181.22,183.3 1 1
github.com/devuser/aetherstream/pkg/api/items.go:184.2,185.16 2 1
github.com/devuser/aetherstream/pkg/api/items.go:185.16,187.3 1 0
github.com/devuser/aetherstream/pkg/api/items.go:188.2,193.4 1 1
github.com/devuser/aetherstream/pkg/api/items.go:196.59,198.16 2 1
github.com/devuser/aetherstream/pkg/api/items.go:198.16,200.3 1 0
github.com/devuser/aetherstream/pkg/api/items.go:201.2,201.36 1 1
github.com/devuser/aetherstream/pkg/api/items.go:204.56,206.2 1 0
github.com/devuser/aetherstream/pkg/api/items.go:208.62,210.17 2 1
github.com/devuser/aetherstream/pkg/api/items.go:210.17,212.3 1 0
github.com/devuser/aetherstream/pkg/api/items.go:213.2,214.16 2 1
github.com/devuser/aetherstream/pkg/api/items.go:214.16,216.3 1 0
github.com/devuser/aetherstream/pkg/api/items.go:217.2,217.36 1 1
github.com/devuser/aetherstream/pkg/api/items.go:220.63,222.17 2 1
github.com/devuser/aetherstream/pkg/api/items.go:222.17,224.3 1 0
github.com/devuser/aetherstream/pkg/api/items.go:225.2,229.37 2 1
github.com/devuser/aetherstream/pkg/api/items.go:229.37,231.3 1 1
github.com/devuser/aetherstream/pkg/api/items.go:232.2,232.20 1 1
github.com/devuser/aetherstream/pkg/api/items.go:232.20,234.3 1 1
github.com/devuser/aetherstream/pkg/api/items.go:235.2,235.20 1 1
github.com/devuser/aetherstream/pkg/api/items.go:235.20,237.3 1 1
github.com/devuser/aetherstream/pkg/api/items.go:238.2,239.83 2 1
github.com/devuser/aetherstream/pkg/api/items.go:239.83,241.3 1 0
github.com/devuser/aetherstream/pkg/api/items.go:242.2,242.100 1 1
github.com/devuser/aetherstream/pkg/api/items.go:245.60,248.16 3 1
github.com/devuser/aetherstream/pkg/api/items.go:248.16,250.3 1 1
github.com/devuser/aetherstream/pkg/api/items.go:251.2,254.4 1 1
github.com/devuser/aetherstream/pkg/api/items.go:257.62,262.37 3 1
github.com/devuser/aetherstream/pkg/api/items.go:262.37,264.3 1 1
github.com/devuser/aetherstream/pkg/api/items.go:265.2,265.68 1 1
github.com/devuser/aetherstream/pkg/api/items.go:265.68,267.3 1 0
github.com/devuser/aetherstream/pkg/api/items.go:268.2,268.42 1 1
github.com/devuser/aetherstream/pkg/api/items.go:271.67,274.69 3 1
github.com/devuser/aetherstream/pkg/api/items.go:274.69,276.3 1 0
github.com/devuser/aetherstream/pkg/api/items.go:277.2,277.42 1 1
github.com/devuser/aetherstream/pkg/api/items.go:280.59,282.17 2 1
github.com/devuser/aetherstream/pkg/api/items.go:282.17,284.3 1 0
github.com/devuser/aetherstream/pkg/api/items.go:285.2,291.37 3 1
github.com/devuser/aetherstream/pkg/api/items.go:291.37,293.3 1 1
github.com/devuser/aetherstream/pkg/api/items.go:294.2,294.134 1 1
github.com/devuser/aetherstream/pkg/api/items.go:294.134,296.3 1 0
github.com/devuser/aetherstream/pkg/api/items.go:297.2,297.42 1 1
github.com/devuser/aetherstream/pkg/api/items.go:300.58,302.17 2 1
github.com/devuser/aetherstream/pkg/api/items.go:302.17,304.3 1 0
github.com/devuser/aetherstream/pkg/api/items.go:305.2,307.16 3 1
github.com/devuser/aetherstream/pkg/api/items.go:307.16,309.3 1 1
github.com/devuser/aetherstream/pkg/api/items.go:310.2,310.40 1 1
github.com/devuser/aetherstream/pkg/api/items.go:313.58,315.17 2 1
github.com/devuser/aetherstream/pkg/api/items.go:315.17,317.3 1 0
github.com/devuser/aetherstream/pkg/api/items.go:318.2,324.37 3 1
github.com/devuser/aetherstream/pkg/api/items.go:324.37,326.3 1 1
github.com/devuser/aetherstream/pkg/api/items.go:327.2,327.122 1 1
github.com/devuser/aetherstream/pkg/api/items.go:327.122,329.3 1 0
github.com/devuser/aetherstream/pkg/api/items.go:330.2,330.42 1 1
github.com/devuser/aetherstream/pkg/api/items.go:333.36,337.2 2 1
github.com/devuser/aetherstream/pkg/api/items.go:339.44,343.2 2 1
github.com/devuser/aetherstream/pkg/api/items.go:345.70,347.16 2 1
github.com/devuser/aetherstream/pkg/api/items.go:347.16,349.3 1 0
github.com/devuser/aetherstream/pkg/api/items.go:350.2,350.34 1 1
github.com/devuser/aetherstream/pkg/api/items.go:350.34,352.17 2 1
github.com/devuser/aetherstream/pkg/api/items.go:352.17,353.12 1 0
github.com/devuser/aetherstream/pkg/api/items.go:355.3,356.17 2 1
github.com/devuser/aetherstream/pkg/api/items.go:356.17,357.12 1 0
github.com/devuser/aetherstream/pkg/api/items.go:359.3,359.51 1 1
github.com/devuser/aetherstream/pkg/api/items.go:359.51,361.4 1 1
github.com/devuser/aetherstream/pkg/api/items.go:363.2,363.14 1 1
github.com/devuser/aetherstream/pkg/api/items.go:366.64,368.17 2 1
github.com/devuser/aetherstream/pkg/api/items.go:368.17,370.3 1 0
github.com/devuser/aetherstream/pkg/api/items.go:371.2,372.51 2 1
github.com/devuser/aetherstream/pkg/api/items.go:372.51,374.3 1 0
github.com/devuser/aetherstream/pkg/api/items.go:375.2,376.16 2 1
github.com/devuser/aetherstream/pkg/api/items.go:376.16,378.3 1 0
github.com/devuser/aetherstream/pkg/api/items.go:379.2,379.38 1 1
github.com/devuser/aetherstream/pkg/api/mobile.go:18.49,20.2 1 0
github.com/devuser/aetherstream/pkg/api/mobile.go:23.53,35.2 10 0
github.com/devuser/aetherstream/pkg/api/mobile.go:48.68,50.17 2 0
github.com/devuser/aetherstream/pkg/api/mobile.go:50.17,52.3 1 0
github.com/devuser/aetherstream/pkg/api/mobile.go:55.2,56.16 2 0
github.com/devuser/aetherstream/pkg/api/mobile.go:56.16,58.3 1 0
github.com/devuser/aetherstream/pkg/api/mobile.go:60.2,61.27 2 0
github.com/devuser/aetherstream/pkg/api/mobile.go:61.27,63.17 2 0
github.com/devuser/aetherstream/pkg/api/mobile.go:63.17,64.12 1 0
github.com/devuser/aetherstream/pkg/api/mobile.go:66.3,66.28 1 0
github.com/devuser/aetherstream/pkg/api/mobile.go:66.28,74.25 2 0
github.com/devuser/aetherstream/pkg/api/mobile.go:74.25,75.10 1 0
github.com/devuser/aetherstream/pkg/api/mobile.go:78.3,78.24 1 0
github.com/devuser/aetherstream/pkg/api/mobile.go:78.24,79.9 1 0
github.com/devuser/aetherstream/pkg/api/mobile.go:83.2,85.4 1 0
github.com/devuser/aetherstream/pkg/api/mobile.go:88.69,90.17 2 0
github.com/devuser/aetherstream/pkg/api/mobile.go:90.17,92.3 1 0
github.com/devuser/aetherstream/pkg/api/mobile.go:94.2,95.16 2 0
github.com/devuser/aetherstream/pkg/api/mobile.go:95.16,97.3 1 0
github.com/devuser/aetherstream/pkg/api/mobile.go:99.2,99.40 1 0
github.com/devuser/aetherstream/pkg/api/mobile.go:102.71,105.41 3 0
github.com/devuser/aetherstream/pkg/api/mobile.go:105.41,106.65 1 0
github.com/devuser/aetherstream/pkg/api/mobile.go:106.65,108.4 1 0
github.com/devuser/aetherstream/pkg/api/mobile.go:111.2,112.16 2 0
github.com/devuser/aetherstream/pkg/api/mobile.go:112.16,114.3 1 0
github.com/devuser/aetherstream/pkg/api/mobile.go:116.2,117.27 2 0
github.com/devuser/aetherstream/pkg/api/mobile.go:117.27,118.17 1 0
github.com/devuser/aetherstream/pkg/api/mobile.go:118.17,119.9 1 0
github.com/devuser/aetherstream/pkg/api/mobile.go:121.3,127.5 1 0
github.com/devuser/aetherstream/pkg/api/mobile.go:130.2,134.4 1 0
github.com/devuser/aetherstream/pkg/api/mobile.go:150.63,153.16 3 0
github.com/devuser/aetherstream/pkg/api/mobile.go:153.16,155.3 1 0
github.com/devuser/aetherstream/pkg/api/mobile.go:157.2,172.36 3 0
github.com/devuser/aetherstream/pkg/api/mobile.go:183.65,185.17 2 0
github.com/devuser/aetherstream/pkg/api/mobile.go:185.17,187.3 1 0
github.com/devuser/aetherstream/pkg/api/mobile.go:188.2,189.37 2 0
github.com/devuser/aetherstream/pkg/api/mobile.go:189.37,191.3 1 0
github.com/devuser/aetherstream/pkg/api/mobile.go:192.2,192.142 1 0
github.com/devuser/aetherstream/pkg/api/mobile.go:192.142,194.3 1 0
github.com/devuser/aetherstream/pkg/api/mobile.go:195.2,195.42 1 0
github.com/devuser/aetherstream/pkg/api/mobile.go:198.68,200.17 2 0
github.com/devuser/aetherstream/pkg/api/mobile.go:200.17,202.3 1 0
github.com/devuser/aetherstream/pkg/api/mobile.go:203.2,204.18 2 0
github.com/devuser/aetherstream/pkg/api/mobile.go:204.18,206.3 1 0
github.com/devuser/aetherstream/pkg/api/mobile.go:207.2,208.16 2 0
github.com/devuser/aetherstream/pkg/api/mobile.go:208.16,210.3 1 0
github.com/devuser/aetherstream/pkg/api/mobile.go:211.2,211.40 1 0
github.com/devuser/aetherstream/pkg/api/mobile.go:223.66,225.17 2 0
github.com/devuser/aetherstream/pkg/api/mobile.go:225.17,227.3 1 0
github.com/devuser/aetherstream/pkg/api/mobile.go:228.2,238.4 2 0
github.com/devuser/aetherstream/pkg/api/security.go:28.33,32.2 3 1
github.com/devuser/aetherstream/pkg/api/security.go:37.43,38.54 1 1
github.com/devuser/aetherstream/pkg/api/security.go:38.54,39.37 1 1
github.com/devuser/aetherstream/pkg/api/security.go:39.37,42.93 2 1
github.com/devuser/aetherstream/pkg/api/security.go:42.93,44.41 2 1
github.com/devuser/aetherstream/pkg/api/security.go:44.41,55.6 2 1
github.com/devuser/aetherstream/pkg/api/security.go:56.5,56.19 1 1
github.com/devuser/aetherstream/pkg/api/security.go:60.4,61.82 2 1
github.com/devuser/aetherstream/pkg/api/security.go:61.82,63.5 1 1
github.com/devuser/aetherstream/pkg/api/security.go:65.4,65.53 1 1
github.com/devuser/aetherstream/pkg/api/security.go:65.53,67.5 1 1
github.com/devuser/aetherstream/pkg/api/security.go:70.4,71.40 2 1
github.com/devuser/aetherstream/pkg/api/security.go:71.40,73.5 1 1
github.com/devuser/aetherstream/pkg/api/security.go:74.4,75.23 2 1
github.com/devuser/aetherstream/pkg/api/security.go:75.23,77.5 1 0
github.com/devuser/aetherstream/pkg/api/security.go:78.4,78.80 1 1
github.com/devuser/aetherstream/pkg/api/security.go:78.80,80.5 1 1
github.com/devuser/aetherstream/pkg/api/security.go:81.4,81.18 1 1
github.com/devuser/aetherstream/pkg/api/security.go:89.44,90.54 1 1
github.com/devuser/aetherstream/pkg/api/security.go:90.54,91.37 1 1
github.com/devuser/aetherstream/pkg/api/security.go:91.37,98.88 6 1
github.com/devuser/aetherstream/pkg/api/security.go:98.88,100.5 1 0
github.com/devuser/aetherstream/pkg/api/security.go:101.4,102.18 2 1
github.com/devuser/aetherstream/pkg/api/security.go:111.51,112.54 1 1
github.com/devuser/aetherstream/pkg/api/security.go:112.54,113.37 1 1
github.com/devuser/aetherstream/pkg/api/security.go:113.37,118.17 4 1
github.com/devuser/aetherstream/pkg/api/security.go:118.17,118.53 1 1
github.com/devuser/aetherstream/pkg/api/security.go:119.4,119.18 1 1
github.com/devuser/aetherstream/pkg/api/security.go:129.60,130.22 1 1
github.com/devuser/aetherstream/pkg/api/security.go:130.22,133.3 2 1
github.com/devuser/aetherstream/pkg/api/security.go:134.2,135.8 2 1
github.com/devuser/aetherstream/pkg/api/security.go:138.67,139.22 1 1
github.com/devuser/aetherstream/pkg/api/security.go:139.22,141.3 1 0
github.com/devuser/aetherstream/pkg/api/security.go:142.2,142.34 1 1
github.com/devuser/aetherstream/pkg/api/security.go:145.54,147.23 2 1
github.com/devuser/aetherstream/pkg/api/security.go:147.23,149.3 1 1
github.com/devuser/aetherstream/pkg/api/security.go:150.2,151.30 2 1
github.com/devuser/aetherstream/pkg/api/security.go:151.30,152.42 1 1
github.com/devuser/aetherstream/pkg/api/security.go:152.42,154.4 1 1
github.com/devuser/aetherstream/pkg/api/security.go:155.3,155.58 1 1
github.com/devuser/aetherstream/pkg/api/security.go:155.58,157.4 1 1
github.com/devuser/aetherstream/pkg/api/security.go:158.3,158.56 1 1
github.com/devuser/aetherstream/pkg/api/security.go:158.56,160.4 1 1
github.com/devuser/aetherstream/pkg/api/security.go:161.3,161.25 1 1
github.com/devuser/aetherstream/pkg/api/security.go:163.2,163.32 1 1
github.com/devuser/aetherstream/pkg/api/security.go:180.48,187.2 3 1
github.com/devuser/aetherstream/pkg/api/security.go:190.48,195.9 5 1
github.com/devuser/aetherstream/pkg/api/security.go:195.9,198.3 2 1
github.com/devuser/aetherstream/pkg/api/security.go:199.2,203.24 4 1
github.com/devuser/aetherstream/pkg/api/security.go:203.24,205.3 1 1
github.com/devuser/aetherstream/pkg/api/security.go:206.2,206.32 1 1
github.com/devuser/aetherstream/pkg/api/security.go:209.54,213.9 4 1
github.com/devuser/aetherstream/pkg/api/security.go:213.9,215.3 1 1
github.com/devuser/aetherstream/pkg/api/security.go:216.2,216.40 1 1
github.com/devuser/aetherstream/pkg/api/security.go:219.47,223.2 3 1
github.com/devuser/aetherstream/pkg/api/security.go:225.39,227.21 2 1
github.com/devuser/aetherstream/pkg/api/security.go:227.21,230.32 3 0
github.com/devuser/aetherstream/pkg/api/security.go:230.32,231.44 1 0
github.com/devuser/aetherstream/pkg/api/security.go:231.44,233.5 1 0
github.com/devuser/aetherstream/pkg/api/security.go:235.3,235.16 1 0
github.com/devuser/aetherstream/pkg/api/security.go:243.49,244.54 1 1
github.com/devuser/aetherstream/pkg/api/security.go:244.54,245.37 1 1
github.com/devuser/aetherstream/pkg/api/security.go:245.37,247.77 2 1
github.com/devuser/aetherstream/pkg/api/security.go:247.77,249.5 1 1
github.com/devuser/aetherstream/pkg/api/security.go:250.4,253.18 3 1
github.com/devuser/aetherstream/pkg/api/security.go:253.18,255.5 1 1
github.com/devuser/aetherstream/pkg/api/security.go:256.4,257.40 2 1
github.com/devuser/aetherstream/pkg/api/security.go:257.40,259.5 1 1
github.com/devuser/aetherstream/pkg/api/security.go:260.4,261.22 2 1
github.com/devuser/aetherstream/pkg/api/security.go:261.23,265.5 0 1
github.com/devuser/aetherstream/pkg/api/security.go:266.4,266.22 1 1
github.com/devuser/aetherstream/pkg/api/security.go:266.22,268.43 2 0
github.com/devuser/aetherstream/pkg/api/security.go:268.43,270.6 1 0
github.com/devuser/aetherstream/pkg/api/security.go:272.4,272.18 1 1
github.com/devuser/aetherstream/pkg/api/security.go:278.45,280.20 2 1
github.com/devuser/aetherstream/pkg/api/security.go:280.20,282.3 1 1
github.com/devuser/aetherstream/pkg/api/security.go:286.43,288.20 2 1
github.com/devuser/aetherstream/pkg/api/security.go:288.20,290.3 1 1
github.com/devuser/aetherstream/pkg/api/security.go:294.42,299.2 1 1
github.com/devuser/aetherstream/pkg/api/security.go:308.86,309.54 1 1
github.com/devuser/aetherstream/pkg/api/security.go:309.54,310.37 1 1
github.com/devuser/aetherstream/pkg/api/security.go:310.37,313.21 2 1
github.com/devuser/aetherstream/pkg/api/security.go:313.21,315.5 1 1
github.com/devuser/aetherstream/pkg/api/security.go:317.4,322.23 4 1
github.com/devuser/aetherstream/pkg/api/security.go:322.23,324.5 1 1
github.com/devuser/aetherstream/pkg/api/security.go:326.4,327.18 2 1
github.com/devuser/aetherstream/pkg/api/security.go:327.18,332.5 3 0
github.com/devuser/aetherstream/pkg/api/security.go:334.4,334.54 1 1
github.com/devuser/aetherstream/pkg/api/security.go:334.54,336.5 1 0
github.com/devuser/aetherstream/pkg/api/security.go:338.4,343.18 4 1
github.com/devuser/aetherstream/pkg/api/security.go:364.70,372.2 3 1
github.com/devuser/aetherstream/pkg/api/security.go:374.48,380.9 5 1
github.com/devuser/aetherstream/pkg/api/security.go:380.9,388.3 2 1
github.com/devuser/aetherstream/pkg/api/security.go:390.2,393.27 4 1
github.com/devuser/aetherstream/pkg/api/security.go:393.27,395.3 1 0
github.com/devuser/aetherstream/pkg/api/security.go:397.2,397.18 1 1
github.com/devuser/aetherstream/pkg/api/security.go:397.18,399.3 1 1
github.com/devuser/aetherstream/pkg/api/security.go:400.2,401.13 2 1
github.com/devuser/aetherstream/pkg/api/security.go:404.36,406.21 2 1
github.com/devuser/aetherstream/pkg/api/security.go:406.21,409.33 3 0
github.com/devuser/aetherstream/pkg/api/security.go:409.33,410.44 1 0
github.com/devuser/aetherstream/pkg/api/security.go:410.44,412.5 1 0
github.com/devuser/aetherstream/pkg/api/security.go:414.3,414.17 1 0
github.com/devuser/aetherstream/pkg/api/security.go:419.60,421.54 2 1
github.com/devuser/aetherstream/pkg/api/security.go:421.54,422.37 1 1
github.com/devuser/aetherstream/pkg/api/security.go:422.37,424.26 2 1
github.com/devuser/aetherstream/pkg/api/security.go:424.26,426.5 1 1
github.com/devuser/aetherstream/pkg/api/security.go:427.4,427.18 1 1
github.com/devuser/aetherstream/pkg/api/security.go:438.62,439.54 1 0
github.com/devuser/aetherstream/pkg/api/security.go:439.54,440.37 1 0
github.com/devuser/aetherstream/pkg/api/security.go:440.37,444.20 4 0
github.com/devuser/aetherstream/pkg/api/security.go:444.20,446.5 1 0
github.com/devuser/aetherstream/pkg/api/security.go:447.4,452.36 6 0
github.com/devuser/aetherstream/pkg/api/security.go:452.36,453.84 1 0
github.com/devuser/aetherstream/pkg/api/security.go:453.84,456.6 2 0
github.com/devuser/aetherstream/pkg/api/security.go:458.4,459.19 2 0
github.com/devuser/aetherstream/pkg/api/security.go:459.19,461.5 1 0
github.com/devuser/aetherstream/pkg/api/security.go:462.4,464.14 3 0
github.com/devuser/aetherstream/pkg/api/security.go:472.34,474.19 2 0
github.com/devuser/aetherstream/pkg/api/security.go:474.19,476.3 1 0
github.com/devuser/aetherstream/pkg/api/security.go:477.2,486.37 2 0
github.com/devuser/aetherstream/pkg/api/security.go:486.37,488.45 2 0
github.com/devuser/aetherstream/pkg/api/security.go:488.45,490.4 1 0
github.com/devuser/aetherstream/pkg/api/security.go:492.2,492.14 1 0
github.com/devuser/aetherstream/pkg/api/security.go:499.61,501.23 2 1
github.com/devuser/aetherstream/pkg/api/security.go:501.23,503.3 1 1
github.com/devuser/aetherstream/pkg/api/security.go:504.2,511.4 1 1
github.com/devuser/aetherstream/pkg/api/security.go:517.74,518.20 1 0
github.com/devuser/aetherstream/pkg/api/security.go:518.20,520.3 1 0
github.com/devuser/aetherstream/pkg/api/security.go:521.2,525.3 1 0
